#
# A fatal error has been detected by the Java Runtime Environment:
#
#  SIGSEGV (0xb) at pc=0xb6e658aa, pid=6085, tid=2271746880
#
# JRE version: Java(TM) SE Runtime Environment (8.0_91-b14) (build 1.8.0_91-b14)
# Java VM: Java HotSpot(TM) Server VM (25.91-b14 mixed mode linux-x86 )
# Problematic frame:
# V  [libjvm.so+0x7b48aa]  oopDesc* PSPromotionManager::copy_to_survivor_space<false>(oopDesc*)+0x3ea
#
# Failed to write core dump. Core dumps have been disabled. To enable core dumping, try "ulimit -c unlimited" before starting Java again
#
# If you would like to submit a bug report, please visit:
#   http://bugreport.java.com/bugreport/crash.jsp
#

---------------  T H R E A D  ---------------

Current thread (0xb6518400):  GCTaskThread [stack: 0x87601000,0x87682000] [id=6089]

siginfo: si_signo: 11 (SIGSEGV), si_code: 1 (SEGV_MAPERR), si_addr: 0x0000008d

Registers:
EAX=0x00000001, EBX=0x87d84be8, ECX=0xb65de380, EDX=0x9d7653b0
ESP=0x87680f30, EBP=0x87680f78, ESI=0xb65de380, EDI=0x87d84cb8
EIP=0xb6e658aa, EFLAGS=0x00010293, CR2=0x0000008d

Top of Stack: (sp=0x87680f30)
0x87680f30:   9d7653b0 b65de380 87d84be8 b65de380
0x87680f40:   85d09858 0000002d 85d02190 0100018c
0x87680f50:   00000034 a0682820 a05e6810 87d846b8
0x87680f60:   00000400 a0b86812 a05e6f08 a06804b0
0x87680f70:   5f980047 b65de380 87680fe8 b6e64e41
0x87680f80:   b65de380 9d7653a4 5f980047 5f980047
0x87680f90:   b6519140 ffffffff 87680fe8 b6b76d22
0x87680fa0:   85d02190 00bb0d36 87680fe8 b65de3cc 

Instructions: (pc=0xb6e658aa)
0xb6e6588a:   10 e9 eb fc ff ff 8b 53 04 8b 42 04 3d ff ff ff
0xb6e6589a:   bf 0f 87 da fc ff ff 56 8b 4d 08 8b 02 53 51 52
0xb6e658aa:   ff 90 8c 00 00 00 83 c4 10 e9 c3 fc ff ff 89 43
0xb6e658ba:   18 8b 43 28 89 ca c1 ea 09 8b 40 3c 8d 14 10 89 

Register to memory mapping:

EAX=0x00000001 is an unknown value
EBX=0x87d84be8 is an oop

[error occurred during error reporting (printing register info), id 0xb]

Stack: [0x87601000,0x87682000],  sp=0x87680f30,  free space=511k
Native frames: (J=compiled Java code, j=interpreted, Vv=VM code, C=native code)
V  [libjvm.so+0x7b48aa]  oopDesc* PSPromotionManager::copy_to_survivor_space<false>(oopDesc*)+0x3ea
V  [libjvm.so+0x7b3e41]  PSPromotionManager::drain_stacks_depth(bool)+0x661
V  [libjvm.so+0x2a0b6b]  CardTableExtension::scavenge_contents_parallel(ObjectStartArray*, MutableSpace*, HeapWord*, PSPromotionManager*, unsigned int, unsigned int)+0x75b
V  [libjvm.so+0x7b711f]  OldToYoungRootsTask::do_it(GCTaskManager*, unsigned int)+0x3f
V  [libjvm.so+0x462ba6]  GCTaskThread::run()+0x106
V  [libjvm.so+0x755d19]  java_start(Thread*)+0x119
C  [libpthread.so.0+0x6386]  start_thread+0xd6


---------------  P R O C E S S  ---------------

Java Threads: ( => current thread )
  0x85a38c00 JavaThread "Service Thread" daemon [_thread_blocked, id=6102, stack(0x8558a000,0x855db000)]
  0x85a35c00 JavaThread "C1 CompilerThread1" daemon [_thread_blocked, id=6101, stack(0x855db000,0x8565c000)]
  0x85a33c00 JavaThread "C2 CompilerThread0" daemon [_thread_blocked, id=6100, stack(0x8565c000,0x856dd000)]
  0x85a32400 JavaThread "Signal Dispatcher" daemon [_thread_blocked, id=6099, stack(0x856dd000,0x8572e000)]
  0x85a17c00 JavaThread "Finalizer" daemon [_thread_blocked, id=6092, stack(0x8592e000,0x8597f000)]
  0x85a15000 JavaThread "Reference Handler" daemon [_thread_blocked, id=6091, stack(0x87405000,0x87456000)]
  0xb650d800 JavaThread "main" [_thread_blocked, id=6087, stack(0xb6613000,0xb6664000)]

Other Threads:
  0x85a10800 VMThread [stack: 0x8597f000,0x85a00000] [id=6090]
  0x85a3b000 WatcherThread [stack: 0x85509000,0x8558a000] [id=6103]

=>0xb6518400 (exited) GCTaskThread [stack: 0x87601000,0x87682000] [id=6089]

VM state:at safepoint (normal execution)

VM Mutex/Monitor currently owned by a thread:  ([mutex/lock_event])
[0xb650c428] Threads_lock - owner thread: 0x85a10800
[0xb650c838] Heap_lock - owner thread: 0xb650d800

Heap:
 PSYoungGen      total 67328K, used 61560K [0x9c800000, 0xa1180000, 0xa7000000)
  eden space 63232K, 90% used [0x9c800000,0xa0021cc0,0xa05c0000)
  from space 4096K, 99% used [0xa0b00000,0xa0efc730,0xa0f00000)
  to   space 5376K, 53% used [0xa05c0000,0xa088a840,0xa0b00000)
 ParOldGen       total 22016K, used 6091K [0x87800000, 0x88d80000, 0x9c800000)
  object space 22016K, 27% used [0x87800000,0x87df2eb8,0x88d80000)
 Metaspace       used 15883K, capacity 16377K, committed 16384K, reserved 16688K

Card table byte_map: [0x87703000,0x87800000] byte_map_base: 0x872c7000

Marking Bits: (ParMarkBitMap*) 0xb70b4bc0
 Begin Bits: [0x86340000, 0x86b20000)
 End Bits:   [0x86b20000, 0x87300000)

Polling page: 0xb76df000

CodeCache: size=245760Kb used=4896Kb max_used=4900Kb free=240863Kb
 bounds [0xa748c000, 0xa795c000, 0xb648c000]
 total_blobs=2090 nmethods=1901 adapters=104
 compilation: enabled

Compilation events (10 events):
Event: 7,004 Thread 0x85a33c00 1899       4       java.util.LinkedHashMap$LinkedHashIterator::hasNext (13 bytes)
Event: 7,005 Thread 0x85a33c00 nmethod 1899 0xa786ef08 code [0xa786f000, 0xa786f050]
Event: 7,006 Thread 0x85a35c00 nmethod 1898 0xa7955508 code [0xa7955640, 0xa795596c]
Event: 7,009 Thread 0x85a35c00 1900       3       java.beans.Introspector::addMethod (196 bytes)
Event: 7,011 Thread 0x85a35c00 nmethod 1900 0xa7954408 code [0xa7954600, 0xa7954fec]
Event: 7,011 Thread 0x85a35c00 1901       3       java.beans.FeatureDescriptor::<init> (5 bytes)
Event: 7,012 Thread 0x85a35c00 nmethod 1901 0xa7954148 code [0xa7954260, 0xa7954380]
Event: 7,012 Thread 0x85a35c00 1902       3       java.beans.FeatureDescriptor::setName (6 bytes)
Event: 7,012 Thread 0x85a35c00 nmethod 1902 0xa7953ec8 code [0xa7953fe0, 0xa79540c0]
Event: 7,013 Thread 0x85a35c00 1903  s!   3       java.beans.PropertyDescriptor::getReadMethod (175 bytes)

GC Heap History (10 events):
Event: 2,263 GC heap after
Heap after GC invocations=4 (full 0):
 PSYoungGen      total 17664K, used 1269K [0x9c800000, 0x9da80000, 0xa7000000)
  eden space 16384K, 0% used [0x9c800000,0x9c800000,0x9d800000)
  from space 1280K, 99% used [0x9d940000,0x9da7d698,0x9da80000)
  to   space 1280K, 0% used [0x9d800000,0x9d800000,0x9d940000)
 ParOldGen       total 22016K, used 1600K [0x87800000, 0x88d80000, 0x9c800000)
  object space 22016K, 7% used [0x87800000,0x87990170,0x88d80000)
 Metaspace       used 5352K, capacity 5564K, committed 5680K, reserved 6448K
}
Event: 2,690 GC heap before
{Heap before GC invocations=5 (full 0):
 PSYoungGen      total 17664K, used 17653K [0x9c800000, 0x9da80000, 0xa7000000)
  eden space 16384K, 100% used [0x9c800000,0x9d800000,0x9d800000)
  from space 1280K, 99% used [0x9d940000,0x9da7d698,0x9da80000)
  to   space 1280K, 0% used [0x9d800000,0x9d800000,0x9d940000)
 ParOldGen       total 22016K, used 1600K [0x87800000, 0x88d80000, 0x9c800000)
  object space 22016K, 7% used [0x87800000,0x87990170,0x88d80000)
 Metaspace       used 6176K, capacity 6399K, committed 6448K, reserved 6448K
Event: 2,699 GC heap after
Heap after GC invocations=5 (full 0):
 PSYoungGen      total 17664K, used 1278K [0x9c800000, 0x9ed00000, 0xa7000000)
  eden space 16384K, 0% used [0x9c800000,0x9c800000,0x9d800000)
  from space 1280K, 99% used [0x9d800000,0x9d93fa78,0x9d940000)
  to   space 2560K, 0% used [0x9ea80000,0x9ea80000,0x9ed00000)
 ParOldGen       total 22016K, used 2604K [0x87800000, 0x88d80000, 0x9c800000)
  object space 22016K, 11% used [0x87800000,0x87a8b1e0,0x88d80000)
 Metaspace       used 6176K, capacity 6399K, committed 6448K, reserved 6448K
}
Event: 3,222 GC heap before
{Heap before GC invocations=6 (full 0):
 PSYoungGen      total 17664K, used 17662K [0x9c800000, 0x9ed00000, 0xa7000000)
  eden space 16384K, 100% used [0x9c800000,0x9d800000,0x9d800000)
  from space 1280K, 99% used [0x9d800000,0x9d93fa78,0x9d940000)
  to   space 2560K, 0% used [0x9ea80000,0x9ea80000,0x9ed00000)
 ParOldGen       total 22016K, used 2604K [0x87800000, 0x88d80000, 0x9c800000)
  object space 22016K, 11% used [0x87800000,0x87a8b1e0,0x88d80000)
 Metaspace       used 7553K, capacity 7833K, committed 7856K, reserved 8496K
Event: 3,242 GC heap after
Heap after GC invocations=6 (full 0):
 PSYoungGen      total 34816K, used 2557K [0x9c800000, 0x9ee00000, 0xa7000000)
  eden space 32256K, 0% used [0x9c800000,0x9c800000,0x9e780000)
  from space 2560K, 99% used [0x9ea80000,0x9ecff650,0x9ed00000)
  to   space 3072K, 0% used [0x9e780000,0x9e780000,0x9ea80000)
 ParOldGen       total 22016K, used 2825K [0x87800000, 0x88d80000, 0x9c800000)
  object space 22016K, 12% used [0x87800000,0x87ac2438,0x88d80000)
 Metaspace       used 7553K, capacity 7833K, committed 7856K, reserved 8496K
}
Event: 4,037 GC heap before
{Heap before GC invocations=7 (full 0):
 PSYoungGen      total 34816K, used 34813K [0x9c800000, 0x9ee00000, 0xa7000000)
  eden space 32256K, 100% used [0x9c800000,0x9e780000,0x9e780000)
  from space 2560K, 99% used [0x9ea80000,0x9ecff650,0x9ed00000)
  to   space 3072K, 0% used [0x9e780000,0x9e780000,0x9ea80000)
 ParOldGen       total 22016K, used 2825K [0x87800000, 0x88d80000, 0x9c800000)
  object space 22016K, 12% used [0x87800000,0x87ac2438,0x88d80000)
 Metaspace       used 9275K, capacity 9640K, committed 9648K, reserved 10544K
Event: 4,057 GC heap after
Heap after GC invocations=7 (full 0):
 PSYoungGen      total 35328K, used 3060K [0x9c800000, 0xa0f00000, 0xa7000000)
  eden space 32256K, 0% used [0x9c800000,0x9c800000,0x9e780000)
  from space 3072K, 99% used [0x9e780000,0x9ea7d200,0x9ea80000)
  to   space 4096K, 0% used [0xa0b00000,0xa0b00000,0xa0f00000)
 ParOldGen       total 22016K, used 4250K [0x87800000, 0x88d80000, 0x9c800000)
  object space 22016K, 19% used [0x87800000,0x87c26a20,0x88d80000)
 Metaspace       used 9275K, capacity 9640K, committed 9648K, reserved 10544K
}
Event: 4,962 GC heap before
{Heap before GC invocations=8 (full 0):
 PSYoungGen      total 35328K, used 35316K [0x9c800000, 0xa0f00000, 0xa7000000)
  eden space 32256K, 100% used [0x9c800000,0x9e780000,0x9e780000)
  from space 3072K, 99% used [0x9e780000,0x9ea7d200,0x9ea80000)
  to   space 4096K, 0% used [0xa0b00000,0xa0b00000,0xa0f00000)
 ParOldGen       total 22016K, used 4250K [0x87800000, 0x88d80000, 0x9c800000)
  object space 22016K, 19% used [0x87800000,0x87c26a20,0x88d80000)
 Metaspace       used 11646K, capacity 12080K, committed 12208K, reserved 12592K
Event: 4,991 GC heap after
Heap after GC invocations=8 (full 0):
 PSYoungGen      total 67328K, used 4081K [0x9c800000, 0xa1180000, 0xa7000000)
  eden space 63232K, 0% used [0x9c800000,0x9c800000,0xa05c0000)
  from space 4096K, 99% used [0xa0b00000,0xa0efc730,0xa0f00000)
  to   space 5376K, 0% used [0xa05c0000,0xa05c0000,0xa0b00000)
 ParOldGen       total 22016K, used 5501K [0x87800000, 0x88d80000, 0x9c800000)
  object space 22016K, 24% used [0x87800000,0x87d5f6b8,0x88d80000)
 Metaspace       used 11646K, capacity 12080K, committed 12208K, reserved 12592K
}
Event: 7,016 GC heap before
{Heap before GC invocations=9 (full 0):
 PSYoungGen      total 67328K, used 61560K [0x9c800000, 0xa1180000, 0xa7000000)
  eden space 63232K, 90% used [0x9c800000,0xa0021cc0,0xa05c0000)
  from space 4096K, 99% used [0xa0b00000,0xa0efc730,0xa0f00000)
  to   space 5376K, 0% used [0xa05c0000,0xa05c0000,0xa0b00000)
 ParOldGen       total 22016K, used 5501K [0x87800000, 0x88d80000, 0x9c800000)
  object space 22016K, 24% used [0x87800000,0x87d5f6b8,0x88d80000)
 Metaspace       used 15883K, capacity 16377K, committed 16384K, reserved 16688K

Deoptimization events (10 events):
Event: 2,429 Thread 0xb650d800 Uncommon trap: reason=unstable_if action=reinterpret pc=0xa76aa0bc method=java.util.HashMap.getNode(ILjava/lang/Object;)Ljava/util/HashMap$Node; @ 129
Event: 2,429 Thread 0xb650d800 Uncommon trap: reason=unstable_if action=reinterpret pc=0xa76b21b8 method=java.util.HashMap.getNode(ILjava/lang/Object;)Ljava/util/HashMap$Node; @ 129
Event: 3,858 Thread 0x84baf400 Uncommon trap: reason=bimorphic action=maybe_recompile pc=0xa770a414 method=java.util.HashMap.putVal(ILjava/lang/Object;Ljava/lang/Object;ZZ)Ljava/lang/Object; @ 203
Event: 3,880 Thread 0x84baf400 Uncommon trap: reason=bimorphic action=maybe_recompile pc=0xa770a414 method=java.util.HashMap.putVal(ILjava/lang/Object;Ljava/lang/Object;ZZ)Ljava/lang/Object; @ 203
Event: 3,883 Thread 0x84baf400 Uncommon trap: reason=bimorphic action=maybe_recompile pc=0xa770a414 method=java.util.HashMap.putVal(ILjava/lang/Object;Ljava/lang/Object;ZZ)Ljava/lang/Object; @ 203
Event: 3,936 Thread 0xb650d800 Uncommon trap: reason=unstable_if action=reinterpret pc=0xa7780590 method=java.util.concurrent.ConcurrentHashMap.addCount(JI)V @ 168
Event: 4,384 Thread 0xb650d800 Uncommon trap: reason=unstable_if action=reinterpret pc=0xa77d9e0c method=org.springframework.boot.context.properties.source.ConfigurationPropertyName.elementEquals(Ljava/lang/CharSequence;Ljava/lang/CharSequence;)Z @ 75
Event: 5,317 Thread 0xb650d800 Uncommon trap: reason=unstable_if action=reinterpret pc=0xa77a5d1c method=java.lang.ThreadLocal$ThreadLocalMap.getEntry(Ljava/lang/ThreadLocal;)Ljava/lang/ThreadLocal$ThreadLocalMap$Entry; @ 29
Event: 5,378 Thread 0x84baf400 Uncommon trap: reason=unstable_if action=reinterpret pc=0xa77b98e4 method=jdk.internal.org.objectweb.asm.Type.getArgumentsAndReturnSizes(Ljava/lang/String;)I @ 47
Event: 6,792 Thread 0xb650d800 Uncommon trap: reason=bimorphic action=maybe_recompile pc=0xa770a414 method=java.util.HashMap.putVal(ILjava/lang/Object;Ljava/lang/Object;ZZ)Ljava/lang/Object; @ 203

Internal exceptions (10 events):
Event: 7,001 Thread 0xb650d800 Exception <a 'java/lang/ClassNotFoundException': org/springframework/core/PriorityOrderedCustomizer> (0x9fe68c60) thrown at [/HUDSON/workspace/8-2-build-linux-i586/jdk8u91/6644/hotspot/src/share/vm/classfile/systemDictionary.cpp, line 210]
Event: 7,002 Thread 0xb650d800 Exception <a 'java/lang/ClassNotFoundException': org/springframework/beans/factory/BeanFactoryAwareCustomizer> (0x9fe8a498) thrown at [/HUDSON/workspace/8-2-build-linux-i586/jdk8u91/6644/hotspot/src/share/vm/classfile/systemDictionary.cpp, line 210]
Event: 7,003 Thread 0xb650d800 Exception <a 'java/lang/ClassNotFoundException': org/springframework/beans/factory/config/SmartInstantiationAwareBeanPostProcessorCustomizer> (0x9feb9de8) thrown at [/HUDSON/workspace/8-2-build-linux-i586/jdk8u91/6644/hotspot/src/share/vm/classfile/system
Event: 7,006 Thread 0xb650d800 Exception <a 'java/lang/ClassNotFoundException': java/lang/ObjectCustomizer> (0x9fed3058) thrown at [/HUDSON/workspace/8-2-build-linux-i586/jdk8u91/6644/hotspot/src/share/vm/classfile/systemDictionary.cpp, line 210]
Event: 7,007 Thread 0xb650d800 Exception <a 'java/lang/ClassNotFoundException': org/springframework/beans/factory/config/InstantiationAwareBeanPostProcessorAdapterCustomizer> (0x9ff05418) thrown at [/HUDSON/workspace/8-2-build-linux-i586/jdk8u91/6644/hotspot/src/share/vm/classfile/syst
Event: 7,009 Thread 0xb650d800 Exception <a 'java/lang/ClassNotFoundException': org/springframework/beans/factory/annotation/RequiredAnnotationBeanPostProcessorCustomizer> (0x9ff39a30) thrown at [/HUDSON/workspace/8-2-build-linux-i586/jdk8u91/6644/hotspot/src/share/vm/classfile/systemD
Event: 7,011 Thread 0xb650d800 Exception <a 'java/lang/ClassNotFoundException': org/springframework/beans/factory/support/MergedBeanDefinitionPostProcessorCustomizer> (0x9ff724b0) thrown at [/HUDSON/workspace/8-2-build-linux-i586/jdk8u91/6644/hotspot/src/share/vm/classfile/systemDictio
Event: 7,012 Thread 0xb650d800 Exception <a 'java/lang/ClassNotFoundException': org/springframework/core/PriorityOrderedCustomizer> (0x9ff90ff8) thrown at [/HUDSON/workspace/8-2-build-linux-i586/jdk8u91/6644/hotspot/src/share/vm/classfile/systemDictionary.cpp, line 210]
Event: 7,013 Thread 0xb650d800 Exception <a 'java/lang/ClassNotFoundException': org/springframework/beans/factory/BeanFactoryAwareCustomizer> (0x9ffb2830) thrown at [/HUDSON/workspace/8-2-build-linux-i586/jdk8u91/6644/hotspot/src/share/vm/classfile/systemDictionary.cpp, line 210]
Event: 7,014 Thread 0xb650d800 Exception <a 'java/lang/ClassNotFoundException': org/springframework/beans/factory/config/SmartInstantiationAwareBeanPostProcessorCustomizer> (0x9ffe2090) thrown at [/HUDSON/workspace/8-2-build-linux-i586/jdk8u91/6644/hotspot/src/share/vm/classfile/system

Events (10 events):
Event: 7,013 loading class org/springframework/beans/factory/BeanFactoryAwareCustomizer
Event: 7,013 loading class org/springframework/beans/factory/BeanFactoryAwareCustomizer done
Event: 7,013 loading class org/springframework/beans/factory/config/SmartInstantiationAwareBeanPostProcessorCustomizer
Event: 7,013 loading class org/springframework/beans/factory/config/SmartInstantiationAwareBeanPostProcessorCustomizer done
Event: 7,014 loading class org/springframework/beans/factory/config/SmartInstantiationAwareBeanPostProcessorCustomizer
Event: 7,014 loading class org/springframework/beans/factory/config/SmartInstantiationAwareBeanPostProcessorCustomizer done
Event: 7,014 loading class org/springframework/beans/factory/config/SmartInstantiationAwareBeanPostProcessorCustomizer
Event: 7,014 loading class org/springframework/beans/factory/config/SmartInstantiationAwareBeanPostProcessorCustomizer done
Event: 7,015 loading class javax/xml/ws/WebServiceRef
Event: 7,015 Executing VM operation: CollectForMetadataAllocation


Dynamic libraries:
08048000-08049000 r-xp 00000000 08:06 26871445   /home/dzialoszynski/progs/eclipse-oxygen/jre1.8.0_91/bin/java
08049000-0804a000 rw-p 00000000 08:06 26871445   /home/dzialoszynski/progs/eclipse-oxygen/jre1.8.0_91/bin/java
084ad000-08be3000 rw-p 00000000 00:00 0          [heap]
836ae000-839b4000 rw-p 00000000 00:00 0 
839b4000-83a00000 ---p 00000000 00:00 0 
83a00000-83b00000 rw-p 00000000 00:00 0 
83b00000-83c00000 rw-p 00000000 00:00 0 
83c00000-83ca0000 rw-p 00000000 00:00 0 
83ca0000-83d00000 ---p 00000000 00:00 0 
83d00000-83e00000 rw-p 00000000 00:00 0 
83e00000-83e9c000 rw-p 00000000 00:00 0 
83e9c000-83f00000 ---p 00000000 00:00 0 
83f51000-84051000 rw-p 00000000 00:00 0 
84051000-84151000 rw-p 00000000 00:00 0 
84151000-84251000 rw-p 00000000 00:00 0 
84251000-84351000 rw-p 00000000 00:00 0 
84351000-843e6000 r--s 01103000 08:06 4457349    /home/dzialoszynski/progs/eclipse-oxygen/jre1.8.0_91/lib/ext/jfxrt.jar
843e6000-843fc000 r-xp 00000000 08:01 1065257    /usr/lib/libresolv-2.20.so
843fc000-843fd000 r--p 00015000 08:01 1065257    /usr/lib/libresolv-2.20.so
843fd000-843fe000 rw-p 00016000 08:01 1065257    /usr/lib/libresolv-2.20.so
843fe000-84500000 rw-p 00000000 00:00 0 
84500000-84600000 rw-p 00000000 00:00 0 
84600000-846fd000 rw-p 00000000 00:00 0 
846fd000-84700000 ---p 00000000 00:00 0 
8470f000-84711000 r-xp 00000000 08:01 1065426    /usr/lib/libnss_mdns4.so.2
84711000-84712000 r--p 00001000 08:01 1065426    /usr/lib/libnss_mdns4.so.2
84712000-84713000 rw-p 00002000 08:01 1065426    /usr/lib/libnss_mdns4.so.2
84713000-8472b000 r-xp 00000000 08:01 1059482    /usr/lib/libnsl-2.20.so
8472b000-8472c000 r--p 00017000 08:01 1059482    /usr/lib/libnsl-2.20.so
8472c000-8472d000 rw-p 00018000 08:01 1059482    /usr/lib/libnsl-2.20.so
8472d000-8472f000 rw-p 00000000 00:00 0 
8472f000-8473a000 r-xp 00000000 08:01 1065251    /usr/lib/libnss_nis-2.20.so
8473a000-8473b000 r--p 0000a000 08:01 1065251    /usr/lib/libnss_nis-2.20.so
8473b000-8473c000 rw-p 0000b000 08:01 1065251    /usr/lib/libnss_nis-2.20.so
84745000-84754000 r-xp 00000000 08:06 4457478    /home/dzialoszynski/progs/eclipse-oxygen/jre1.8.0_91/lib/i386/libnio.so
84754000-84755000 rw-p 0000e000 08:06 4457478    /home/dzialoszynski/progs/eclipse-oxygen/jre1.8.0_91/lib/i386/libnio.so
84755000-8475d000 r-xp 00000000 08:06 4457469    /home/dzialoszynski/progs/eclipse-oxygen/jre1.8.0_91/lib/i386/libmanagement.so
8475d000-8475e000 rw-p 00007000 08:06 4457469    /home/dzialoszynski/progs/eclipse-oxygen/jre1.8.0_91/lib/i386/libmanagement.so
8475e000-84761000 ---p 00000000 00:00 0 
84761000-847af000 rw-p 00000000 00:00 0 
847af000-847b2000 ---p 00000000 00:00 0 
847b2000-84900000 rw-p 00000000 00:00 0 
84900000-849fd000 rw-p 00000000 00:00 0 
849fd000-84a00000 ---p 00000000 00:00 0 
84a00000-84b00000 rw-p 00000000 00:00 0 
84b00000-84bff000 rw-p 00000000 00:00 0 
84bff000-84c00000 ---p 00000000 00:00 0 
84c00000-84d00000 rw-p 00000000 00:00 0 
84d01000-84d03000 rw-p 00000000 00:00 0 
84d03000-84d08000 r-xp 00000000 08:01 1064331    /usr/lib/libnss_dns-2.20.so
84d08000-84d09000 r--p 00004000 08:01 1064331    /usr/lib/libnss_dns-2.20.so
84d09000-84d0a000 rw-p 00005000 08:01 1064331    /usr/lib/libnss_dns-2.20.so
84d0a000-84d16000 r-xp 00000000 08:01 1070850    /usr/lib/libnss_files-2.20.so
84d16000-84d17000 r--p 0000b000 08:01 1070850    /usr/lib/libnss_files-2.20.so
84d17000-84d18000 rw-p 0000c000 08:01 1070850    /usr/lib/libnss_files-2.20.so
84d18000-84d1a000 r-xp 00000000 08:01 1065427    /usr/lib/libnss_mdns4_minimal.so.2
84d1a000-84d1b000 r--p 00001000 08:01 1065427    /usr/lib/libnss_mdns4_minimal.so.2
84d1b000-84d1c000 rw-p 00002000 08:01 1065427    /usr/lib/libnss_mdns4_minimal.so.2
84d1c000-84d31000 r-xp 00000000 08:06 4457449    /home/dzialoszynski/progs/eclipse-oxygen/jre1.8.0_91/lib/i386/libnet.so
84d31000-84d32000 rw-p 00015000 08:06 4457449    /home/dzialoszynski/progs/eclipse-oxygen/jre1.8.0_91/lib/i386/libnet.so
84d32000-84d3c000 r--s 00116000 08:06 4457347    /home/dzialoszynski/progs/eclipse-oxygen/jre1.8.0_91/lib/ext/localedata.jar
84d3c000-84d3d000 r-xp 00000000 08:01 1048912    /usr/lib/gconv/ISO8859-1.so
84d3d000-84d3e000 r--p 00001000 08:01 1048912    /usr/lib/gconv/ISO8859-1.so
84d3e000-84d3f000 rw-p 00002000 08:01 1048912    /usr/lib/gconv/ISO8859-1.so
84d3f000-84d46000 r--s 00000000 08:01 1070931    /usr/lib/gconv/gconv-modules.cache
84d46000-84d6c000 r--p 00000000 08:01 1048978    /usr/share/locale/fr/LC_MESSAGES/libc.mo
84d6c000-84d6e000 r--s 00004000 08:06 21236629   /home/dzialoszynski/.m2/repository/org/springframework/spring-jcl/5.0.9.RELEASE/spring-jcl-5.0.9.RELEASE.jar
84d6e000-84d86000 r--s 00114000 08:06 21236627   /home/dzialoszynski/.m2/repository/org/springframework/spring-core/5.0.9.RELEASE/spring-core-5.0.9.RELEASE.jar
84d86000-84d8d000 r--s 00042000 08:06 21236135   /home/dzialoszynski/.m2/repository/org/yaml/snakeyaml/1.19/snakeyaml-1.19.jar
84d8d000-84d8f000 r--s 00005000 08:06 21365658   /home/dzialoszynski/.m2/repository/javax/annotation/javax.annotation-api/1.3.2/javax.annotation-api-1.3.2.jar
84d8f000-84d91000 r--s 00000000 08:06 21236131   /home/dzialoszynski/.m2/repository/org/slf4j/jul-to-slf4j/1.7.25/jul-to-slf4j-1.7.25.jar
84d91000-84d97000 r--s 00039000 08:06 21236129   /home/dzialoszynski/.m2/repository/org/apache/logging/log4j/log4j-api/2.10.0/log4j-api-2.10.0.jar
84d97000-84d99000 r--s 00003000 08:06 21236127   /home/dzialoszynski/.m2/repository/org/apache/logging/log4j/log4j-to-slf4j/2.10.0/log4j-to-slf4j-2.10.0.jar
84d99000-84da4000 r--s 00069000 08:06 21236123   /home/dzialoszynski/.m2/repository/ch/qos/logback/logback-core/1.2.3/logback-core-1.2.3.jar
84da4000-84daa000 r--s 00041000 08:06 21236121   /home/dzialoszynski/.m2/repository/ch/qos/logback/logback-classic/1.2.3/logback-classic-1.2.3.jar
84daa000-84dab000 r--s 00000000 08:06 21236573   /home/dzialoszynski/.m2/repository/org/springframework/boot/spring-boot-starter-logging/2.0.5.RELEASE/spring-boot-starter-logging-2.0.5.RELEASE.jar
84dab000-84dcc000 r--s 000fe000 08:06 21236696   /home/dzialoszynski/.m2/repository/org/springframework/boot/spring-boot-autoconfigure/2.0.5.RELEASE/spring-boot-autoconfigure-2.0.5.RELEASE.jar
84dcc000-84de6000 r--s 000f1000 08:06 21236997   /home/dzialoszynski/.m2/repository/org/springframework/spring-context/5.0.9.RELEASE/spring-context-5.0.9.RELEASE.jar
84de6000-84dfb000 r--s 000d0000 08:06 21236568   /home/dzialoszynski/.m2/repository/org/springframework/boot/spring-boot/2.0.5.RELEASE/spring-boot-2.0.5.RELEASE.jar
84dfb000-84dfc000 r--s 00000000 08:06 21236567   /home/dzialoszynski/.m2/repository/org/springframework/boot/spring-boot-starter/2.0.5.RELEASE/spring-boot-starter-2.0.5.RELEASE.jar
84dfc000-84dfe000 r--s 00009000 08:06 21236125   /home/dzialoszynski/.m2/repository/org/slf4j/slf4j-api/1.7.25/slf4j-api-1.7.25.jar
84dfe000-84e00000 r--s 00003000 08:06 21365862   /home/dzialoszynski/.m2/repository/com/netflix/ribbon/ribbon-eureka/2.2.5/ribbon-eureka-2.2.5.jar
84e00000-84f00000 rw-p 00000000 00:00 0 
84f00000-84ffc000 rw-p 00000000 00:00 0 
84ffc000-85000000 ---p 00000000 00:00 0 
85000000-85019000 r--s 00102000 08:06 21236692   /home/dzialoszynski/.m2/repository/io/reactivex/rxjava/1.3.8/rxjava-1.3.8.jar
85019000-8501b000 r--s 00002000 08:06 21365789   /home/dzialoszynski/.m2/repository/com/netflix/netflix-commons/netflix-statistics/0.1.1/netflix-statistics-0.1.1.jar
8501b000-8501f000 r--s 00024000 08:06 21365860   /home/dzialoszynski/.m2/repository/com/netflix/ribbon/ribbon-loadbalancer/2.2.5/ribbon-loadbalancer-2.2.5.jar
8501f000-85021000 r--s 00001000 08:06 21365858   /home/dzialoszynski/.m2/repository/com/netflix/netflix-commons/netflix-commons-util/0.3.0/netflix-commons-util-0.3.0.jar
85021000-8502e000 r--s 00083000 08:06 20580159   /home/dzialoszynski/.m2/repository/commons-collections/commons-collections/3.2.2/commons-collections-3.2.2.jar
8502e000-85030000 r--s 0000c000 08:06 21365856   /home/dzialoszynski/.m2/repository/com/netflix/ribbon/ribbon-httpclient/2.2.5/ribbon-httpclient-2.2.5.jar
85030000-85034000 r--s 00011000 08:06 21365854   /home/dzialoszynski/.m2/repository/com/netflix/ribbon/ribbon-core/2.2.5/ribbon-core-2.2.5.jar
85034000-85035000 r--s 00007000 08:06 21236683   /home/dzialoszynski/.m2/repository/io/netty/netty-resolver/4.1.29.Final/netty-resolver-4.1.29.Final.jar
85035000-8503e000 r--s 00068000 08:06 21236677   /home/dzialoszynski/.m2/repository/io/netty/netty-transport/4.1.29.Final/netty-transport-4.1.29.Final.jar
8503e000-85040000 r--s 00006000 08:06 21236687   /home/dzialoszynski/.m2/repository/io/netty/netty-transport-native-unix-common/4.1.29.Final/netty-transport-native-unix-common-4.1.29.Final.jar
85040000-85044000 r--s 0003f000 08:06 21236679   /home/dzialoszynski/.m2/repository/io/netty/netty-buffer/4.1.29.Final/netty-buffer-4.1.29.Final.jar
85044000-85051000 r--s 00081000 08:06 21236666   /home/dzialoszynski/.m2/repository/io/netty/netty-common/4.1.29.Final/netty-common-4.1.29.Final.jar
85051000-85054000 r--s 0001a000 08:06 21236681   /home/dzialoszynski/.m2/repository/io/netty/netty-transport-native-epoll/4.1.29.Final/netty-transport-native-epoll-4.1.29.Final.jar
85054000-8505b000 r--s 00047000 08:06 21236659   /home/dzialoszynski/.m2/repository/io/netty/netty-codec/4.1.29.Final/netty-codec-4.1.29.Final.jar
8505b000-85065000 r--s 00080000 08:06 21236674   /home/dzialoszynski/.m2/repository/io/netty/netty-codec-http/4.1.29.Final/netty-codec-http-4.1.29.Final.jar
85065000-8506f000 r--s 00059000 08:06 21236358   /home/dzialoszynski/.m2/repository/io/reactivex/rxnetty/0.4.9/rxnetty-0.4.9.jar
8506f000-8507b000 r--s 00068000 08:06 21365852   /home/dzialoszynski/.m2/repository/com/netflix/hystrix/hystrix-core/1.5.12/hystrix-core-1.5.12.jar
8507b000-8507d000 r--s 00006000 08:06 21236354   /home/dzialoszynski/.m2/repository/io/reactivex/rxnetty-servo/0.4.9/rxnetty-servo-0.4.9.jar
8507d000-85080000 r--s 0000b000 08:06 21236352   /home/dzialoszynski/.m2/repository/io/reactivex/rxnetty-contexts/0.4.9/rxnetty-contexts-0.4.9.jar
85080000-85081000 r--s 00009000 08:06 21365850   /home/dzialoszynski/.m2/repository/com/netflix/ribbon/ribbon-transport/2.2.5/ribbon-transport-2.2.5.jar
85081000-85085000 r--s 00012000 08:06 21365848   /home/dzialoszynski/.m2/repository/com/netflix/ribbon/ribbon/2.2.5/ribbon-2.2.5.jar
85085000-85086000 r--s 00000000 08:06 21236993   /home/dzialoszynski/.m2/repository/org/springframework/cloud/spring-cloud-starter-netflix-ribbon/2.0.1.RELEASE/spring-cloud-starter-netflix-ribbon-2.0.1.RELEASE.jar
85086000-8508b000 r--s 00041000 08:06 22545060   /home/dzialoszynski/.m2/repository/commons-lang/commons-lang/2.6/commons-lang-2.6.jar
8508b000-85092000 r--s 00050000 08:06 20580157   /home/dzialoszynski/.m2/repository/commons-configuration/commons-configuration/1.8/commons-configuration-1.8.jar
85092000-85094000 r--s 00002000 08:06 21236991   /home/dzialoszynski/.m2/repository/org/springframework/cloud/spring-cloud-netflix-archaius/2.0.1.RELEASE/spring-cloud-netflix-archaius-2.0.1.RELEASE.jar
85094000-85098000 r--s 00016000 08:06 21236989   /home/dzialoszynski/.m2/repository/org/springframework/cloud/spring-cloud-netflix-ribbon/2.0.1.RELEASE/spring-cloud-netflix-ribbon-2.0.1.RELEASE.jar
85098000-85099000 r--s 00000000 08:06 21236987   /home/dzialoszynski/.m2/repository/org/springframework/cloud/spring-cloud-starter-netflix-archaius/2.0.1.RELEASE/spring-cloud-starter-netflix-archaius-2.0.1.RELEASE.jar
85099000-8509b000 r--s 00005000 08:06 24381193   /home/dzialoszynski/.m2/repository/xpp3/xpp3_min/1.1.4c/xpp3_min-1.1.4c.jar
8509b000-8509c000 r--s 00001000 08:06 24381191   /home/dzialoszynski/.m2/repository/xmlpull/xmlpull/1.1.3.1/xmlpull-1.1.3.1.jar
8509c000-850aa000 r--s 00082000 08:06 24380015   /home/dzialoszynski/.m2/repository/com/thoughtworks/xstream/xstream/1.4.10/xstream-1.4.10.jar
850aa000-850b0000 r--s 00078000 08:06 7864946    /home/dzialoszynski/.m2/repository/com/fasterxml/woodstox/woodstox-core/5.0.3/woodstox-core-5.0.3.jar
850b0000-850b4000 r--s 00024000 08:06 7864948    /home/dzialoszynski/.m2/repository/org/codehaus/woodstox/stax2-api/3.1.4/stax2-api-3.1.4.jar
850b4000-850b6000 r--s 00007000 08:06 21236672   /home/dzialoszynski/.m2/repository/com/fasterxml/jackson/module/jackson-module-jaxb-annotations/2.9.6/jackson-module-jaxb-annotations-2.9.6.jar
850b6000-850b9000 r--s 00016000 08:06 21237015   /home/dzialoszynski/.m2/repository/com/fasterxml/jackson/dataformat/jackson-dataformat-xml/2.9.6/jackson-dataformat-xml-2.9.6.jar
850b9000-850e4000 r--s 001f5000 08:06 24380013   /home/dzialoszynski/.m2/repository/com/google/guava/guava/16.0/guava-16.0.jar
850e4000-850e6000 r--s 00003000 08:06 21236336   /home/dzialoszynski/.m2/repository/com/google/code/findbugs/jsr305/3.0.1/jsr305-3.0.1.jar
850e6000-850ea000 r--s 0001f000 08:06 21365842   /home/dzialoszynski/.m2/repository/com/netflix/archaius/archaius-core/0.7.6/archaius-core-0.7.6.jar
850ea000-850f0000 r--s 00071000 08:06 7865427    /home/dzialoszynski/.m2/repository/org/codehaus/woodstox/woodstox-core-asl/4.4.1/woodstox-core-asl-4.4.1.jar
850f0000-85100000 r--s 0009d000 08:06 21236322   /home/dzialoszynski/.m2/repository/com/sun/jersey/jersey-server/1.19.1/jersey-server-1.19.1.jar
85100000-85200000 rw-p 00000000 00:00 0 
85200000-85201000 r--s 00000000 08:06 24382143   /home/dzialoszynski/.m2/repository/javax/inject/javax.inject/1/javax.inject-1.jar
85201000-85203000 r--s 00004000 08:06 21236334   /home/dzialoszynski/.m2/repository/javax/xml/stream/stax-api/1.0-2/stax-api-1.0-2.jar
85203000-85208000 r--s 00039000 08:06 21365846   /home/dzialoszynski/.m2/repository/com/netflix/eureka/eureka-core/1.9.3/eureka-core-1.9.3.jar
85208000-8520c000 r--s 0001c000 08:06 21236320   /home/dzialoszynski/.m2/repository/com/sun/jersey/jersey-servlet/1.19.1/jersey-servlet-1.19.1.jar
8520c000-8521f000 r--s 00137000 08:06 21236985   /home/dzialoszynski/.m2/repository/com/fasterxml/jackson/core/jackson-databind/2.9.6/jackson-databind-2.9.6.jar
8521f000-85224000 r--s 0004b000 08:06 21236983   /home/dzialoszynski/.m2/repository/com/fasterxml/jackson/core/jackson-core/2.9.6/jackson-core-2.9.6.jar
85224000-85227000 r--s 0000e000 08:06 21236139   /home/dzialoszynski/.m2/repository/com/fasterxml/jackson/core/jackson-annotations/2.9.0/jackson-annotations-2.9.0.jar
85227000-8522c000 r--s 00024000 08:06 21236981   /home/dzialoszynski/.m2/repository/com/github/andrewoma/dexx/dexx-collections/0.2/dexx-collections-0.2.jar
8522c000-8522d000 r--s 00004000 08:06 21236979   /home/dzialoszynski/.m2/repository/com/github/vlsi/compactmap/compactmap/1.2.1/compactmap-1.2.1.jar
8522d000-8522f000 r--s 00000000 08:06 24382147   /home/dzialoszynski/.m2/repository/aopalliance/aopalliance/1.0/aopalliance-1.0.jar
8522f000-8523d000 r--s 00097000 08:06 21236977   /home/dzialoszynski/.m2/repository/com/google/inject/guice/4.1.0/guice-4.1.0.jar
8523d000-85244000 r--s 0004b000 08:06 22545067   /home/dzialoszynski/.m2/repository/commons-codec/commons-codec/1.11/commons-codec-1.11.jar
85244000-8524b000 r--s 00049000 08:06 21236671   /home/dzialoszynski/.m2/repository/org/apache/httpcomponents/httpcore/4.4.10/httpcore-4.4.10.jar
8524b000-85258000 r--s 000af000 08:06 21236658   /home/dzialoszynski/.m2/repository/org/apache/httpcomponents/httpclient/4.5.6/httpclient-4.5.6.jar
85258000-8525a000 r--s 00003000 08:06 21236312   /home/dzialoszynski/.m2/repository/com/sun/jersey/contribs/jersey-apache-client4/1.19.1/jersey-apache-client4-1.19.1.jar
8525a000-8525d000 r--s 0001e000 08:06 21236310   /home/dzialoszynski/.m2/repository/com/sun/jersey/jersey-client/1.19.1/jersey-client-1.19.1.jar
8525d000-85267000 r--s 00061000 08:06 21236308   /home/dzialoszynski/.m2/repository/com/sun/jersey/jersey-core/1.19.1/jersey-core-1.19.1.jar
85267000-8526c000 r--s 00033000 08:06 21365844   /home/dzialoszynski/.m2/repository/com/netflix/servo/servo-core/0.12.21/servo-core-0.12.21.jar
8526c000-8526e000 r--s 0000a000 08:06 7865425    /home/dzialoszynski/.m2/repository/javax/ws/rs/jsr311-api/1.1.1/jsr311-api-1.1.1.jar
8526e000-85281000 r--s 000df000 08:06 21236975   /home/dzialoszynski/.m2/repository/org/apache/commons/commons-math/2.2/commons-math-2.2.jar
85281000-85286000 r--s 00036000 08:06 21236973   /home/dzialoszynski/.m2/repository/com/google/code/gson/gson/2.8.5/gson-2.8.5.jar
85286000-8528b000 r--s 00068000 08:06 22414141   /home/dzialoszynski/.m2/repository/antlr/antlr/2.7.7/antlr-2.7.7.jar
8528b000-8528e000 r--s 00022000 08:06 21236971   /home/dzialoszynski/.m2/repository/org/antlr/stringtemplate/3.2.1/stringtemplate-3.2.1.jar
8528e000-85292000 r--s 00025000 08:06 21236969   /home/dzialoszynski/.m2/repository/org/antlr/antlr-runtime/3.4/antlr-runtime-3.4.jar
85292000-852a3000 r--s 0008a000 08:06 20580169   /home/dzialoszynski/.m2/repository/joda-time/joda-time/2.9.9/joda-time-2.9.9.jar
852a3000-852a9000 r--s 00044000 08:06 20580167   /home/dzialoszynski/.m2/repository/commons-jxpath/commons-jxpath/1.3/commons-jxpath-1.3.jar
852a9000-852ac000 r--s 00016000 08:06 21365840   /home/dzialoszynski/.m2/repository/com/netflix/netflix-commons/netflix-infix/0.3.0/netflix-infix-0.3.0.jar
852ac000-852ae000 r--s 0000f000 08:06 21365759   /home/dzialoszynski/.m2/repository/com/netflix/netflix-commons/netflix-eventbus/0.3.0/netflix-eventbus-0.3.0.jar
852ae000-852b0000 r--s 00005000 08:06 20580155   /home/dzialoszynski/.m2/repository/stax/stax-api/1.0.1/stax-api-1.0.1.jar
852b0000-852b3000 r--s 00012000 08:06 21236306   /home/dzialoszynski/.m2/repository/org/codehaus/jettison/jettison/1.3.7/jettison-1.3.7.jar
852b3000-852bd000 r--s 00062000 08:06 21365838   /home/dzialoszynski/.m2/repository/com/netflix/eureka/eureka-client/1.9.3/eureka-client-1.9.3.jar
852bd000-852c0000 r--s 00015000 08:06 21236967   /home/dzialoszynski/.m2/repository/org/springframework/cloud/spring-cloud-netflix-eureka-client/2.0.1.RELEASE/spring-cloud-netflix-eureka-client-2.0.1.RELEASE.jar
852c0000-852d9000 r--s 001bf000 08:06 22414125   /home/dzialoszynski/.m2/repository/org/aspectj/aspectjweaver/1.8.13/aspectjweaver-1.8.13.jar
852d9000-852da000 r--s 00000000 08:06 22414272   /home/dzialoszynski/.m2/repository/org/springframework/boot/spring-boot-starter-aop/2.0.5.RELEASE/spring-boot-starter-aop-2.0.5.RELEASE.jar
852da000-852dc000 r--s 00005000 08:06 21236961   /home/dzialoszynski/.m2/repository/org/springframework/cloud/spring-cloud-netflix-core/2.0.1.RELEASE/spring-cloud-netflix-core-2.0.1.RELEASE.jar
852dc000-852e0000 r--s 00028000 08:06 21237013   /home/dzialoszynski/.m2/repository/org/springframework/spring-context-support/5.0.9.RELEASE/spring-context-support-5.0.9.RELEASE.jar
852e0000-852fc000 r--s 00159000 08:06 21236654   /home/dzialoszynski/.m2/repository/org/freemarker/freemarker/2.3.28/freemarker-2.3.28.jar
852fc000-852fe000 r--s 00006000 08:06 21236665   /home/dzialoszynski/.m2/repository/org/latencyutils/LatencyUtils/2.0.3/LatencyUtils-2.0.3.jar
852fe000-85300000 r--s 0001b000 08:06 21236661   /home/dzialoszynski/.m2/repository/org/hdrhistogram/HdrHistogram/2.1.10/HdrHistogram-2.1.10.jar
85300000-85400000 rw-p 00000000 00:00 0 
85400000-85401000 r--s 00000000 08:06 21236663   /home/dzialoszynski/.m2/repository/org/springframework/boot/spring-boot-starter-freemarker/2.0.5.RELEASE/spring-boot-starter-freemarker-2.0.5.RELEASE.jar
85401000-85409000 r--s 0004f000 08:06 21236653   /home/dzialoszynski/.m2/repository/io/micrometer/micrometer-core/1.0.6/micrometer-core-1.0.6.jar
85409000-85417000 r--s 00064000 08:06 21236657   /home/dzialoszynski/.m2/repository/org/springframework/boot/spring-boot-actuator/2.0.5.RELEASE/spring-boot-actuator-2.0.5.RELEASE.jar
85417000-85424000 r--s 00051000 08:06 21236571   /home/dzialoszynski/.m2/repository/org/springframework/boot/spring-boot-actuator-autoconfigure/2.0.5.RELEASE/spring-boot-actuator-autoconfigure-2.0.5.RELEASE.jar
85424000-85425000 r--s 00000000 08:06 21236650   /home/dzialoszynski/.m2/repository/org/springframework/boot/spring-boot-starter-actuator/2.0.5.RELEASE/spring-boot-starter-actuator-2.0.5.RELEASE.jar
85425000-8542a000 r--s 00040000 08:06 21236999   /home/dzialoszynski/.m2/repository/org/springframework/spring-expression/5.0.9.RELEASE/spring-expression-5.0.9.RELEASE.jar
8542a000-85433000 r--s 00051000 08:06 21236963   /home/dzialoszynski/.m2/repository/org/springframework/spring-aop/5.0.9.RELEASE/spring-aop-5.0.9.RELEASE.jar
85433000-85442000 r--s 000b3000 08:06 24380017   /home/dzialoszynski/.m2/repository/org/springframework/spring-webmvc/5.0.9.RELEASE/spring-webmvc-5.0.9.RELEASE.jar
85442000-8544f000 r--s 00095000 08:06 21236965   /home/dzialoszynski/.m2/repository/org/springframework/spring-beans/5.0.9.RELEASE/spring-beans-5.0.9.RELEASE.jar
8544f000-85469000 r--s 0011b000 08:06 21237011   /home/dzialoszynski/.m2/repository/org/springframework/spring-web/5.0.9.RELEASE/spring-web-5.0.9.RELEASE.jar
85469000-8546b000 r--s 0000e000 08:06 24380957   /home/dzialoszynski/.m2/repository/com/fasterxml/classmate/1.3.4/classmate-1.3.4.jar
8546b000-8546d000 r--s 0000f000 08:06 7865518    /home/dzialoszynski/.m2/repository/org/jboss/logging/jboss-logging/3.3.2.Final/jboss-logging-3.3.2.Final.jar
8546d000-85472000 r--s 00012000 08:06 7865520    /home/dzialoszynski/.m2/repository/javax/validation/validation-api/2.0.1.Final/validation-api-2.0.1.Final.jar
85472000-8548f000 r--s 000fe000 08:06 21236648   /home/dzialoszynski/.m2/repository/org/hibernate/validator/hibernate-validator/6.0.12.Final/hibernate-validator-6.0.12.Final.jar
8548f000-85494000 r--s 0003a000 08:06 21236649   /home/dzialoszynski/.m2/repository/org/apache/tomcat/embed/tomcat-embed-websocket/8.5.34/tomcat-embed-websocket-8.5.34.jar
85494000-854be000 r--s 002d5000 08:06 21236625   /home/dzialoszynski/.m2/repository/org/apache/tomcat/embed/tomcat-embed-core/8.5.34/tomcat-embed-core-8.5.34.jar
854be000-85509000 r--s 002ff000 08:06 21236959   /home/dzialoszynski/.m2/repository/org/bouncycastle/bcprov-jdk15on/1.56/bcprov-jdk15on-1.56.jar
85509000-8550a000 ---p 00000000 00:00 0 
8550a000-8558a000 rw-p 00000000 00:00 0 
8558a000-8558d000 ---p 00000000 00:00 0 
8558d000-855db000 rw-p 00000000 00:00 0 
855db000-855de000 ---p 00000000 00:00 0 
855de000-8565c000 rw-p 00000000 00:00 0 
8565c000-8565f000 ---p 00000000 00:00 0 
8565f000-856dd000 rw-p 00000000 00:00 0 
856dd000-856e0000 ---p 00000000 00:00 0 
856e0000-8572e000 rw-p 00000000 00:00 0 
8572e000-8592e000 r--p 00000000 08:01 1059256    /usr/share/locale/locale-archive
8592e000-85931000 ---p 00000000 00:00 0 
85931000-8597f000 rw-p 00000000 00:00 0 
8597f000-85980000 ---p 00000000 00:00 0 
85980000-85a00000 rw-p 00000000 00:00 0 
85a00000-85aff000 rw-p 00000000 00:00 0 
85aff000-85b00000 ---p 00000000 00:00 0 
85b00000-85b05000 r--s 00038000 08:06 21236695   /home/dzialoszynski/.m2/repository/org/apache/tomcat/embed/tomcat-embed-el/8.5.34/tomcat-embed-el-8.5.34.jar
85b05000-85b06000 r--s 00000000 08:06 21236641   /home/dzialoszynski/.m2/repository/org/springframework/boot/spring-boot-starter-tomcat/2.0.5.RELEASE/spring-boot-starter-tomcat-2.0.5.RELEASE.jar
85b06000-85b08000 r--s 00001000 08:06 21237009   /home/dzialoszynski/.m2/repository/com/fasterxml/jackson/module/jackson-module-parameter-names/2.9.6/jackson-module-parameter-names-2.9.6.jar
85b08000-85b0b000 r--s 00016000 08:06 21237007   /home/dzialoszynski/.m2/repository/com/fasterxml/jackson/datatype/jackson-datatype-jsr310/2.9.6/jackson-datatype-jsr310-2.9.6.jar
85b0b000-85b0d000 r--s 00007000 08:06 21237005   /home/dzialoszynski/.m2/repository/com/fasterxml/jackson/datatype/jackson-datatype-jdk8/2.9.6/jackson-datatype-jdk8-2.9.6.jar
85b0d000-85b0e000 r--s 00000000 08:06 21236633   /home/dzialoszynski/.m2/repository/org/springframework/boot/spring-boot-starter-json/2.0.5.RELEASE/spring-boot-starter-json-2.0.5.RELEASE.jar
85b0e000-85b0f000 r--s 00000000 08:06 21236631   /home/dzialoszynski/.m2/repository/org/springframework/boot/spring-boot-starter-web/2.0.5.RELEASE/spring-boot-starter-web-2.0.5.RELEASE.jar
85b0f000-85b12000 r--s 00075000 08:06 21237003   /home/dzialoszynski/.m2/repository/org/springframework/cloud/spring-cloud-netflix-eureka-server/2.0.1.RELEASE/spring-cloud-netflix-eureka-server-2.0.1.RELEASE.jar
85b12000-85b23000 r--s 00097000 08:06 21236957   /home/dzialoszynski/.m2/repository/org/bouncycastle/bcpkix-jdk15on/1.56/bcpkix-jdk15on-1.56.jar
85b23000-85cfc000 r--s 03d1f000 08:06 20842497   /home/dzialoszynski/progs/eclipse-oxygen/jre1.8.0_91/lib/rt.jar
85cfc000-87300000 rw-p 00000000 00:00 0 
87300000-873fc000 rw-p 00000000 00:00 0 
873fc000-87400000 ---p 00000000 00:00 0 
87400000-87405000 r--s 0001b000 08:06 21236953   /home/dzialoszynski/.m2/repository/org/springframework/cloud/spring-cloud-commons/2.0.1.RELEASE/spring-cloud-commons-2.0.1.RELEASE.jar
87405000-87408000 ---p 00000000 00:00 0 
87408000-87500000 rw-p 00000000 00:00 0 
87500000-87521000 rw-p 00000000 00:00 0 
87521000-87600000 ---p 00000000 00:00 0 
87600000-87601000 r--s 00004000 08:06 21236955   /home/dzialoszynski/.m2/repository/org/springframework/security/spring-security-rsa/1.0.5.RELEASE/spring-security-rsa-1.0.5.RELEASE.jar
87601000-87602000 ---p 00000000 00:00 0 
87602000-87682000 rw-p 00000000 00:00 0 
87682000-87683000 ---p 00000000 00:00 0 
87683000-8770e000 rw-p 00000000 00:00 0 
8770e000-877ab000 ---p 00000000 00:00 0 
877ab000-877d0000 rw-p 00000000 00:00 0 
877d0000-877ff000 ---p 00000000 00:00 0 
877ff000-88d80000 rw-p 00000000 00:00 0 
88d80000-9c800000 ---p 00000000 00:00 0 
9c800000-a1180000 rw-p 00000000 00:00 0 
a1180000-a7000000 ---p 00000000 00:00 0 
a7000000-a7002000 r--s 00010000 08:06 21236951   /home/dzialoszynski/.m2/repository/org/springframework/security/spring-security-crypto/5.0.8.RELEASE/spring-security-crypto-5.0.8.RELEASE.jar
a7002000-a7006000 r--s 00016000 08:06 21236949   /home/dzialoszynski/.m2/repository/org/springframework/cloud/spring-cloud-context/2.0.1.RELEASE/spring-cloud-context-2.0.1.RELEASE.jar
a7006000-a700b000 r--s 00084000 08:06 20842496   /home/dzialoszynski/progs/eclipse-oxygen/jre1.8.0_91/lib/jfr.jar
a700b000-a7011000 r--s 002f8000 08:06 20842507   /home/dzialoszynski/progs/eclipse-oxygen/jre1.8.0_91/lib/charsets.jar
a7011000-a7024000 r--s 00344000 08:06 20842558   /home/dzialoszynski/progs/eclipse-oxygen/jre1.8.0_91/lib/resources.jar
a7024000-a702f000 rw-p 00000000 00:00 0 
a702f000-a70cc000 ---p 00000000 00:00 0 
a70cc000-a70e0000 rw-p 00000000 00:00 0 
a70e0000-a748c000 ---p 00000000 00:00 0 
a748c000-a795c000 rwxp 00000000 00:00 0 
a795c000-b648c000 ---p 00000000 00:00 0 
b648c000-b64a5000 r-xp 00000000 08:06 4457450    /home/dzialoszynski/progs/eclipse-oxygen/jre1.8.0_91/lib/i386/libzip.so
b64a5000-b64a6000 rw-p 00019000 08:06 4457450    /home/dzialoszynski/progs/eclipse-oxygen/jre1.8.0_91/lib/i386/libzip.so
b64a6000-b64db000 r--s 00000000 08:01 2622005    /var/db/nscd/passwd
b64db000-b64ff000 r-xp 00000000 08:06 4457463    /home/dzialoszynski/progs/eclipse-oxygen/jre1.8.0_91/lib/i386/libjava.so
b64ff000-b6500000 rw-p 00023000 08:06 4457463    /home/dzialoszynski/progs/eclipse-oxygen/jre1.8.0_91/lib/i386/libjava.so
b6500000-b65ff000 rw-p 00000000 00:00 0 
b65ff000-b6600000 ---p 00000000 00:00 0 
b6600000-b6601000 r--s 00000000 08:06 21236947   /home/dzialoszynski/.m2/repository/org/springframework/cloud/spring-cloud-starter/2.0.1.RELEASE/spring-cloud-starter-2.0.1.RELEASE.jar
b6601000-b6602000 r--s 00000000 08:06 21237001   /home/dzialoszynski/.m2/repository/org/springframework/cloud/spring-cloud-starter-netflix-eureka-server/2.0.1.RELEASE/spring-cloud-starter-netflix-eureka-server-2.0.1.RELEASE.jar
b6602000-b6605000 r--s 0001a000 08:06 20842543   /home/dzialoszynski/progs/eclipse-oxygen/jre1.8.0_91/lib/jce.jar
b6605000-b6609000 r--s 00097000 08:06 20842559   /home/dzialoszynski/progs/eclipse-oxygen/jre1.8.0_91/lib/jsse.jar
b6609000-b660a000 r--p 0031d000 08:01 1059256    /usr/share/locale/locale-archive
b660a000-b6611000 r-xp 00000000 08:01 1070210    /usr/lib/i686/librt-2.20.so
b6611000-b6612000 r--p 00006000 08:01 1070210    /usr/lib/i686/librt-2.20.so
b6612000-b6613000 rw-p 00007000 08:01 1070210    /usr/lib/i686/librt-2.20.so
b6613000-b6616000 ---p 00000000 00:00 0 
b6616000-b6664000 rw-p 00000000 00:00 0 
b6664000-b66af000 r-xp 00000000 08:01 1070204    /usr/lib/i686/libm-2.20.so
b66af000-b66b0000 r--p 0004a000 08:01 1070204    /usr/lib/i686/libm-2.20.so
b66b0000-b66b1000 rw-p 0004b000 08:01 1070204    /usr/lib/i686/libm-2.20.so
b66b1000-b7034000 r-xp 00000000 08:06 4457440    /home/dzialoszynski/progs/eclipse-oxygen/jre1.8.0_91/lib/i386/server/libjvm.so
b7034000-b70a1000 rw-p 00983000 08:06 4457440    /home/dzialoszynski/progs/eclipse-oxygen/jre1.8.0_91/lib/i386/server/libjvm.so
b70a1000-b74ca000 rw-p 00000000 00:00 0 
b74ca000-b768d000 r-xp 00000000 08:01 1054650    /usr/lib/i686/libc-2.20.so
b768d000-b7690000 r--p 001c2000 08:01 1054650    /usr/lib/i686/libc-2.20.so
b7690000-b7692000 rw-p 001c5000 08:01 1054650    /usr/lib/i686/libc-2.20.so
b7692000-b7694000 rw-p 00000000 00:00 0 
b7694000-b7697000 r-xp 00000000 08:01 1070821    /usr/lib/libdl-2.20.so
b7697000-b7698000 r--p 00002000 08:01 1070821    /usr/lib/libdl-2.20.so
b7698000-b7699000 rw-p 00003000 08:01 1070821    /usr/lib/libdl-2.20.so
b7699000-b769a000 rw-p 00000000 00:00 0 
b769a000-b76ae000 r-xp 00000000 08:06 7340422    /home/dzialoszynski/progs/eclipse-oxygen/jre1.8.0_91/lib/i386/jli/libjli.so
b76ae000-b76af000 rw-p 00014000 08:06 7340422    /home/dzialoszynski/progs/eclipse-oxygen/jre1.8.0_91/lib/i386/jli/libjli.so
b76af000-b76c6000 r-xp 00000000 08:01 1070208    /usr/lib/i686/libpthread-2.20.so
b76c6000-b76c7000 r--p 00017000 08:01 1070208    /usr/lib/i686/libpthread-2.20.so
b76c7000-b76c8000 rw-p 00018000 08:01 1070208    /usr/lib/i686/libpthread-2.20.so
b76c8000-b76d6000 rw-p 00000000 00:00 0 
b76d6000-b76de000 rw-s 00000000 00:20 322777     /tmp/hsperfdata_dzialoszynski/6085
b76de000-b76df000 rw-p 00000000 00:00 0 
b76df000-b76e0000 ---p 00000000 00:00 0 
b76e0000-b76eb000 r-xp 00000000 08:06 4457482    /home/dzialoszynski/progs/eclipse-oxygen/jre1.8.0_91/lib/i386/libverify.so
b76eb000-b76ec000 rw-p 0000b000 08:06 4457482    /home/dzialoszynski/progs/eclipse-oxygen/jre1.8.0_91/lib/i386/libverify.so
b76ec000-b76ef000 r--p 00000000 00:00 0          [vvar]
b76ef000-b76f0000 r-xp 00000000 00:00 0          [vdso]
b76f0000-b7710000 r-xp 00000000 08:01 1058285    /usr/lib/ld-2.20.so
b7710000-b7711000 rw-p 00000000 00:00 0 
b7711000-b7712000 r--p 00020000 08:01 1058285    /usr/lib/ld-2.20.so
b7712000-b7713000 rw-p 00021000 08:01 1058285    /usr/lib/ld-2.20.so
bf957000-bf97c000 rw-p 00000000 00:00 0          [stack]

VM Arguments:
jvm_args: -Dfile.encoding=UTF-8 
java_command: hello.EurekaServiceApplication
java_class_path (initial): /home/dzialoszynski/progs/eclipse-oxygen/jre1.8.0_91/lib/resources.jar:/home/dzialoszynski/progs/eclipse-oxygen/jre1.8.0_91/lib/rt.jar:/home/dzialoszynski/progs/eclipse-oxygen/jre1.8.0_91/lib/jsse.jar:/home/dzialoszynski/progs/eclipse-oxygen/jre1.8.0_91/lib/jce.jar:/home/dzialoszynski/progs/eclipse-oxygen/jre1.8.0_91/lib/charsets.jar:/home/dzialoszynski/progs/eclipse-oxygen/jre1.8.0_91/lib/jfr.jar:/home/dzialoszynski/progs/eclipse-oxygen/jre1.8.0_91/lib/ext/sunjce_provider.jar:/home/dzialoszynski/progs/eclipse-oxygen/jre1.8.0_91/lib/ext/nashorn.jar:/home/dzialoszynski/progs/eclipse-oxygen/jre1.8.0_91/lib/ext/sunpkcs11.jar:/home/dzialoszynski/progs/eclipse-oxygen/jre1.8.0_91/lib/ext/dnsns.jar:/home/dzialoszynski/progs/eclipse-oxygen/jre1.8.0_91/lib/ext/localedata.jar:/home/dzialoszynski/progs/eclipse-oxygen/jre1.8.0_91/lib/ext/jaccess.jar:/home/dzialoszynski/progs/eclipse-oxygen/jre1.8.0_91/lib/ext/zipfs.jar:/home/dzialoszynski/progs/eclipse-oxygen/jre1.8.0_91/lib/ext/jfxrt.jar:/home/dzialoszynski/progs/eclipse-oxygen/jre1.8.0_91/lib/ext/sunec.jar:/home/dzialoszynski/progs/eclipse-oxygen/jre1.8.0_91/lib/ext/cldrdata.jar:/home/dzialoszynski/workspace/oxygen/gs-service-registration-and-discovery/complete/eureka-service/target/classes:/home/dzialoszynski/.m2/repository/org/springframework/cloud/spring-cloud-starter-netflix-eureka-server/2.0.1.RELEASE/spring-cloud-starter-netflix-eureka-server-2.0.1.RELEASE.jar:/home/dzialoszynski/.m2/repository/org/springframework/cloud/spring-cloud-starter/2.0.1.RELEASE/spring-cloud-starter-2.0.1.RELEASE.jar:/home/dzialoszynski/.m2/repository/org/springframework/cloud/spring-cloud-context/2.0.1.RELEASE/spring-cloud-context-2.0.1.RELEASE.jar:/home/dzialoszynski/.m2/repository/org/springframework/security/spring-security-crypto/5.0.8.RELEASE/spring-security-crypto-5.0.8.RELEASE.jar:/home/dzialoszynski/.m2/repository/org/springframework/cloud/spring-cloud-commons/2.0.1.RELEASE/spring-cloud-commons-2.0.1.RELEAS
Launcher Type: SUN_STANDARD

Environment Variables:
PATH=/usr/local/bin:/usr/bin:/usr/local/games:/usr/games:/home/dzialoszynski/progs/eclipse-oxygen/jdk1.8.0_91/bin:/usr/lib/qt4/bin:/usr/lib/qt5/bin:/home/dzialoszynski/bin
LD_LIBRARY_PATH=/home/dzialoszynski/progs/eclipse-oxygen/jre1.8.0_91/lib/i386/server:/home/dzialoszynski/progs/eclipse-oxygen/jre1.8.0_91/lib/i386:/home/dzialoszynski/progs/eclipse-oxygen/jre1.8.0_91/../lib/i386:/home/dzialoszynski/progs/eclipse-oxygen/jdk1.8.0_91/jre/lib/i386/client:/home/dzialoszynski/progs/eclipse-oxygen/jdk1.8.0_91/jre/lib/i386:
SHELL=/bin/bash
DISPLAY=:0.0

Signal Handlers:
SIGSEGV: [libjvm.so+0x8d0a60], sa_mask[0]=11111111011111111101111111111110, sa_flags=SA_RESTART|SA_SIGINFO
SIGBUS: [libjvm.so+0x8d0a60], sa_mask[0]=11111111011111111101111111111110, sa_flags=SA_RESTART|SA_SIGINFO
SIGFPE: [libjvm.so+0x7503b0], sa_mask[0]=11111111011111111101111111111110, sa_flags=SA_RESTART|SA_SIGINFO
SIGPIPE: [libjvm.so+0x7503b0], sa_mask[0]=11111111011111111101111111111110, sa_flags=SA_RESTART|SA_SIGINFO
SIGXFSZ: [libjvm.so+0x7503b0], sa_mask[0]=11111111011111111101111111111110, sa_flags=SA_RESTART|SA_SIGINFO
SIGILL: [libjvm.so+0x7503b0], sa_mask[0]=11111111011111111101111111111110, sa_flags=SA_RESTART|SA_SIGINFO
SIGUSR1: SIG_DFL, sa_mask[0]=00000000000000000000000000000000, sa_flags=none
SIGUSR2: [libjvm.so+0x751a30], sa_mask[0]=00100000000000000000000000000000, sa_flags=SA_RESTART|SA_SIGINFO
SIGHUP: [libjvm.so+0x752ee0], sa_mask[0]=11111111011111111101111111111110, sa_flags=SA_RESTART|SA_SIGINFO
SIGINT: [libjvm.so+0x752ee0], sa_mask[0]=11111111011111111101111111111110, sa_flags=SA_RESTART|SA_SIGINFO
SIGTERM: [libjvm.so+0x752ee0], sa_mask[0]=11111111011111111101111111111110, sa_flags=SA_RESTART|SA_SIGINFO
SIGQUIT: [libjvm.so+0x752ee0], sa_mask[0]=11111111011111111101111111111110, sa_flags=SA_RESTART|SA_SIGINFO


---------------  S Y S T E M  ---------------

OS:Mageia release 5 (Official) for i586

uname:Linux 4.4.114-desktop-1.mga5 #1 SMP Wed Jan 31 20:41:03 UTC 2018 i686
libc:glibc 2.20 NPTL 2.20 
rlimit: STACK 8192k, CORE 0k, NPROC 4096, NOFILE 4096, AS infinity
load average:0,27 0,15 0,09

/proc/meminfo:
MemTotal:        2058888 kB
MemFree:          288128 kB
MemAvailable:     415320 kB
Buffers:           10144 kB
Cached:           403400 kB
SwapCached:         8664 kB
Active:          1032100 kB
Inactive:         654068 kB
Active(anon):     913300 kB
Inactive(anon):   530848 kB
Active(file):     118800 kB
Inactive(file):   123220 kB
Unevictable:          48 kB
Mlocked:              48 kB
HighTotal:       1248084 kB
HighFree:         125140 kB
LowTotal:         810804 kB
LowFree:          162988 kB
SwapTotal:       4191344 kB
SwapFree:        4002232 kB
Dirty:                32 kB
Writeback:             0 kB
AnonPages:       1269012 kB
Mapped:           218908 kB
Shmem:            171544 kB
Slab:              50492 kB
SReclaimable:      33476 kB
SUnreclaim:        17016 kB
KernelStack:        4032 kB
PageTables:         6780 kB
NFS_Unstable:          0 kB
Bounce:                0 kB
WritebackTmp:          0 kB
CommitLimit:     5220788 kB
Committed_AS:    3784376 kB
VmallocTotal:     188416 kB
VmallocUsed:           0 kB
VmallocChunk:          0 kB
HardwareCorrupted:     0 kB
AnonHugePages:         0 kB
CmaTotal:              0 kB
CmaFree:               0 kB
HugePages_Total:       0
HugePages_Free:        0
HugePages_Rsvd:        0
HugePages_Surp:        0
Hugepagesize:       4096 kB
DirectMap4k:       57336 kB
DirectMap4M:      782336 kB


CPU:total 2 (2 cores per cpu, 1 threads per core) family 6 model 14 stepping 8, cmov, cx8, fxsr, mmx, sse, sse2, sse3, tsc

/proc/cpuinfo:
processor	: 0
vendor_id	: GenuineIntel
cpu family	: 6
model		: 14
model name	: Genuine Intel(R) CPU           T2300  @ 1.66GHz
stepping	: 8
microcode	: 0x39
cpu MHz		: 1667.000
cache size	: 2048 KB
physical id	: 0
siblings	: 2
core id		: 0
cpu cores	: 2
apicid		: 0
initial apicid	: 0
fdiv_bug	: no
f00f_bug	: no
coma_bug	: no
fpu		: yes
fpu_exception	: yes
cpuid level	: 10
wp		: yes
flags		: fpu vme de pse tsc msr pae mce cx8 apic sep mtrr pge mca cmov clflush dts acpi mmx fxsr sse sse2 ss ht tm pbe nx constant_tsc arch_perfmon bts aperfmperf pni monitor vmx est tm2 xtpr pdcm dtherm rsb_ctxsw retpoline
bugs		: cpu_meltdown spectre_v1 spectre_v2
bogomips	: 3325.15
clflush size	: 64
cache_alignment	: 64
address sizes	: 32 bits physical, 32 bits virtual
power management:

processor	: 1
vendor_id	: GenuineIntel
cpu family	: 6
model		: 14
model name	: Genuine Intel(R) CPU           T2300  @ 1.66GHz
stepping	: 8
microcode	: 0x39
cpu MHz		: 1667.000
cache size	: 2048 KB
physical id	: 0
siblings	: 2
core id		: 1
cpu cores	: 2
apicid		: 1
initial apicid	: 1
fdiv_bug	: no
f00f_bug	: no
coma_bug	: no
fpu		: yes
fpu_exception	: yes
cpuid level	: 10
wp		: yes
flags		: fpu vme de pse tsc msr pae mce cx8 apic sep mtrr pge mca cmov clflush dts acpi mmx fxsr sse sse2 ss ht tm pbe nx constant_tsc arch_perfmon bts aperfmperf pni monitor vmx est tm2 xtpr pdcm dtherm rsb_ctxsw retpoline
bugs		: cpu_meltdown spectre_v1 spectre_v2
bogomips	: 3325.15
clflush size	: 64
cache_alignment	: 64
address sizes	: 32 bits physical, 32 bits virtual
power management:



Memory: 4k page, physical 2058888k(288128k free), swap 4191344k(4002232k free)

vm_info: Java HotSpot(TM) Server VM (25.91-b14) for linux-x86 JRE (1.8.0_91-b14), built on Apr  1 2016 01:01:13 by "java_re" with gcc 4.3.0 20080428 (Red Hat 4.3.0-8)

time: Sun Oct 28 20:53:11 2018
elapsed time: 7 seconds (0d 0h 0m 7s)

