#
# A fatal error has been detected by the Java Runtime Environment:
#
#  SIGSEGV (0xb) at pc=0xb6e8f4e3, pid=6131, tid=2271746880
#
# JRE version: Java(TM) SE Runtime Environment (8.0_91-b14) (build 1.8.0_91-b14)
# Java VM: Java HotSpot(TM) Server VM (25.91-b14 mixed mode linux-x86 )
# Problematic frame:
# V  [libjvm.so+0x7b44e3]  oopDesc* PSPromotionManager::copy_to_survivor_space<false>(oopDesc*)+0x23
#
# Failed to write core dump. Core dumps have been disabled. To enable core dumping, try "ulimit -c unlimited" before starting Java again
#
# If you would like to submit a bug report, please visit:
#   http://bugreport.java.com/bugreport/crash.jsp
#

---------------  T H R E A D  ---------------

Current thread (0xb6518400):  GCTaskThread [stack: 0x87601000,0x87682000] [id=6138]

siginfo: si_signo: 11 (SIGSEGV), si_code: 1 (SEGV_MAPERR), si_addr: 0x4485e99e

Registers:
EAX=0x00000000, EBX=0x9e9cb9c0, ECX=0x9d8c33b1, EDX=0x4485e99a
ESP=0x87681040, EBP=0x87681078, ESI=0x6164007e, EDI=0xb65de380
EIP=0xb6e8f4e3, EFLAGS=0x00010293, CR2=0x4485e99e

Top of Stack: (sp=0x87681040)
0x87681040:   860bcc90 00000011 f8000000 00000038
0x87681050:   00000018 9e9cd6a8 9e9c6db0 b6ba0d22
0x87681060:   860bcc90 9d3bbb5a 9e9c6e8c 9e9cb9c0
0x87681070:   6164007e b65de380 876810e8 b6e8ee41
0x87681080:   b65de380 9d8c33b1 6164007e 6164007e
0x87681090:   b6519140 ffffffff 876810e8 b6ba0d22
0x876810a0:   85da22d0 00863220 876810e8 b65de3cc
0x876810b0:   860bcc90 b65de380 87863220 85da23f0 

Instructions: (pc=0xb6e8f4e3)
0xb6e8f4c3:   57 56 53 83 ec 2c 8b 45 0c 8b 00 89 45 d0 83 e0
0xb6e8f4d3:   03 83 f8 03 0f 84 8b 00 00 00 8b 4d 0c 8b 51 04
0xb6e8f4e3:   8b 5a 04 83 fb 00 0f 8e 01 02 00 00 f6 c3 01 0f
0xb6e8f4f3:   85 fe 01 00 00 c1 fb 02 89 5d d8 f6 45 d0 01 0f 

Register to memory mapping:

EAX=0x00000000 is an unknown value
EBX=0x9e9cb9c0 is an oop

[error occurred during error reporting (printing register info), id 0xb]

Stack: [0x87601000,0x87682000],  sp=0x87681040,  free space=512k
Native frames: (J=compiled Java code, j=interpreted, Vv=VM code, C=native code)
V  [libjvm.so+0x7b44e3]  oopDesc* PSPromotionManager::copy_to_survivor_space<false>(oopDesc*)+0x23
V  [libjvm.so+0x7b3e41]  PSPromotionManager::drain_stacks_depth(bool)+0x661
V  [libjvm.so+0x2a0b6b]  CardTableExtension::scavenge_contents_parallel(ObjectStartArray*, MutableSpace*, HeapWord*, PSPromotionManager*, unsigned int, unsigned int)+0x75b
V  [libjvm.so+0x7b711f]  OldToYoungRootsTask::do_it(GCTaskManager*, unsigned int)+0x3f
V  [libjvm.so+0x462ba6]  GCTaskThread::run()+0x106
V  [libjvm.so+0x755d19]  java_start(Thread*)+0x119
C  [libpthread.so.0+0x6386]  start_thread+0xd6


---------------  P R O C E S S  ---------------

Java Threads: ( => current thread )
  0x84bedc00 JavaThread "background-preinit" [_thread_blocked, id=6148, stack(0x84d0a000,0x84d5b000)]
  0x85a38c00 JavaThread "Service Thread" daemon [_thread_blocked, id=6145, stack(0x8558a000,0x855db000)]
  0x85a35c00 JavaThread "C1 CompilerThread1" daemon [_thread_blocked, id=6144, stack(0x855db000,0x8565c000)]
  0x85a33c00 JavaThread "C2 CompilerThread0" daemon [_thread_blocked, id=6143, stack(0x8565c000,0x856dd000)]
  0x85a32400 JavaThread "Signal Dispatcher" daemon [_thread_blocked, id=6142, stack(0x856dd000,0x8572e000)]
  0x85a17c00 JavaThread "Finalizer" daemon [_thread_blocked, id=6141, stack(0x8592e000,0x8597f000)]
  0x85a15000 JavaThread "Reference Handler" daemon [_thread_blocked, id=6140, stack(0x87405000,0x87456000)]
  0xb650d800 JavaThread "main" [_thread_blocked, id=6136, stack(0xb663d000,0xb668e000)]

Other Threads:
  0x85a10800 VMThread [stack: 0x8597f000,0x85a00000] [id=6139]
  0x85a3b400 WatcherThread [stack: 0x85509000,0x8558a000] [id=6146]

=>0xb6518400 (exited) GCTaskThread [stack: 0x87601000,0x87682000] [id=6138]

VM state:at safepoint (normal execution)

VM Mutex/Monitor currently owned by a thread:  ([mutex/lock_event])
[0xb650c428] Threads_lock - owner thread: 0x85a10800
[0xb650c838] Heap_lock - owner thread: 0xb650d800

Heap:
 PSYoungGen      total 17664K, used 17663K [0x9c800000, 0x9ea80000, 0xa7000000)
  eden space 16384K, 100% used [0x9c800000,0x9d800000,0x9d800000)
  from space 1280K, 99% used [0x9d800000,0x9d93fe00,0x9d940000)
  to   space 1280K, 99% used [0x9e940000,0x9ea7fa98,0x9ea80000)
 ParOldGen       total 22016K, used 1641K [0x87800000, 0x88d80000, 0x9c800000)
  object space 22016K, 7% used [0x87800000,0x8799b6e8,0x88d80000)
 Metaspace       used 6154K, capacity 6367K, committed 6424K, reserved 6448K

Card table byte_map: [0x87703000,0x87800000] byte_map_base: 0x872c7000

Marking Bits: (ParMarkBitMap*) 0xb70debc0
 Begin Bits: [0x86340000, 0x86b20000)
 End Bits:   [0x86b20000, 0x87300000)

Polling page: 0xb7709000

CodeCache: size=245760Kb used=2337Kb max_used=2337Kb free=243422Kb
 bounds [0xa74b1000, 0xa7701000, 0xb64b1000]
 total_blobs=988 nmethods=820 adapters=84
 compilation: enabled

Compilation events (10 events):
Event: 1,625 Thread 0x85a35c00  820       3       org.springframework.core.ResolvableType::resolveClass (73 bytes)
Event: 1,626 Thread 0x85a35c00 nmethod 820 0xa76f5f48 code [0xa76f60c0, 0xa76f67e4]
Event: 1,626 Thread 0x85a35c00  821       3       org.springframework.core.ResolvableType::resolve (16 bytes)
Event: 1,626 Thread 0x85a35c00 nmethod 821 0xa76f6988 code [0xa76f6aa0, 0xa76f6bc0]
Event: 1,628 Thread 0x85a35c00  822       3       sun.reflect.generics.parser.SignatureParser::parsePackageNameAndSimpleClassTypeSignature (139 bytes)
Event: 1,631 Thread 0x85a35c00 nmethod 822 0xa76f6c48 code [0xa76f6f80, 0xa76f8220]
Event: 1,638 Thread 0x85a35c00  823       3       java.lang.reflect.Method::invoke (62 bytes)
Event: 1,639 Thread 0x85a35c00 nmethod 823 0xa76f8e08 code [0xa76f8f80, 0xa76f937c]
Event: 1,639 Thread 0x85a35c00  824       3       sun.reflect.DelegatingMethodAccessorImpl::invoke (10 bytes)
Event: 1,639 Thread 0x85a35c00 nmethod 824 0xa76f9548 code [0xa76f9660, 0xa76f97cc]

GC Heap History (7 events):
Event: 0,555 GC heap before
{Heap before GC invocations=1 (full 0):
 PSYoungGen      total 9472K, used 8192K [0x9c800000, 0x9d280000, 0xa7000000)
  eden space 8192K, 100% used [0x9c800000,0x9d000000,0x9d000000)
  from space 1280K, 0% used [0x9d140000,0x9d140000,0x9d280000)
  to   space 1280K, 0% used [0x9d000000,0x9d000000,0x9d140000)
 ParOldGen       total 22016K, used 0K [0x87800000, 0x88d80000, 0x9c800000)
  object space 22016K, 0% used [0x87800000,0x87800000,0x88d80000)
 Metaspace       used 2437K, capacity 2524K, committed 2584K, reserved 4400K
Event: 0,561 GC heap after
Heap after GC invocations=1 (full 0):
 PSYoungGen      total 9472K, used 1265K [0x9c800000, 0x9da80000, 0xa7000000)
  eden space 8192K, 0% used [0x9c800000,0x9c800000,0x9d000000)
  from space 1280K, 98% used [0x9d000000,0x9d13c570,0x9d140000)
  to   space 1280K, 0% used [0x9d940000,0x9d940000,0x9da80000)
 ParOldGen       total 22016K, used 42K [0x87800000, 0x88d80000, 0x9c800000)
  object space 22016K, 0% used [0x87800000,0x8780a960,0x88d80000)
 Metaspace       used 2437K, capacity 2524K, committed 2584K, reserved 4400K
}
Event: 0,867 GC heap before
{Heap before GC invocations=2 (full 0):
 PSYoungGen      total 9472K, used 9457K [0x9c800000, 0x9da80000, 0xa7000000)
  eden space 8192K, 100% used [0x9c800000,0x9d000000,0x9d000000)
  from space 1280K, 98% used [0x9d000000,0x9d13c570,0x9d140000)
  to   space 1280K, 0% used [0x9d940000,0x9d940000,0x9da80000)
 ParOldGen       total 22016K, used 42K [0x87800000, 0x88d80000, 0x9c800000)
  object space 22016K, 0% used [0x87800000,0x8780a960,0x88d80000)
 Metaspace       used 3571K, capacity 3626K, committed 3736K, reserved 4400K
Event: 0,872 GC heap after
Heap after GC invocations=2 (full 0):
 PSYoungGen      total 17664K, used 1279K [0x9c800000, 0x9da80000, 0xa7000000)
  eden space 16384K, 0% used [0x9c800000,0x9c800000,0x9d800000)
  from space 1280K, 99% used [0x9d940000,0x9da7fde0,0x9da80000)
  to   space 1280K, 0% used [0x9d800000,0x9d800000,0x9d940000)
 ParOldGen       total 22016K, used 357K [0x87800000, 0x88d80000, 0x9c800000)
  object space 22016K, 1% used [0x87800000,0x87859498,0x88d80000)
 Metaspace       used 3571K, capacity 3626K, committed 3736K, reserved 4400K
}
Event: 1,326 GC heap before
{Heap before GC invocations=3 (full 0):
 PSYoungGen      total 17664K, used 17663K [0x9c800000, 0x9da80000, 0xa7000000)
  eden space 16384K, 100% used [0x9c800000,0x9d800000,0x9d800000)
  from space 1280K, 99% used [0x9d940000,0x9da7fde0,0x9da80000)
  to   space 1280K, 0% used [0x9d800000,0x9d800000,0x9d940000)
 ParOldGen       total 22016K, used 357K [0x87800000, 0x88d80000, 0x9c800000)
  object space 22016K, 1% used [0x87800000,0x87859498,0x88d80000)
 Metaspace       used 5336K, capacity 5564K, committed 5656K, reserved 6448K
Event: 1,336 GC heap after
Heap after GC invocations=3 (full 0):
 PSYoungGen      total 17664K, used 1279K [0x9c800000, 0x9ea80000, 0xa7000000)
  eden space 16384K, 0% used [0x9c800000,0x9c800000,0x9d800000)
  from space 1280K, 99% used [0x9d800000,0x9d93fe00,0x9d940000)
  to   space 1280K, 0% used [0x9e940000,0x9e940000,0x9ea80000)
 ParOldGen       total 22016K, used 1589K [0x87800000, 0x88d80000, 0x9c800000)
  object space 22016K, 7% used [0x87800000,0x8798d6e8,0x88d80000)
 Metaspace       used 5336K, capacity 5564K, committed 5656K, reserved 6448K
}
Event: 1,645 GC heap before
{Heap before GC invocations=4 (full 0):
 PSYoungGen      total 17664K, used 17663K [0x9c800000, 0x9ea80000, 0xa7000000)
  eden space 16384K, 100% used [0x9c800000,0x9d800000,0x9d800000)
  from space 1280K, 99% used [0x9d800000,0x9d93fe00,0x9d940000)
  to   space 1280K, 0% used [0x9e940000,0x9e940000,0x9ea80000)
 ParOldGen       total 22016K, used 1589K [0x87800000, 0x88d80000, 0x9c800000)
  object space 22016K, 7% used [0x87800000,0x8798d6e8,0x88d80000)
 Metaspace       used 6154K, capacity 6367K, committed 6424K, reserved 6448K

Deoptimization events (9 events):
Event: 0,213 Thread 0xb650d800 Uncommon trap: reason=unstable_if action=reinterpret pc=0xa755dabc method=java.lang.String.hashCode()I @ 14
Event: 0,509 Thread 0xb650d800 Uncommon trap: reason=unstable_if action=reinterpret pc=0xa756df30 method=java.lang.String.indexOf(II)I @ 49
Event: 0,767 Thread 0xb650d800 Uncommon trap: reason=unstable_if action=reinterpret pc=0xa75ec838 method=java.lang.String.lastIndexOf([CII[CIII)I @ 17
Event: 0,825 Thread 0xb650d800 Uncommon trap: reason=unstable_if action=reinterpret pc=0xa75d7bf0 method=sun.misc.MetaIndex.mayContain(Ljava/lang/String;)Z @ 38
Event: 1,077 Thread 0xb650d800 Uncommon trap: reason=unstable_if action=reinterpret pc=0xa7633d88 method=java.lang.String.replace(CC)Ljava/lang/String; @ 26
Event: 1,117 Thread 0xb650d800 Uncommon trap: reason=unstable_if action=reinterpret pc=0xa7665b2c method=java.util.HashMap.getNode(ILjava/lang/Object;)Ljava/util/HashMap$Node; @ 62
Event: 1,118 Thread 0xb650d800 Uncommon trap: reason=unstable_if action=reinterpret pc=0xa7637898 method=java.util.HashMap.getNode(ILjava/lang/Object;)Ljava/util/HashMap$Node; @ 62
Event: 1,294 Thread 0xb650d800 Uncommon trap: reason=unstable_if action=reinterpret pc=0xa75feff4 method=java.lang.String.indexOf([CII[CIII)I @ 3
Event: 1,545 Thread 0x84bedc00 Uncommon trap: reason=range_check action=make_not_entrant pc=0xa76d7d44 method=sun.reflect.generics.parser.SignatureParser.current()C @ 34

Internal exceptions (10 events):
Event: 1,437 Thread 0x84bedc00 Exception <a 'java/lang/ArrayIndexOutOfBoundsException'> (0x9cc2f910) thrown at [/HUDSON/workspace/8-2-build-linux-i586/jdk8u91/6644/hotspot/src/share/vm/runtime/sharedRuntime.cpp, line 605]
Event: 1,438 Thread 0x84bedc00 Exception <a 'java/lang/ArrayIndexOutOfBoundsException'> (0x9cc932d0) thrown at [/HUDSON/workspace/8-2-build-linux-i586/jdk8u91/6644/hotspot/src/share/vm/runtime/sharedRuntime.cpp, line 605]
Event: 1,440 Thread 0x84bedc00 Exception <a 'java/lang/ArrayIndexOutOfBoundsException'> (0x9cca8498) thrown at [/HUDSON/workspace/8-2-build-linux-i586/jdk8u91/6644/hotspot/src/share/vm/runtime/sharedRuntime.cpp, line 605]
Event: 1,441 Thread 0x84bedc00 Exception <a 'java/lang/ArrayIndexOutOfBoundsException'> (0x9ccbe638) thrown at [/HUDSON/workspace/8-2-build-linux-i586/jdk8u91/6644/hotspot/src/share/vm/runtime/sharedRuntime.cpp, line 605]
Event: 1,450 Thread 0x84bedc00 Exception <a 'java/lang/ArrayIndexOutOfBoundsException'> (0x9cd22c68) thrown at [/HUDSON/workspace/8-2-build-linux-i586/jdk8u91/6644/hotspot/src/share/vm/runtime/sharedRuntime.cpp, line 605]
Event: 1,452 Thread 0x84bedc00 Exception <a 'java/lang/ArrayIndexOutOfBoundsException'> (0x9cd36f80) thrown at [/HUDSON/workspace/8-2-build-linux-i586/jdk8u91/6644/hotspot/src/share/vm/runtime/sharedRuntime.cpp, line 605]
Event: 1,502 Thread 0x84bedc00 Exception <a 'java/lang/ArrayIndexOutOfBoundsException'> (0x9cfa0738) thrown at [/HUDSON/workspace/8-2-build-linux-i586/jdk8u91/6644/hotspot/src/share/vm/runtime/sharedRuntime.cpp, line 605]
Event: 1,503 Thread 0x84bedc00 Exception <a 'java/lang/ArrayIndexOutOfBoundsException'> (0x9cfb5820) thrown at [/HUDSON/workspace/8-2-build-linux-i586/jdk8u91/6644/hotspot/src/share/vm/runtime/sharedRuntime.cpp, line 605]
Event: 1,509 Thread 0x84bedc00 Exception <a 'java/lang/ArrayIndexOutOfBoundsException'> (0x9d01b278) thrown at [/HUDSON/workspace/8-2-build-linux-i586/jdk8u91/6644/hotspot/src/share/vm/runtime/sharedRuntime.cpp, line 605]
Event: 1,545 Thread 0x84bedc00 Exception <a 'java/lang/ArrayIndexOutOfBoundsException': 177> (0x9d1680c0) thrown at [/HUDSON/workspace/8-2-build-linux-i586/jdk8u91/6644/hotspot/src/share/vm/interpreter/interpreterRuntime.cpp, line 366]

Events (10 events):
Event: 1,637 loading class org/springframework/format/datetime/standard/DateTimeConverters$OffsetDateTimeToZonedDateTimeConverter done
Event: 1,637 Thread 0x84bedc00 DEOPT PACKING pc=0xa75b9809 sp=0x84d58da0
Event: 1,637 Thread 0x84bedc00 DEOPT UNPACKING pc=0xa74ed310 sp=0x84d58c24 mode 0
Event: 1,638 loading class org/springframework/format/datetime/standard/DateTimeConverters$OffsetDateTimeToInstantConverter
Event: 1,638 loading class org/springframework/format/datetime/standard/DateTimeConverters$OffsetDateTimeToInstantConverter done
Event: 1,639 loading class org/springframework/format/datetime/standard/DateTimeConverters$CalendarToZonedDateTimeConverter
Event: 1,639 loading class org/springframework/format/datetime/standard/DateTimeConverters$CalendarToZonedDateTimeConverter done
Event: 1,640 loading class org/springframework/boot/context/properties/bind/PlaceholdersResolver
Event: 1,640 loading class org/springframework/boot/context/properties/bind/PlaceholdersResolver done
Event: 1,641 Executing VM operation: ParallelGCFailedAllocation


Dynamic libraries:
08048000-08049000 r-xp 00000000 08:06 26871445   /home/dzialoszynski/progs/eclipse-oxygen/jre1.8.0_91/bin/java
08049000-0804a000 rw-p 00000000 08:06 26871445   /home/dzialoszynski/progs/eclipse-oxygen/jre1.8.0_91/bin/java
097a9000-099be000 rw-p 00000000 00:00 0          [heap]
844ae000-84700000 rw-p 00000000 00:00 0 
84700000-84749000 rw-p 00000000 00:00 0 
84749000-84800000 ---p 00000000 00:00 0 
84800000-8482d000 rw-p 00000000 00:00 0 
8482d000-84900000 ---p 00000000 00:00 0 
84900000-84a00000 rw-p 00000000 00:00 0 
84a00000-84b00000 rw-p 00000000 00:00 0 
84b00000-84c00000 rw-p 00000000 00:00 0 
84c00000-84d00000 rw-p 00000000 00:00 0 
84d09000-84d0a000 rw-p 00000000 00:00 0 
84d0a000-84d0d000 ---p 00000000 00:00 0 
84d0d000-84d5b000 rw-p 00000000 00:00 0 
84d5b000-84d65000 r--s 00116000 08:06 4457347    /home/dzialoszynski/progs/eclipse-oxygen/jre1.8.0_91/lib/ext/localedata.jar
84d65000-84d66000 r-xp 00000000 08:01 1048912    /usr/lib/gconv/ISO8859-1.so
84d66000-84d67000 r--p 00001000 08:01 1048912    /usr/lib/gconv/ISO8859-1.so
84d67000-84d68000 rw-p 00002000 08:01 1048912    /usr/lib/gconv/ISO8859-1.so
84d68000-84d6f000 r--s 00000000 08:01 1070931    /usr/lib/gconv/gconv-modules.cache
84d6f000-84d95000 r--p 00000000 08:01 1048978    /usr/share/locale/fr/LC_MESSAGES/libc.mo
84d95000-84d97000 r--s 00004000 08:06 21236629   /home/dzialoszynski/.m2/repository/org/springframework/spring-jcl/5.0.9.RELEASE/spring-jcl-5.0.9.RELEASE.jar
84d97000-84daf000 r--s 00114000 08:06 21236627   /home/dzialoszynski/.m2/repository/org/springframework/spring-core/5.0.9.RELEASE/spring-core-5.0.9.RELEASE.jar
84daf000-84db6000 r--s 00042000 08:06 21236135   /home/dzialoszynski/.m2/repository/org/yaml/snakeyaml/1.19/snakeyaml-1.19.jar
84db6000-84db8000 r--s 00005000 08:06 21365658   /home/dzialoszynski/.m2/repository/javax/annotation/javax.annotation-api/1.3.2/javax.annotation-api-1.3.2.jar
84db8000-84dba000 r--s 00000000 08:06 21236131   /home/dzialoszynski/.m2/repository/org/slf4j/jul-to-slf4j/1.7.25/jul-to-slf4j-1.7.25.jar
84dba000-84dc5000 r--s 00069000 08:06 21236123   /home/dzialoszynski/.m2/repository/ch/qos/logback/logback-core/1.2.3/logback-core-1.2.3.jar
84dc5000-84de6000 r--s 000fe000 08:06 21236696   /home/dzialoszynski/.m2/repository/org/springframework/boot/spring-boot-autoconfigure/2.0.5.RELEASE/spring-boot-autoconfigure-2.0.5.RELEASE.jar
84de6000-84e00000 r--s 000f1000 08:06 21236997   /home/dzialoszynski/.m2/repository/org/springframework/spring-context/5.0.9.RELEASE/spring-context-5.0.9.RELEASE.jar
84e00000-84f00000 rw-p 00000000 00:00 0 
84f00000-84f01000 rw-p 00000000 00:00 0 
84f01000-84f07000 r--s 00039000 08:06 21236129   /home/dzialoszynski/.m2/repository/org/apache/logging/log4j/log4j-api/2.10.0/log4j-api-2.10.0.jar
84f07000-84f09000 r--s 00003000 08:06 21236127   /home/dzialoszynski/.m2/repository/org/apache/logging/log4j/log4j-to-slf4j/2.10.0/log4j-to-slf4j-2.10.0.jar
84f09000-84f0f000 r--s 00041000 08:06 21236121   /home/dzialoszynski/.m2/repository/ch/qos/logback/logback-classic/1.2.3/logback-classic-1.2.3.jar
84f0f000-84f10000 r--s 00000000 08:06 21236573   /home/dzialoszynski/.m2/repository/org/springframework/boot/spring-boot-starter-logging/2.0.5.RELEASE/spring-boot-starter-logging-2.0.5.RELEASE.jar
84f10000-84f25000 r--s 000d0000 08:06 21236568   /home/dzialoszynski/.m2/repository/org/springframework/boot/spring-boot/2.0.5.RELEASE/spring-boot-2.0.5.RELEASE.jar
84f25000-84f26000 r--s 00000000 08:06 21236567   /home/dzialoszynski/.m2/repository/org/springframework/boot/spring-boot-starter/2.0.5.RELEASE/spring-boot-starter-2.0.5.RELEASE.jar
84f26000-84f28000 r--s 00009000 08:06 21236125   /home/dzialoszynski/.m2/repository/org/slf4j/slf4j-api/1.7.25/slf4j-api-1.7.25.jar
84f28000-84f2a000 r--s 00003000 08:06 21365862   /home/dzialoszynski/.m2/repository/com/netflix/ribbon/ribbon-eureka/2.2.5/ribbon-eureka-2.2.5.jar
84f2a000-84f43000 r--s 00102000 08:06 21236692   /home/dzialoszynski/.m2/repository/io/reactivex/rxjava/1.3.8/rxjava-1.3.8.jar
84f43000-84f45000 r--s 00002000 08:06 21365789   /home/dzialoszynski/.m2/repository/com/netflix/netflix-commons/netflix-statistics/0.1.1/netflix-statistics-0.1.1.jar
84f45000-84f49000 r--s 00024000 08:06 21365860   /home/dzialoszynski/.m2/repository/com/netflix/ribbon/ribbon-loadbalancer/2.2.5/ribbon-loadbalancer-2.2.5.jar
84f49000-84f4b000 r--s 00001000 08:06 21365858   /home/dzialoszynski/.m2/repository/com/netflix/netflix-commons/netflix-commons-util/0.3.0/netflix-commons-util-0.3.0.jar
84f4b000-84f58000 r--s 00083000 08:06 20580159   /home/dzialoszynski/.m2/repository/commons-collections/commons-collections/3.2.2/commons-collections-3.2.2.jar
84f58000-84f5a000 r--s 0000c000 08:06 21365856   /home/dzialoszynski/.m2/repository/com/netflix/ribbon/ribbon-httpclient/2.2.5/ribbon-httpclient-2.2.5.jar
84f5a000-84f5e000 r--s 00011000 08:06 21365854   /home/dzialoszynski/.m2/repository/com/netflix/ribbon/ribbon-core/2.2.5/ribbon-core-2.2.5.jar
84f5e000-84f5f000 r--s 00007000 08:06 21236683   /home/dzialoszynski/.m2/repository/io/netty/netty-resolver/4.1.29.Final/netty-resolver-4.1.29.Final.jar
84f5f000-84f68000 r--s 00068000 08:06 21236677   /home/dzialoszynski/.m2/repository/io/netty/netty-transport/4.1.29.Final/netty-transport-4.1.29.Final.jar
84f68000-84f6a000 r--s 00006000 08:06 21236687   /home/dzialoszynski/.m2/repository/io/netty/netty-transport-native-unix-common/4.1.29.Final/netty-transport-native-unix-common-4.1.29.Final.jar
84f6a000-84f6e000 r--s 0003f000 08:06 21236679   /home/dzialoszynski/.m2/repository/io/netty/netty-buffer/4.1.29.Final/netty-buffer-4.1.29.Final.jar
84f6e000-84f7b000 r--s 00081000 08:06 21236666   /home/dzialoszynski/.m2/repository/io/netty/netty-common/4.1.29.Final/netty-common-4.1.29.Final.jar
84f7b000-84f7e000 r--s 0001a000 08:06 21236681   /home/dzialoszynski/.m2/repository/io/netty/netty-transport-native-epoll/4.1.29.Final/netty-transport-native-epoll-4.1.29.Final.jar
84f7e000-84f85000 r--s 00047000 08:06 21236659   /home/dzialoszynski/.m2/repository/io/netty/netty-codec/4.1.29.Final/netty-codec-4.1.29.Final.jar
84f85000-84f8f000 r--s 00080000 08:06 21236674   /home/dzialoszynski/.m2/repository/io/netty/netty-codec-http/4.1.29.Final/netty-codec-http-4.1.29.Final.jar
84f8f000-84f99000 r--s 00059000 08:06 21236358   /home/dzialoszynski/.m2/repository/io/reactivex/rxnetty/0.4.9/rxnetty-0.4.9.jar
84f99000-84fa5000 r--s 00068000 08:06 21365852   /home/dzialoszynski/.m2/repository/com/netflix/hystrix/hystrix-core/1.5.12/hystrix-core-1.5.12.jar
84fa5000-84fa7000 r--s 00006000 08:06 21236354   /home/dzialoszynski/.m2/repository/io/reactivex/rxnetty-servo/0.4.9/rxnetty-servo-0.4.9.jar
84fa7000-84faa000 r--s 0000b000 08:06 21236352   /home/dzialoszynski/.m2/repository/io/reactivex/rxnetty-contexts/0.4.9/rxnetty-contexts-0.4.9.jar
84faa000-84fab000 r--s 00009000 08:06 21365850   /home/dzialoszynski/.m2/repository/com/netflix/ribbon/ribbon-transport/2.2.5/ribbon-transport-2.2.5.jar
84fab000-84faf000 r--s 00012000 08:06 21365848   /home/dzialoszynski/.m2/repository/com/netflix/ribbon/ribbon/2.2.5/ribbon-2.2.5.jar
84faf000-84fb4000 r--s 00041000 08:06 22545060   /home/dzialoszynski/.m2/repository/commons-lang/commons-lang/2.6/commons-lang-2.6.jar
84fb4000-84fbb000 r--s 00050000 08:06 20580157   /home/dzialoszynski/.m2/repository/commons-configuration/commons-configuration/1.8/commons-configuration-1.8.jar
84fbb000-84fbd000 r--s 00002000 08:06 21236991   /home/dzialoszynski/.m2/repository/org/springframework/cloud/spring-cloud-netflix-archaius/2.0.1.RELEASE/spring-cloud-netflix-archaius-2.0.1.RELEASE.jar
84fbd000-84fc1000 r--s 00016000 08:06 21236989   /home/dzialoszynski/.m2/repository/org/springframework/cloud/spring-cloud-netflix-ribbon/2.0.1.RELEASE/spring-cloud-netflix-ribbon-2.0.1.RELEASE.jar
84fc1000-84fcf000 r--s 00082000 08:06 24380015   /home/dzialoszynski/.m2/repository/com/thoughtworks/xstream/xstream/1.4.10/xstream-1.4.10.jar
84fcf000-84fd5000 r--s 00078000 08:06 7864946    /home/dzialoszynski/.m2/repository/com/fasterxml/woodstox/woodstox-core/5.0.3/woodstox-core-5.0.3.jar
84fd5000-85000000 r--s 001f5000 08:06 24380013   /home/dzialoszynski/.m2/repository/com/google/guava/guava/16.0/guava-16.0.jar
85000000-85100000 rw-p 00000000 00:00 0 
85100000-851fd000 rw-p 00000000 00:00 0 
851fd000-85200000 ---p 00000000 00:00 0 
85200000-85201000 r--s 00000000 08:06 21236993   /home/dzialoszynski/.m2/repository/org/springframework/cloud/spring-cloud-starter-netflix-ribbon/2.0.1.RELEASE/spring-cloud-starter-netflix-ribbon-2.0.1.RELEASE.jar
85201000-85202000 r--s 00000000 08:06 21236987   /home/dzialoszynski/.m2/repository/org/springframework/cloud/spring-cloud-starter-netflix-archaius/2.0.1.RELEASE/spring-cloud-starter-netflix-archaius-2.0.1.RELEASE.jar
85202000-85204000 r--s 00005000 08:06 24381193   /home/dzialoszynski/.m2/repository/xpp3/xpp3_min/1.1.4c/xpp3_min-1.1.4c.jar
85204000-85205000 r--s 00001000 08:06 24381191   /home/dzialoszynski/.m2/repository/xmlpull/xmlpull/1.1.3.1/xmlpull-1.1.3.1.jar
85205000-85209000 r--s 00024000 08:06 7864948    /home/dzialoszynski/.m2/repository/org/codehaus/woodstox/stax2-api/3.1.4/stax2-api-3.1.4.jar
85209000-8520b000 r--s 00007000 08:06 21236672   /home/dzialoszynski/.m2/repository/com/fasterxml/jackson/module/jackson-module-jaxb-annotations/2.9.6/jackson-module-jaxb-annotations-2.9.6.jar
8520b000-8520e000 r--s 00016000 08:06 21237015   /home/dzialoszynski/.m2/repository/com/fasterxml/jackson/dataformat/jackson-dataformat-xml/2.9.6/jackson-dataformat-xml-2.9.6.jar
8520e000-8520f000 r--s 00000000 08:06 24382143   /home/dzialoszynski/.m2/repository/javax/inject/javax.inject/1/javax.inject-1.jar
8520f000-85211000 r--s 00003000 08:06 21236336   /home/dzialoszynski/.m2/repository/com/google/code/findbugs/jsr305/3.0.1/jsr305-3.0.1.jar
85211000-85215000 r--s 0001f000 08:06 21365842   /home/dzialoszynski/.m2/repository/com/netflix/archaius/archaius-core/0.7.6/archaius-core-0.7.6.jar
85215000-85217000 r--s 00004000 08:06 21236334   /home/dzialoszynski/.m2/repository/javax/xml/stream/stax-api/1.0-2/stax-api-1.0-2.jar
85217000-8521d000 r--s 00071000 08:06 7865427    /home/dzialoszynski/.m2/repository/org/codehaus/woodstox/woodstox-core-asl/4.4.1/woodstox-core-asl-4.4.1.jar
8521d000-85222000 r--s 00039000 08:06 21365846   /home/dzialoszynski/.m2/repository/com/netflix/eureka/eureka-core/1.9.3/eureka-core-1.9.3.jar
85222000-85232000 r--s 0009d000 08:06 21236322   /home/dzialoszynski/.m2/repository/com/sun/jersey/jersey-server/1.19.1/jersey-server-1.19.1.jar
85232000-85236000 r--s 0001c000 08:06 21236320   /home/dzialoszynski/.m2/repository/com/sun/jersey/jersey-servlet/1.19.1/jersey-servlet-1.19.1.jar
85236000-85249000 r--s 00137000 08:06 21236985   /home/dzialoszynski/.m2/repository/com/fasterxml/jackson/core/jackson-databind/2.9.6/jackson-databind-2.9.6.jar
85249000-8524e000 r--s 0004b000 08:06 21236983   /home/dzialoszynski/.m2/repository/com/fasterxml/jackson/core/jackson-core/2.9.6/jackson-core-2.9.6.jar
8524e000-85251000 r--s 0000e000 08:06 21236139   /home/dzialoszynski/.m2/repository/com/fasterxml/jackson/core/jackson-annotations/2.9.0/jackson-annotations-2.9.0.jar
85251000-85256000 r--s 00024000 08:06 21236981   /home/dzialoszynski/.m2/repository/com/github/andrewoma/dexx/dexx-collections/0.2/dexx-collections-0.2.jar
85256000-85257000 r--s 00004000 08:06 21236979   /home/dzialoszynski/.m2/repository/com/github/vlsi/compactmap/compactmap/1.2.1/compactmap-1.2.1.jar
85257000-85259000 r--s 00000000 08:06 24382147   /home/dzialoszynski/.m2/repository/aopalliance/aopalliance/1.0/aopalliance-1.0.jar
85259000-85267000 r--s 00097000 08:06 21236977   /home/dzialoszynski/.m2/repository/com/google/inject/guice/4.1.0/guice-4.1.0.jar
85267000-8526e000 r--s 0004b000 08:06 22545067   /home/dzialoszynski/.m2/repository/commons-codec/commons-codec/1.11/commons-codec-1.11.jar
8526e000-85275000 r--s 00049000 08:06 21236671   /home/dzialoszynski/.m2/repository/org/apache/httpcomponents/httpcore/4.4.10/httpcore-4.4.10.jar
85275000-85282000 r--s 000af000 08:06 21236658   /home/dzialoszynski/.m2/repository/org/apache/httpcomponents/httpclient/4.5.6/httpclient-4.5.6.jar
85282000-85284000 r--s 00003000 08:06 21236312   /home/dzialoszynski/.m2/repository/com/sun/jersey/contribs/jersey-apache-client4/1.19.1/jersey-apache-client4-1.19.1.jar
85284000-85287000 r--s 0001e000 08:06 21236310   /home/dzialoszynski/.m2/repository/com/sun/jersey/jersey-client/1.19.1/jersey-client-1.19.1.jar
85287000-85291000 r--s 00061000 08:06 21236308   /home/dzialoszynski/.m2/repository/com/sun/jersey/jersey-core/1.19.1/jersey-core-1.19.1.jar
85291000-85296000 r--s 00033000 08:06 21365844   /home/dzialoszynski/.m2/repository/com/netflix/servo/servo-core/0.12.21/servo-core-0.12.21.jar
85296000-85298000 r--s 0000a000 08:06 7865425    /home/dzialoszynski/.m2/repository/javax/ws/rs/jsr311-api/1.1.1/jsr311-api-1.1.1.jar
85298000-852ab000 r--s 000df000 08:06 21236975   /home/dzialoszynski/.m2/repository/org/apache/commons/commons-math/2.2/commons-math-2.2.jar
852ab000-852b0000 r--s 00036000 08:06 21236973   /home/dzialoszynski/.m2/repository/com/google/code/gson/gson/2.8.5/gson-2.8.5.jar
852b0000-852b5000 r--s 00068000 08:06 22414141   /home/dzialoszynski/.m2/repository/antlr/antlr/2.7.7/antlr-2.7.7.jar
852b5000-852b8000 r--s 00022000 08:06 21236971   /home/dzialoszynski/.m2/repository/org/antlr/stringtemplate/3.2.1/stringtemplate-3.2.1.jar
852b8000-852bc000 r--s 00025000 08:06 21236969   /home/dzialoszynski/.m2/repository/org/antlr/antlr-runtime/3.4/antlr-runtime-3.4.jar
852bc000-852cd000 r--s 0008a000 08:06 20580169   /home/dzialoszynski/.m2/repository/joda-time/joda-time/2.9.9/joda-time-2.9.9.jar
852cd000-852d3000 r--s 00044000 08:06 20580167   /home/dzialoszynski/.m2/repository/commons-jxpath/commons-jxpath/1.3/commons-jxpath-1.3.jar
852d3000-852d6000 r--s 00016000 08:06 21365840   /home/dzialoszynski/.m2/repository/com/netflix/netflix-commons/netflix-infix/0.3.0/netflix-infix-0.3.0.jar
852d6000-852d8000 r--s 0000f000 08:06 21365759   /home/dzialoszynski/.m2/repository/com/netflix/netflix-commons/netflix-eventbus/0.3.0/netflix-eventbus-0.3.0.jar
852d8000-852da000 r--s 00005000 08:06 20580155   /home/dzialoszynski/.m2/repository/stax/stax-api/1.0.1/stax-api-1.0.1.jar
852da000-852dd000 r--s 00012000 08:06 21236306   /home/dzialoszynski/.m2/repository/org/codehaus/jettison/jettison/1.3.7/jettison-1.3.7.jar
852dd000-852e7000 r--s 00062000 08:06 21365838   /home/dzialoszynski/.m2/repository/com/netflix/eureka/eureka-client/1.9.3/eureka-client-1.9.3.jar
852e7000-85300000 r--s 001bf000 08:06 22414125   /home/dzialoszynski/.m2/repository/org/aspectj/aspectjweaver/1.8.13/aspectjweaver-1.8.13.jar
85300000-853fd000 rw-p 00000000 00:00 0 
853fd000-85400000 ---p 00000000 00:00 0 
85400000-85403000 r--s 00015000 08:06 21236967   /home/dzialoszynski/.m2/repository/org/springframework/cloud/spring-cloud-netflix-eureka-client/2.0.1.RELEASE/spring-cloud-netflix-eureka-client-2.0.1.RELEASE.jar
85403000-85405000 r--s 00005000 08:06 21236961   /home/dzialoszynski/.m2/repository/org/springframework/cloud/spring-cloud-netflix-core/2.0.1.RELEASE/spring-cloud-netflix-core-2.0.1.RELEASE.jar
85405000-85409000 r--s 00028000 08:06 21237013   /home/dzialoszynski/.m2/repository/org/springframework/spring-context-support/5.0.9.RELEASE/spring-context-support-5.0.9.RELEASE.jar
85409000-85425000 r--s 00159000 08:06 21236654   /home/dzialoszynski/.m2/repository/org/freemarker/freemarker/2.3.28/freemarker-2.3.28.jar
85425000-85427000 r--s 00006000 08:06 21236665   /home/dzialoszynski/.m2/repository/org/latencyutils/LatencyUtils/2.0.3/LatencyUtils-2.0.3.jar
85427000-85429000 r--s 0001b000 08:06 21236661   /home/dzialoszynski/.m2/repository/org/hdrhistogram/HdrHistogram/2.1.10/HdrHistogram-2.1.10.jar
85429000-85431000 r--s 0004f000 08:06 21236653   /home/dzialoszynski/.m2/repository/io/micrometer/micrometer-core/1.0.6/micrometer-core-1.0.6.jar
85431000-8543f000 r--s 00064000 08:06 21236657   /home/dzialoszynski/.m2/repository/org/springframework/boot/spring-boot-actuator/2.0.5.RELEASE/spring-boot-actuator-2.0.5.RELEASE.jar
8543f000-8544c000 r--s 00051000 08:06 21236571   /home/dzialoszynski/.m2/repository/org/springframework/boot/spring-boot-actuator-autoconfigure/2.0.5.RELEASE/spring-boot-actuator-autoconfigure-2.0.5.RELEASE.jar
8544c000-85451000 r--s 00040000 08:06 21236999   /home/dzialoszynski/.m2/repository/org/springframework/spring-expression/5.0.9.RELEASE/spring-expression-5.0.9.RELEASE.jar
85451000-8545a000 r--s 00051000 08:06 21236963   /home/dzialoszynski/.m2/repository/org/springframework/spring-aop/5.0.9.RELEASE/spring-aop-5.0.9.RELEASE.jar
8545a000-85469000 r--s 000b3000 08:06 24380017   /home/dzialoszynski/.m2/repository/org/springframework/spring-webmvc/5.0.9.RELEASE/spring-webmvc-5.0.9.RELEASE.jar
85469000-85476000 r--s 00095000 08:06 21236965   /home/dzialoszynski/.m2/repository/org/springframework/spring-beans/5.0.9.RELEASE/spring-beans-5.0.9.RELEASE.jar
85476000-85490000 r--s 0011b000 08:06 21237011   /home/dzialoszynski/.m2/repository/org/springframework/spring-web/5.0.9.RELEASE/spring-web-5.0.9.RELEASE.jar
85490000-85492000 r--s 0000e000 08:06 24380957   /home/dzialoszynski/.m2/repository/com/fasterxml/classmate/1.3.4/classmate-1.3.4.jar
85492000-85494000 r--s 0000f000 08:06 7865518    /home/dzialoszynski/.m2/repository/org/jboss/logging/jboss-logging/3.3.2.Final/jboss-logging-3.3.2.Final.jar
85494000-854be000 r--s 002d5000 08:06 21236625   /home/dzialoszynski/.m2/repository/org/apache/tomcat/embed/tomcat-embed-core/8.5.34/tomcat-embed-core-8.5.34.jar
854be000-85509000 r--s 002ff000 08:06 21236959   /home/dzialoszynski/.m2/repository/org/bouncycastle/bcprov-jdk15on/1.56/bcprov-jdk15on-1.56.jar
85509000-8550a000 ---p 00000000 00:00 0 
8550a000-8558a000 rw-p 00000000 00:00 0 
8558a000-8558d000 ---p 00000000 00:00 0 
8558d000-855db000 rw-p 00000000 00:00 0 
855db000-855de000 ---p 00000000 00:00 0 
855de000-8565c000 rw-p 00000000 00:00 0 
8565c000-8565f000 ---p 00000000 00:00 0 
8565f000-856dd000 rw-p 00000000 00:00 0 
856dd000-856e0000 ---p 00000000 00:00 0 
856e0000-8572e000 rw-p 00000000 00:00 0 
8572e000-8592e000 r--p 00000000 08:01 1059256    /usr/share/locale/locale-archive
8592e000-85931000 ---p 00000000 00:00 0 
85931000-8597f000 rw-p 00000000 00:00 0 
8597f000-85980000 ---p 00000000 00:00 0 
85980000-85a00000 rw-p 00000000 00:00 0 
85a00000-85afb000 rw-p 00000000 00:00 0 
85afb000-85b00000 ---p 00000000 00:00 0 
85b00000-85b01000 r--s 00000000 08:06 22414272   /home/dzialoszynski/.m2/repository/org/springframework/boot/spring-boot-starter-aop/2.0.5.RELEASE/spring-boot-starter-aop-2.0.5.RELEASE.jar
85b01000-85b06000 r--s 00012000 08:06 7865520    /home/dzialoszynski/.m2/repository/javax/validation/validation-api/2.0.1.Final/validation-api-2.0.1.Final.jar
85b06000-85b23000 r--s 000fe000 08:06 21236648   /home/dzialoszynski/.m2/repository/org/hibernate/validator/hibernate-validator/6.0.12.Final/hibernate-validator-6.0.12.Final.jar
85b23000-85cfc000 r--s 03d1f000 08:06 20842497   /home/dzialoszynski/progs/eclipse-oxygen/jre1.8.0_91/lib/rt.jar
85cfc000-86142000 rw-p 00000000 00:00 0 
86142000-86148000 ---p 00000000 00:00 0 
86148000-87300000 rw-p 00000000 00:00 0 
87300000-873fe000 rw-p 00000000 00:00 0 
873fe000-87400000 ---p 00000000 00:00 0 
87400000-87405000 r--s 0003a000 08:06 21236649   /home/dzialoszynski/.m2/repository/org/apache/tomcat/embed/tomcat-embed-websocket/8.5.34/tomcat-embed-websocket-8.5.34.jar
87405000-87408000 ---p 00000000 00:00 0 
87408000-87500000 rw-p 00000000 00:00 0 
87500000-87521000 rw-p 00000000 00:00 0 
87521000-87600000 ---p 00000000 00:00 0 
87600000-87601000 r--s 00000000 08:06 21236663   /home/dzialoszynski/.m2/repository/org/springframework/boot/spring-boot-starter-freemarker/2.0.5.RELEASE/spring-boot-starter-freemarker-2.0.5.RELEASE.jar
87601000-87602000 ---p 00000000 00:00 0 
87602000-87682000 rw-p 00000000 00:00 0 
87682000-87683000 ---p 00000000 00:00 0 
87683000-8770e000 rw-p 00000000 00:00 0 
8770e000-877ab000 ---p 00000000 00:00 0 
877ab000-877bd000 rw-p 00000000 00:00 0 
877bd000-877ff000 ---p 00000000 00:00 0 
877ff000-88d80000 rw-p 00000000 00:00 0 
88d80000-9c800000 ---p 00000000 00:00 0 
9c800000-9ea80000 rw-p 00000000 00:00 0 
9ea80000-a7000000 ---p 00000000 00:00 0 
a7000000-a7001000 r--s 00000000 08:06 21236650   /home/dzialoszynski/.m2/repository/org/springframework/boot/spring-boot-starter-actuator/2.0.5.RELEASE/spring-boot-starter-actuator-2.0.5.RELEASE.jar
a7001000-a7006000 r--s 00038000 08:06 21236695   /home/dzialoszynski/.m2/repository/org/apache/tomcat/embed/tomcat-embed-el/8.5.34/tomcat-embed-el-8.5.34.jar
a7006000-a7007000 r--s 00000000 08:06 21236641   /home/dzialoszynski/.m2/repository/org/springframework/boot/spring-boot-starter-tomcat/2.0.5.RELEASE/spring-boot-starter-tomcat-2.0.5.RELEASE.jar
a7007000-a7009000 r--s 00001000 08:06 21237009   /home/dzialoszynski/.m2/repository/com/fasterxml/jackson/module/jackson-module-parameter-names/2.9.6/jackson-module-parameter-names-2.9.6.jar
a7009000-a700c000 r--s 00016000 08:06 21237007   /home/dzialoszynski/.m2/repository/com/fasterxml/jackson/datatype/jackson-datatype-jsr310/2.9.6/jackson-datatype-jsr310-2.9.6.jar
a700c000-a700e000 r--s 00007000 08:06 21237005   /home/dzialoszynski/.m2/repository/com/fasterxml/jackson/datatype/jackson-datatype-jdk8/2.9.6/jackson-datatype-jdk8-2.9.6.jar
a700e000-a700f000 r--s 00000000 08:06 21236633   /home/dzialoszynski/.m2/repository/org/springframework/boot/spring-boot-starter-json/2.0.5.RELEASE/spring-boot-starter-json-2.0.5.RELEASE.jar
a700f000-a7010000 r--s 00000000 08:06 21236631   /home/dzialoszynski/.m2/repository/org/springframework/boot/spring-boot-starter-web/2.0.5.RELEASE/spring-boot-starter-web-2.0.5.RELEASE.jar
a7010000-a7013000 r--s 00075000 08:06 21237003   /home/dzialoszynski/.m2/repository/org/springframework/cloud/spring-cloud-netflix-eureka-server/2.0.1.RELEASE/spring-cloud-netflix-eureka-server-2.0.1.RELEASE.jar
a7013000-a7024000 r--s 00097000 08:06 21236957   /home/dzialoszynski/.m2/repository/org/bouncycastle/bcpkix-jdk15on/1.56/bcpkix-jdk15on-1.56.jar
a7024000-a7025000 r--s 00004000 08:06 21236955   /home/dzialoszynski/.m2/repository/org/springframework/security/spring-security-rsa/1.0.5.RELEASE/spring-security-rsa-1.0.5.RELEASE.jar
a7025000-a702a000 r--s 0001b000 08:06 21236953   /home/dzialoszynski/.m2/repository/org/springframework/cloud/spring-cloud-commons/2.0.1.RELEASE/spring-cloud-commons-2.0.1.RELEASE.jar
a702a000-a702c000 r--s 00010000 08:06 21236951   /home/dzialoszynski/.m2/repository/org/springframework/security/spring-security-crypto/5.0.8.RELEASE/spring-security-crypto-5.0.8.RELEASE.jar
a702c000-a7030000 r--s 00016000 08:06 21236949   /home/dzialoszynski/.m2/repository/org/springframework/cloud/spring-cloud-context/2.0.1.RELEASE/spring-cloud-context-2.0.1.RELEASE.jar
a7030000-a7031000 r--s 00000000 08:06 21236947   /home/dzialoszynski/.m2/repository/org/springframework/cloud/spring-cloud-starter/2.0.1.RELEASE/spring-cloud-starter-2.0.1.RELEASE.jar
a7031000-a7036000 r--s 00084000 08:06 20842496   /home/dzialoszynski/progs/eclipse-oxygen/jre1.8.0_91/lib/jfr.jar
a7036000-a7049000 r--s 00344000 08:06 20842558   /home/dzialoszynski/progs/eclipse-oxygen/jre1.8.0_91/lib/resources.jar
a7049000-a7054000 rw-p 00000000 00:00 0 
a7054000-a70f1000 ---p 00000000 00:00 0 
a70f1000-a70fb000 rw-p 00000000 00:00 0 
a70fb000-a74b1000 ---p 00000000 00:00 0 
a74b1000-a7701000 rwxp 00000000 00:00 0 
a7701000-b64b1000 ---p 00000000 00:00 0 
b64b1000-b64ca000 r-xp 00000000 08:06 4457450    /home/dzialoszynski/progs/eclipse-oxygen/jre1.8.0_91/lib/i386/libzip.so
b64ca000-b64cb000 rw-p 00019000 08:06 4457450    /home/dzialoszynski/progs/eclipse-oxygen/jre1.8.0_91/lib/i386/libzip.so
b64cb000-b6500000 r--s 00000000 08:01 2622005    /var/db/nscd/passwd
b6500000-b65ff000 rw-p 00000000 00:00 0 
b65ff000-b6600000 ---p 00000000 00:00 0 
b6600000-b6601000 r--s 00000000 08:06 21237001   /home/dzialoszynski/.m2/repository/org/springframework/cloud/spring-cloud-starter-netflix-eureka-server/2.0.1.RELEASE/spring-cloud-starter-netflix-eureka-server-2.0.1.RELEASE.jar
b6601000-b6607000 r--s 002f8000 08:06 20842507   /home/dzialoszynski/progs/eclipse-oxygen/jre1.8.0_91/lib/charsets.jar
b6607000-b660a000 r--s 0001a000 08:06 20842543   /home/dzialoszynski/progs/eclipse-oxygen/jre1.8.0_91/lib/jce.jar
b660a000-b660e000 r--s 00097000 08:06 20842559   /home/dzialoszynski/progs/eclipse-oxygen/jre1.8.0_91/lib/jsse.jar
b660e000-b660f000 r--p 0031d000 08:01 1059256    /usr/share/locale/locale-archive
b660f000-b6633000 r-xp 00000000 08:06 4457463    /home/dzialoszynski/progs/eclipse-oxygen/jre1.8.0_91/lib/i386/libjava.so
b6633000-b6634000 rw-p 00023000 08:06 4457463    /home/dzialoszynski/progs/eclipse-oxygen/jre1.8.0_91/lib/i386/libjava.so
b6634000-b663b000 r-xp 00000000 08:01 1070210    /usr/lib/i686/librt-2.20.so
b663b000-b663c000 r--p 00006000 08:01 1070210    /usr/lib/i686/librt-2.20.so
b663c000-b663d000 rw-p 00007000 08:01 1070210    /usr/lib/i686/librt-2.20.so
b663d000-b6640000 ---p 00000000 00:00 0 
b6640000-b668e000 rw-p 00000000 00:00 0 
b668e000-b66d9000 r-xp 00000000 08:01 1070204    /usr/lib/i686/libm-2.20.so
b66d9000-b66da000 r--p 0004a000 08:01 1070204    /usr/lib/i686/libm-2.20.so
b66da000-b66db000 rw-p 0004b000 08:01 1070204    /usr/lib/i686/libm-2.20.so
b66db000-b705e000 r-xp 00000000 08:06 4457440    /home/dzialoszynski/progs/eclipse-oxygen/jre1.8.0_91/lib/i386/server/libjvm.so
b705e000-b70cb000 rw-p 00983000 08:06 4457440    /home/dzialoszynski/progs/eclipse-oxygen/jre1.8.0_91/lib/i386/server/libjvm.so
b70cb000-b74f4000 rw-p 00000000 00:00 0 
b74f4000-b76b7000 r-xp 00000000 08:01 1054650    /usr/lib/i686/libc-2.20.so
b76b7000-b76ba000 r--p 001c2000 08:01 1054650    /usr/lib/i686/libc-2.20.so
b76ba000-b76bc000 rw-p 001c5000 08:01 1054650    /usr/lib/i686/libc-2.20.so
b76bc000-b76be000 rw-p 00000000 00:00 0 
b76be000-b76c1000 r-xp 00000000 08:01 1070821    /usr/lib/libdl-2.20.so
b76c1000-b76c2000 r--p 00002000 08:01 1070821    /usr/lib/libdl-2.20.so
b76c2000-b76c3000 rw-p 00003000 08:01 1070821    /usr/lib/libdl-2.20.so
b76c3000-b76c4000 rw-p 00000000 00:00 0 
b76c4000-b76d8000 r-xp 00000000 08:06 7340422    /home/dzialoszynski/progs/eclipse-oxygen/jre1.8.0_91/lib/i386/jli/libjli.so
b76d8000-b76d9000 rw-p 00014000 08:06 7340422    /home/dzialoszynski/progs/eclipse-oxygen/jre1.8.0_91/lib/i386/jli/libjli.so
b76d9000-b76f0000 r-xp 00000000 08:01 1070208    /usr/lib/i686/libpthread-2.20.so
b76f0000-b76f1000 r--p 00017000 08:01 1070208    /usr/lib/i686/libpthread-2.20.so
b76f1000-b76f2000 rw-p 00018000 08:01 1070208    /usr/lib/i686/libpthread-2.20.so
b76f2000-b7700000 rw-p 00000000 00:00 0 
b7700000-b7708000 rw-s 00000000 00:20 322215     /tmp/hsperfdata_dzialoszynski/6131
b7708000-b7709000 rw-p 00000000 00:00 0 
b7709000-b770a000 ---p 00000000 00:00 0 
b770a000-b7715000 r-xp 00000000 08:06 4457482    /home/dzialoszynski/progs/eclipse-oxygen/jre1.8.0_91/lib/i386/libverify.so
b7715000-b7716000 rw-p 0000b000 08:06 4457482    /home/dzialoszynski/progs/eclipse-oxygen/jre1.8.0_91/lib/i386/libverify.so
b7716000-b7719000 r--p 00000000 00:00 0          [vvar]
b7719000-b771a000 r-xp 00000000 00:00 0          [vdso]
b771a000-b773a000 r-xp 00000000 08:01 1058285    /usr/lib/ld-2.20.so
b773a000-b773b000 rw-p 00000000 00:00 0 
b773b000-b773c000 r--p 00020000 08:01 1058285    /usr/lib/ld-2.20.so
b773c000-b773d000 rw-p 00021000 08:01 1058285    /usr/lib/ld-2.20.so
bfbf9000-bfc1e000 rw-p 00000000 00:00 0          [stack]

VM Arguments:
jvm_args: -Dfile.encoding=UTF-8 
java_command: hello.EurekaServiceApplication
java_class_path (initial): /home/dzialoszynski/progs/eclipse-oxygen/jre1.8.0_91/lib/resources.jar:/home/dzialoszynski/progs/eclipse-oxygen/jre1.8.0_91/lib/rt.jar:/home/dzialoszynski/progs/eclipse-oxygen/jre1.8.0_91/lib/jsse.jar:/home/dzialoszynski/progs/eclipse-oxygen/jre1.8.0_91/lib/jce.jar:/home/dzialoszynski/progs/eclipse-oxygen/jre1.8.0_91/lib/charsets.jar:/home/dzialoszynski/progs/eclipse-oxygen/jre1.8.0_91/lib/jfr.jar:/home/dzialoszynski/progs/eclipse-oxygen/jre1.8.0_91/lib/ext/sunjce_provider.jar:/home/dzialoszynski/progs/eclipse-oxygen/jre1.8.0_91/lib/ext/nashorn.jar:/home/dzialoszynski/progs/eclipse-oxygen/jre1.8.0_91/lib/ext/sunpkcs11.jar:/home/dzialoszynski/progs/eclipse-oxygen/jre1.8.0_91/lib/ext/dnsns.jar:/home/dzialoszynski/progs/eclipse-oxygen/jre1.8.0_91/lib/ext/localedata.jar:/home/dzialoszynski/progs/eclipse-oxygen/jre1.8.0_91/lib/ext/jaccess.jar:/home/dzialoszynski/progs/eclipse-oxygen/jre1.8.0_91/lib/ext/zipfs.jar:/home/dzialoszynski/progs/eclipse-oxygen/jre1.8.0_91/lib/ext/jfxrt.jar:/home/dzialoszynski/progs/eclipse-oxygen/jre1.8.0_91/lib/ext/sunec.jar:/home/dzialoszynski/progs/eclipse-oxygen/jre1.8.0_91/lib/ext/cldrdata.jar:/home/dzialoszynski/workspace/oxygen/gs-service-registration-and-discovery/complete/eureka-service/target/classes:/home/dzialoszynski/.m2/repository/org/springframework/cloud/spring-cloud-starter-netflix-eureka-server/2.0.1.RELEASE/spring-cloud-starter-netflix-eureka-server-2.0.1.RELEASE.jar:/home/dzialoszynski/.m2/repository/org/springframework/cloud/spring-cloud-starter/2.0.1.RELEASE/spring-cloud-starter-2.0.1.RELEASE.jar:/home/dzialoszynski/.m2/repository/org/springframework/cloud/spring-cloud-context/2.0.1.RELEASE/spring-cloud-context-2.0.1.RELEASE.jar:/home/dzialoszynski/.m2/repository/org/springframework/security/spring-security-crypto/5.0.8.RELEASE/spring-security-crypto-5.0.8.RELEASE.jar:/home/dzialoszynski/.m2/repository/org/springframework/cloud/spring-cloud-commons/2.0.1.RELEASE/spring-cloud-commons-2.0.1.RELEAS
Launcher Type: SUN_STANDARD

Environment Variables:
PATH=/usr/local/bin:/usr/bin:/usr/local/games:/usr/games:/home/dzialoszynski/progs/eclipse-oxygen/jdk1.8.0_91/bin:/usr/lib/qt4/bin:/usr/lib/qt5/bin:/home/dzialoszynski/bin
LD_LIBRARY_PATH=/home/dzialoszynski/progs/eclipse-oxygen/jre1.8.0_91/lib/i386/server:/home/dzialoszynski/progs/eclipse-oxygen/jre1.8.0_91/lib/i386:/home/dzialoszynski/progs/eclipse-oxygen/jre1.8.0_91/../lib/i386:/home/dzialoszynski/progs/eclipse-oxygen/jdk1.8.0_91/jre/lib/i386/client:/home/dzialoszynski/progs/eclipse-oxygen/jdk1.8.0_91/jre/lib/i386:
SHELL=/bin/bash
DISPLAY=:0.0

Signal Handlers:
SIGSEGV: [libjvm.so+0x8d0a60], sa_mask[0]=11111111011111111101111111111110, sa_flags=SA_RESTART|SA_SIGINFO
SIGBUS: [libjvm.so+0x8d0a60], sa_mask[0]=11111111011111111101111111111110, sa_flags=SA_RESTART|SA_SIGINFO
SIGFPE: [libjvm.so+0x7503b0], sa_mask[0]=11111111011111111101111111111110, sa_flags=SA_RESTART|SA_SIGINFO
SIGPIPE: [libjvm.so+0x7503b0], sa_mask[0]=11111111011111111101111111111110, sa_flags=SA_RESTART|SA_SIGINFO
SIGXFSZ: [libjvm.so+0x7503b0], sa_mask[0]=11111111011111111101111111111110, sa_flags=SA_RESTART|SA_SIGINFO
SIGILL: [libjvm.so+0x7503b0], sa_mask[0]=11111111011111111101111111111110, sa_flags=SA_RESTART|SA_SIGINFO
SIGUSR1: SIG_DFL, sa_mask[0]=00000000000000000000000000000000, sa_flags=none
SIGUSR2: [libjvm.so+0x751a30], sa_mask[0]=00100000000000000000000000000000, sa_flags=SA_RESTART|SA_SIGINFO
SIGHUP: [libjvm.so+0x752ee0], sa_mask[0]=11111111011111111101111111111110, sa_flags=SA_RESTART|SA_SIGINFO
SIGINT: [libjvm.so+0x752ee0], sa_mask[0]=11111111011111111101111111111110, sa_flags=SA_RESTART|SA_SIGINFO
SIGTERM: [libjvm.so+0x752ee0], sa_mask[0]=11111111011111111101111111111110, sa_flags=SA_RESTART|SA_SIGINFO
SIGQUIT: [libjvm.so+0x752ee0], sa_mask[0]=11111111011111111101111111111110, sa_flags=SA_RESTART|SA_SIGINFO


---------------  S Y S T E M  ---------------

OS:Mageia release 5 (Official) for i586

uname:Linux 4.4.114-desktop-1.mga5 #1 SMP Wed Jan 31 20:41:03 UTC 2018 i686
libc:glibc 2.20 NPTL 2.20 
rlimit: STACK 8192k, CORE 0k, NPROC 4096, NOFILE 4096, AS infinity
load average:0,49 0,20 0,11

/proc/meminfo:
MemTotal:        2058888 kB
MemFree:          359336 kB
MemAvailable:     487384 kB
Buffers:           10276 kB
Cached:           403920 kB
SwapCached:         8664 kB
Active:           964884 kB
Inactive:         650172 kB
Active(anon):     841588 kB
Inactive(anon):   530588 kB
Active(file):     123296 kB
Inactive(file):   119584 kB
Unevictable:          48 kB
Mlocked:              48 kB
HighTotal:       1248084 kB
HighFree:         154156 kB
LowTotal:         810804 kB
LowFree:          205180 kB
SwapTotal:       4191344 kB
SwapFree:        4002232 kB
Dirty:               116 kB
Writeback:             0 kB
AnonPages:       1197172 kB
Mapped:           220188 kB
Shmem:            171316 kB
Slab:              50484 kB
SReclaimable:      33468 kB
SUnreclaim:        17016 kB
KernelStack:        4024 kB
PageTables:         6720 kB
NFS_Unstable:          0 kB
Bounce:                0 kB
WritebackTmp:          0 kB
CommitLimit:     5220788 kB
Committed_AS:    3719132 kB
VmallocTotal:     188416 kB
VmallocUsed:           0 kB
VmallocChunk:          0 kB
HardwareCorrupted:     0 kB
AnonHugePages:         0 kB
CmaTotal:              0 kB
CmaFree:               0 kB
HugePages_Total:       0
HugePages_Free:        0
HugePages_Rsvd:        0
HugePages_Surp:        0
Hugepagesize:       4096 kB
DirectMap4k:       57336 kB
DirectMap4M:      782336 kB


CPU:total 2 (2 cores per cpu, 1 threads per core) family 6 model 14 stepping 8, cmov, cx8, fxsr, mmx, sse, sse2, sse3, tsc

/proc/cpuinfo:
processor	: 0
vendor_id	: GenuineIntel
cpu family	: 6
model		: 14
model name	: Genuine Intel(R) CPU           T2300  @ 1.66GHz
stepping	: 8
microcode	: 0x39
cpu MHz		: 1667.000
cache size	: 2048 KB
physical id	: 0
siblings	: 2
core id		: 0
cpu cores	: 2
apicid		: 0
initial apicid	: 0
fdiv_bug	: no
f00f_bug	: no
coma_bug	: no
fpu		: yes
fpu_exception	: yes
cpuid level	: 10
wp		: yes
flags		: fpu vme de pse tsc msr pae mce cx8 apic sep mtrr pge mca cmov clflush dts acpi mmx fxsr sse sse2 ss ht tm pbe nx constant_tsc arch_perfmon bts aperfmperf pni monitor vmx est tm2 xtpr pdcm dtherm rsb_ctxsw retpoline
bugs		: cpu_meltdown spectre_v1 spectre_v2
bogomips	: 3325.15
clflush size	: 64
cache_alignment	: 64
address sizes	: 32 bits physical, 32 bits virtual
power management:

processor	: 1
vendor_id	: GenuineIntel
cpu family	: 6
model		: 14
model name	: Genuine Intel(R) CPU           T2300  @ 1.66GHz
stepping	: 8
microcode	: 0x39
cpu MHz		: 1667.000
cache size	: 2048 KB
physical id	: 0
siblings	: 2
core id		: 1
cpu cores	: 2
apicid		: 1
initial apicid	: 1
fdiv_bug	: no
f00f_bug	: no
coma_bug	: no
fpu		: yes
fpu_exception	: yes
cpuid level	: 10
wp		: yes
flags		: fpu vme de pse tsc msr pae mce cx8 apic sep mtrr pge mca cmov clflush dts acpi mmx fxsr sse sse2 ss ht tm pbe nx constant_tsc arch_perfmon bts aperfmperf pni monitor vmx est tm2 xtpr pdcm dtherm rsb_ctxsw retpoline
bugs		: cpu_meltdown spectre_v1 spectre_v2
bogomips	: 3325.15
clflush size	: 64
cache_alignment	: 64
address sizes	: 32 bits physical, 32 bits virtual
power management:



Memory: 4k page, physical 2058888k(359336k free), swap 4191344k(4002232k free)

vm_info: Java HotSpot(TM) Server VM (25.91-b14) for linux-x86 JRE (1.8.0_91-b14), built on Apr  1 2016 01:01:13 by "java_re" with gcc 4.3.0 20080428 (Red Hat 4.3.0-8)

time: Sun Oct 28 20:53:37 2018
elapsed time: 1 seconds (0d 0h 0m 1s)

