#
# A fatal error has been detected by the Java Runtime Environment:
#
#  SIGSEGV (0xb) at pc=0xb6ebc69c, pid=8286, tid=2272623424
#
# JRE version: Java(TM) SE Runtime Environment (8.0_91-b14) (build 1.8.0_91-b14)
# Java VM: Java HotSpot(TM) Server VM (25.91-b14 mixed mode linux-x86 )
# Problematic frame:
# V  [libjvm.so+0x73a69c]  ObjArrayKlass::oop_follow_contents(ParCompactionManager*, oopDesc*)+0xdc
#
# Failed to write core dump. Core dumps have been disabled. To enable core dumping, try "ulimit -c unlimited" before starting Java again
#
# If you would like to submit a bug report, please visit:
#   http://bugreport.java.com/bugreport/crash.jsp
#

---------------  T H R E A D  ---------------

Current thread (0xb6514400):  GCTaskThread [stack: 0x876d7000,0x87758000] [id=8293]

siginfo: si_signo: 11 (SIGSEGV), si_code: 1 (SEGV_MAPERR), si_addr: 0x00000024

Registers:
EAX=0x86340000, EBX=0x00000010, ECX=0xb6593604, EDX=0x00788000
ESP=0x87756e40, EBP=0x87756e78, ESI=0x00000020, EDI=0x88516398
EIP=0xb6ebc69c, EFLAGS=0x00010246, CR2=0x00000024

Top of Stack: (sp=0x87756e40)
0x87756e40:   b7185c00 88516370 00000014 885163bc
0x87756e50:   00000010 b65935e0 00000010 85da90f0
0x87756e60:   85da90f0 88516370 b65935e0 77af0d37
0x87756e70:   b65935c0 b65935c8 87756f18 b6f26d38
0x87756e80:   85daaba0 b65935c0 88516370 00000d38
0x87756e90:   b6515240 b6515228 b6515228 b6e999be
0x87756ea0:   b6515228 b6515228 ffffffff ffffffff
0x87756eb0:   b6593620 a75a51e0 400800c0 00000008 

Instructions: (pc=0xb6ebc69c)
0xb6ebc67c:   c1 d3 eb 89 da 83 e3 1f 88 d9 b8 01 00 00 00 d3
0xb6ebc68c:   e0 c1 ea 05 89 c3 a1 d8 5b 18 b7 85 1c 90 75 bc
0xb6ebc69c:   8b 56 04 8b 5a 04 83 fb 00 0f 8e 0d 01 00 00 f6
0xb6ebc6ac:   c3 01 0f 85 0a 01 00 00 c1 fb 02 50 53 56 68 c0 

Register to memory mapping:

EAX=0x86340000 is an unknown value
EBX=0x00000010 is an unknown value
ECX=0xb6593604 is an unknown value
EDX=0x00788000 is an unknown value
ESP=0x87756e40 is an unknown value
EBP=0x87756e78 is an unknown value
ESI=0x00000020 is an unknown value
EDI=0x88516398 is pointing into object: 0x88516370
[Ljava.util.HashMap$Node; 
 - klass: 'java/util/HashMap$Node'[]
 - length: 16


Stack: [0x876d7000,0x87758000],  sp=0x87756e40,  free space=511k
Native frames: (J=compiled Java code, j=interpreted, Vv=VM code, C=native code)
V  [libjvm.so+0x73a69c]  ObjArrayKlass::oop_follow_contents(ParCompactionManager*, oopDesc*)+0xdc
V  [libjvm.so+0x7a4d38]  ParCompactionManager::follow_marking_stacks()+0x128
V  [libjvm.so+0x78d8e9]  MarkFromRootsTask::do_it(GCTaskManager*, unsigned int)+0x69
V  [libjvm.so+0x462ba6]  GCTaskThread::run()+0x106
V  [libjvm.so+0x755d19]  java_start(Thread*)+0x119
C  [libpthread.so.0+0x6386]  start_thread+0xd6


---------------  P R O C E S S  ---------------

Java Threads: ( => current thread )
  0x87439000 JavaThread "Service Thread" daemon [_thread_blocked, id=8301, stack(0x8565c000,0x856ad000)]
  0x87436000 JavaThread "C1 CompilerThread1" daemon [_thread_blocked, id=8300, stack(0x856ad000,0x8572e000)]
  0x87434000 JavaThread "C2 CompilerThread0" daemon [_thread_blocked, id=8299, stack(0x8572e000,0x857af000)]
  0x87432800 JavaThread "Signal Dispatcher" daemon [_thread_blocked, id=8298, stack(0x857af000,0x85800000)]
  0x87418400 JavaThread "Finalizer" daemon [_thread_blocked, id=8297, stack(0x85a00000,0x85a51000)]
  0x87415400 JavaThread "Reference Handler" daemon [_thread_blocked, id=8296, stack(0x85a51000,0x85aa2000)]
  0xb650ac00 JavaThread "main" [_thread_blocked, id=8292, stack(0xb66e4000,0xb6735000)]

Other Threads:
  0x87410c00 VMThread [stack: 0x85aa2000,0x85b23000] [id=8295]
  0x8743b000 WatcherThread [stack: 0x855db000,0x8565c000] [id=8302]

=>0xb6514400 (exited) GCTaskThread [stack: 0x876d7000,0x87758000] [id=8293]

VM state:at safepoint (normal execution)

VM Mutex/Monitor currently owned by a thread:  ([mutex/lock_event])
[0xb6509998] Threads_lock - owner thread: 0x87410c00
[0xb6509da8] Heap_lock - owner thread: 0xb650ac00

Heap:
 PSYoungGen      total 73216K, used 6592K [0x9c800000, 0xa5880000, 0xa7000000)
  eden space 65536K, 0% used [0x9c800000,0x9c800000,0xa0800000)
  from space 7680K, 85% used [0xa0800000,0xa0e700a0,0xa0f80000)
  to   space 8448K, 0% used [0xa5040000,0xa5040000,0xa5880000)
 ParOldGen       total 22016K, used 13621K [0x87800000, 0x88d80000, 0x9c800000)
  object space 22016K, 61% used [0x87800000,0x8854d440,0x88d80000)
 Metaspace       used 15829K, capacity 16357K, committed 16384K, reserved 16688K

Card table byte_map: [0xa7043000,0xa7140000] byte_map_base: 0xa6c07000

Marking Bits: (ParMarkBitMap*) 0xb7185bc0
 Begin Bits: [0x86340000, 0x86b20000)
 End Bits:   [0x86b20000, 0x87300000)

Polling page: 0xb77b0000

CodeCache: size=245760Kb used=7285Kb max_used=7287Kb free=238474Kb
 bounds [0xa7500000, 0xa7c20000, 0xb6500000]
 total_blobs=2856 nmethods=2668 adapters=102
 compilation: enabled

Compilation events (10 events):
Event: 7,066 Thread 0x87436000 2664   !   3       java.util.logging.LogManager::ensureLogManagerInitialized (128 bytes)
Event: 7,067 Thread 0x87436000 nmethod 2664 0xa7c18148 code [0xa7c182c0, 0xa7c187ec]
Event: 7,067 Thread 0x87436000 2665       3       java.lang.Math::min (46 bytes)
Event: 7,068 Thread 0x87436000 nmethod 2665 0xa7c17d48 code [0xa7c17e60, 0xa7c180c0]
Event: 7,095 Thread 0x87436000 2666       3       java.lang.reflect.Field::setFieldAccessor (34 bytes)
Event: 7,096 Thread 0x87436000 nmethod 2666 0xa7c17888 code [0xa7c179c0, 0xa7c17c0c]
Event: 7,099 Thread 0x87436000 2667       3       java.util.TreeMap::getFirstEntry (26 bytes)
Event: 7,100 Thread 0x87436000 nmethod 2667 0xa7c17508 code [0xa7c17620, 0xa7c177a0]
Event: 7,101 Thread 0x87436000 2668       3       java.util.TreeMap$PrivateEntryIterator::<init> (28 bytes)
Event: 7,101 Thread 0x87436000 nmethod 2668 0xa7c171c8 code [0xa7c172e0, 0xa7c17440]

GC Heap History (10 events):
Event: 1,711 GC heap after
Heap after GC invocations=3 (full 0):
 PSYoungGen      total 17664K, used 1269K [0x9c800000, 0x9ea80000, 0xa7000000)
  eden space 16384K, 0% used [0x9c800000,0x9c800000,0x9d800000)
  from space 1280K, 99% used [0x9d800000,0x9d93d7c8,0x9d940000)
  to   space 1280K, 0% used [0x9e940000,0x9e940000,0x9ea80000)
 ParOldGen       total 22016K, used 3452K [0x87800000, 0x88d80000, 0x9c800000)
  object space 22016K, 15% used [0x87800000,0x87b5f1e0,0x88d80000)
 Metaspace       used 7126K, capacity 7429K, committed 7448K, reserved 7472K
}
Event: 2,080 GC heap before
{Heap before GC invocations=4 (full 0):
 PSYoungGen      total 17664K, used 17653K [0x9c800000, 0x9ea80000, 0xa7000000)
  eden space 16384K, 100% used [0x9c800000,0x9d800000,0x9d800000)
  from space 1280K, 99% used [0x9d800000,0x9d93d7c8,0x9d940000)
  to   space 1280K, 0% used [0x9e940000,0x9e940000,0x9ea80000)
 ParOldGen       total 22016K, used 3452K [0x87800000, 0x88d80000, 0x9c800000)
  object space 22016K, 15% used [0x87800000,0x87b5f1e0,0x88d80000)
 Metaspace       used 8850K, capacity 9153K, committed 9240K, reserved 9520K
Event: 2,091 GC heap after
Heap after GC invocations=4 (full 0):
 PSYoungGen      total 34048K, used 1268K [0x9c800000, 0x9ea80000, 0xa7000000)
  eden space 32768K, 0% used [0x9c800000,0x9c800000,0x9e800000)
  from space 1280K, 99% used [0x9e940000,0x9ea7d010,0x9ea80000)
  to   space 1280K, 0% used [0x9e800000,0x9e800000,0x9e940000)
 ParOldGen       total 22016K, used 5722K [0x87800000, 0x88d80000, 0x9c800000)
  object space 22016K, 25% used [0x87800000,0x87d96868,0x88d80000)
 Metaspace       used 8850K, capacity 9153K, committed 9240K, reserved 9520K
}
Event: 3,001 GC heap before
{Heap before GC invocations=5 (full 0):
 PSYoungGen      total 34048K, used 34036K [0x9c800000, 0x9ea80000, 0xa7000000)
  eden space 32768K, 100% used [0x9c800000,0x9e800000,0x9e800000)
  from space 1280K, 99% used [0x9e940000,0x9ea7d010,0x9ea80000)
  to   space 1280K, 0% used [0x9e800000,0x9e800000,0x9e940000)
 ParOldGen       total 22016K, used 5722K [0x87800000, 0x88d80000, 0x9c800000)
  object space 22016K, 25% used [0x87800000,0x87d96868,0x88d80000)
 Metaspace       used 11941K, capacity 12383K, committed 12440K, reserved 12592K
Event: 3,031 GC heap after
Heap after GC invocations=5 (full 0):
 PSYoungGen      total 34048K, used 1278K [0x9c800000, 0xa1800000, 0xa7000000)
  eden space 32768K, 0% used [0x9c800000,0x9c800000,0x9e800000)
  from space 1280K, 99% used [0x9e800000,0x9e93f820,0x9e940000)
  to   space 8192K, 0% used [0xa1000000,0xa1000000,0xa1800000)
 ParOldGen       total 22016K, used 13192K [0x87800000, 0x88d80000, 0x9c800000)
  object space 22016K, 59% used [0x87800000,0x884e2030,0x88d80000)
 Metaspace       used 11941K, capacity 12383K, committed 12440K, reserved 12592K
}
Event: 4,541 GC heap before
{Heap before GC invocations=6 (full 0):
 PSYoungGen      total 34048K, used 34046K [0x9c800000, 0xa1800000, 0xa7000000)
  eden space 32768K, 100% used [0x9c800000,0x9e800000,0x9e800000)
  from space 1280K, 99% used [0x9e800000,0x9e93f820,0x9e940000)
  to   space 8192K, 0% used [0xa1000000,0xa1000000,0xa1800000)
 ParOldGen       total 22016K, used 13192K [0x87800000, 0x88d80000, 0x9c800000)
  object space 22016K, 59% used [0x87800000,0x884e2030,0x88d80000)
 Metaspace       used 13821K, capacity 14300K, committed 14360K, reserved 14640K
Event: 4,562 GC heap after
Heap after GC invocations=6 (full 0):
 PSYoungGen      total 72704K, used 3878K [0x9c800000, 0xa1700000, 0xa7000000)
  eden space 65536K, 0% used [0x9c800000,0x9c800000,0xa0800000)
  from space 7168K, 54% used [0xa1000000,0xa13c9a10,0xa1700000)
  to   space 7680K, 0% used [0xa0800000,0xa0800000,0xa0f80000)
 ParOldGen       total 22016K, used 13196K [0x87800000, 0x88d80000, 0x9c800000)
  object space 22016K, 59% used [0x87800000,0x884e3030,0x88d80000)
 Metaspace       used 13821K, capacity 14300K, committed 14360K, reserved 14640K
}
Event: 7,106 GC heap before
{Heap before GC invocations=7 (full 0):
 PSYoungGen      total 72704K, used 68309K [0x9c800000, 0xa1700000, 0xa7000000)
  eden space 65536K, 98% used [0x9c800000,0xa06ebb00,0xa0800000)
  from space 7168K, 54% used [0xa1000000,0xa13c9a10,0xa1700000)
  to   space 7680K, 0% used [0xa0800000,0xa0800000,0xa0f80000)
 ParOldGen       total 22016K, used 13196K [0x87800000, 0x88d80000, 0x9c800000)
  object space 22016K, 59% used [0x87800000,0x884e3030,0x88d80000)
 Metaspace       used 15829K, capacity 16357K, committed 16384K, reserved 16688K
Event: 7,146 GC heap after
Heap after GC invocations=7 (full 0):
 PSYoungGen      total 73216K, used 6592K [0x9c800000, 0xa5880000, 0xa7000000)
  eden space 65536K, 0% used [0x9c800000,0x9c800000,0xa0800000)
  from space 7680K, 85% used [0xa0800000,0xa0e700a0,0xa0f80000)
  to   space 8448K, 0% used [0xa5040000,0xa5040000,0xa5880000)
 ParOldGen       total 22016K, used 13621K [0x87800000, 0x88d80000, 0x9c800000)
  object space 22016K, 61% used [0x87800000,0x8854d440,0x88d80000)
 Metaspace       used 15829K, capacity 16357K, committed 16384K, reserved 16688K
}
Event: 7,146 GC heap before
{Heap before GC invocations=8 (full 1):
 PSYoungGen      total 73216K, used 6592K [0x9c800000, 0xa5880000, 0xa7000000)
  eden space 65536K, 0% used [0x9c800000,0x9c800000,0xa0800000)
  from space 7680K, 85% used [0xa0800000,0xa0e700a0,0xa0f80000)
  to   space 8448K, 0% used [0xa5040000,0xa5040000,0xa5880000)
 ParOldGen       total 22016K, used 13621K [0x87800000, 0x88d80000, 0x9c800000)
  object space 22016K, 61% used [0x87800000,0x8854d440,0x88d80000)
 Metaspace       used 15829K, capacity 16357K, committed 16384K, reserved 16688K

Deoptimization events (10 events):
Event: 5,580 Thread 0xb650ac00 Uncommon trap: reason=array_check action=maybe_recompile pc=0xa7ab2d98 method=java.util.AbstractCollection.toArray([Ljava/lang/Object;)[Ljava/lang/Object; @ 119
Event: 5,580 Thread 0xb650ac00 Uncommon trap: reason=array_check action=maybe_recompile pc=0xa7ab2d98 method=java.util.AbstractCollection.toArray([Ljava/lang/Object;)[Ljava/lang/Object; @ 119
Event: 5,580 Thread 0xb650ac00 Uncommon trap: reason=array_check action=maybe_recompile pc=0xa7ab2d98 method=java.util.AbstractCollection.toArray([Ljava/lang/Object;)[Ljava/lang/Object; @ 119
Event: 5,617 Thread 0xb650ac00 Uncommon trap: reason=unstable_if action=reinterpret pc=0xa7ac66c0 method=java.net.URI.match(CJJ)Z @ 45
Event: 5,941 Thread 0xb650ac00 Uncommon trap: reason=unstable_if action=reinterpret pc=0xa7ae9468 method=java.util.LinkedList.node(I)Ljava/util/LinkedList$Node; @ 19
Event: 6,686 Thread 0xb650ac00 Uncommon trap: reason=unstable_if action=reinterpret pc=0xa79d437c method=org.springframework.util.ConcurrentReferenceHashMap$Segment.findInChain(Lorg/springframework/util/ConcurrentReferenceHashMap$Reference;Ljava/lang/Object;I)Lorg/springframework/util/
Event: 7,093 Thread 0xb650ac00 Uncommon trap: reason=class_check action=maybe_recompile pc=0xa7a387d4 method=java.lang.reflect.Array.newInstance(Ljava/lang/Class;I)Ljava/lang/Object; @ 2
Event: 7,094 Thread 0xb650ac00 Uncommon trap: reason=class_check action=maybe_recompile pc=0xa7a387d4 method=java.lang.reflect.Array.newInstance(Ljava/lang/Class;I)Ljava/lang/Object; @ 2
Event: 7,095 Thread 0xb650ac00 Uncommon trap: reason=class_check action=maybe_recompile pc=0xa7a387d4 method=java.lang.reflect.Array.newInstance(Ljava/lang/Class;I)Ljava/lang/Object; @ 2
Event: 7,095 Thread 0xb650ac00 Uncommon trap: reason=class_check action=maybe_recompile pc=0xa7a387d4 method=java.lang.reflect.Array.newInstance(Ljava/lang/Class;I)Ljava/lang/Object; @ 2

Internal exceptions (10 events):
Event: 6,949 Thread 0xb650ac00 Exception <a 'java/lang/ClassNotFoundException': org/springframework/boot/autoconfigure/jmx/JmxAutoConfiguration$$EnhancerBySpringCGLIB$$ae928305Customizer> (0xa042df28) thrown at [/HUDSON/workspace/8-2-build-linux-i586/jdk8u91/6644/hotspot/src/share/vm/c
Event: 6,951 Thread 0xb650ac00 Exception <a 'java/lang/ClassNotFoundException': org/springframework/context/annotation/ConfigurationClassEnhancer$EnhancedConfigurationCustomizer> (0xa04593d8) thrown at [/HUDSON/workspace/8-2-build-linux-i586/jdk8u91/6644/hotspot/src/share/vm/classfile/
Event: 6,952 Thread 0xb650ac00 Exception <a 'java/lang/ClassNotFoundException': org/springframework/context/EnvironmentAwareCustomizer> (0xa046e628) thrown at [/HUDSON/workspace/8-2-build-linux-i586/jdk8u91/6644/hotspot/src/share/vm/classfile/systemDictionary.cpp, line 210]
Event: 6,952 Thread 0xb650ac00 Exception <a 'java/lang/ClassNotFoundException': org/springframework/beans/factory/BeanFactoryAwareCustomizer> (0xa0486198) thrown at [/HUDSON/workspace/8-2-build-linux-i586/jdk8u91/6644/hotspot/src/share/vm/classfile/systemDictionary.cpp, line 210]
Event: 6,979 Thread 0xb650ac00 Exception <a 'java/lang/ClassNotFoundException': java/lang/ObjectCustomizer> (0xa051b048) thrown at [/HUDSON/workspace/8-2-build-linux-i586/jdk8u91/6644/hotspot/src/share/vm/classfile/systemDictionary.cpp, line 210]
Event: 6,980 Thread 0xb650ac00 Exception <a 'java/lang/ClassNotFoundException': org/springframework/jmx/export/naming/MetadataNamingStrategyCustomizer> (0xa0537928) thrown at [/HUDSON/workspace/8-2-build-linux-i586/jdk8u91/6644/hotspot/src/share/vm/classfile/systemDictionary.cpp, line 
Event: 6,982 Thread 0xb650ac00 Exception <a 'java/lang/ClassNotFoundException': org/springframework/boot/autoconfigure/jmx/ParentAwareNamingStrategyCustomizer> (0xa0556f88) thrown at [/HUDSON/workspace/8-2-build-linux-i586/jdk8u91/6644/hotspot/src/share/vm/classfile/systemDictionary.cp
Event: 6,989 Thread 0xb650ac00 Exception <a 'java/lang/ClassNotFoundException': org/springframework/context/ApplicationContextAwareCustomizer> (0xa0575b70) thrown at [/HUDSON/workspace/8-2-build-linux-i586/jdk8u91/6644/hotspot/src/share/vm/classfile/systemDictionary.cpp, line 210]
Event: 6,990 Thread 0xb650ac00 Exception <a 'java/lang/ClassNotFoundException': org/springframework/jmx/export/naming/ObjectNamingStrategyCustomizer> (0xa05900f8) thrown at [/HUDSON/workspace/8-2-build-linux-i586/jdk8u91/6644/hotspot/src/share/vm/classfile/systemDictionary.cpp, line 21
Event: 6,991 Thread 0xb650ac00 Exception <a 'java/lang/ClassNotFoundException': org/springframework/beans/factory/InitializingBeanCustomizer> (0xa05a7da8) thrown at [/HUDSON/workspace/8-2-build-linux-i586/jdk8u91/6644/hotspot/src/share/vm/classfile/systemDictionary.cpp, line 210]

Events (10 events):
Event: 7,103 loading class sun/management/MemoryImpl
Event: 7,104 loading class sun/management/NotificationEmitterSupport
Event: 7,105 loading class sun/management/NotificationEmitterSupport done
Event: 7,105 loading class sun/management/MemoryImpl done
Event: 7,105 loading class javax/management/StandardEmitterMBean
Event: 7,105 loading class javax/management/StandardEmitterMBean done
Event: 7,105 loading class java/lang/management/MemoryUsage
Event: 7,106 loading class java/lang/management/MemoryUsage done
Event: 7,106 loading class javax/management/openmbean/CompositeType
Event: 7,106 Executing VM operation: CollectForMetadataAllocation


Dynamic libraries:
08048000-08049000 r-xp 00000000 08:06 26871445   /home/dzialoszynski/progs/eclipse-oxygen/jre1.8.0_91/bin/java
08049000-0804a000 rw-p 00000000 08:06 26871445   /home/dzialoszynski/progs/eclipse-oxygen/jre1.8.0_91/bin/java
090c5000-096e6000 rw-p 00000000 00:00 0          [heap]
837ae000-83a00000 rw-p 00000000 00:00 0 
83a00000-83ae4000 rw-p 00000000 00:00 0 
83ae4000-83b00000 ---p 00000000 00:00 0 
83b00000-83bba000 rw-p 00000000 00:00 0 
83bba000-83c00000 ---p 00000000 00:00 0 
83c00000-83d00000 rw-p 00000000 00:00 0 
83d00000-83d31000 rw-p 00000000 00:00 0 
83d31000-83e00000 ---p 00000000 00:00 0 
83e00000-83f00000 rw-p 00000000 00:00 0 
83f00000-83ff9000 rw-p 00000000 00:00 0 
83ff9000-84000000 ---p 00000000 00:00 0 
84000000-84100000 rw-p 00000000 00:00 0 
84100000-84200000 rw-p 00000000 00:00 0 
84200000-842fc000 rw-p 00000000 00:00 0 
842fc000-84300000 ---p 00000000 00:00 0 
84300000-84400000 rw-p 00000000 00:00 0 
84400000-844f9000 rw-p 00000000 00:00 0 
844f9000-84500000 ---p 00000000 00:00 0 
84526000-84626000 rw-p 00000000 00:00 0 
84626000-84726000 rw-p 00000000 00:00 0 
84726000-84826000 rw-p 00000000 00:00 0 
84826000-8483c000 r-xp 00000000 08:01 1065257    /usr/lib/libresolv-2.20.so
8483c000-8483d000 r--p 00015000 08:01 1065257    /usr/lib/libresolv-2.20.so
8483d000-8483e000 rw-p 00016000 08:01 1065257    /usr/lib/libresolv-2.20.so
8483e000-84840000 rw-p 00000000 00:00 0 
84840000-84858000 r-xp 00000000 08:01 1059482    /usr/lib/libnsl-2.20.so
84858000-84859000 r--p 00017000 08:01 1059482    /usr/lib/libnsl-2.20.so
84859000-8485a000 rw-p 00018000 08:01 1059482    /usr/lib/libnsl-2.20.so
8485a000-8485c000 rw-p 00000000 00:00 0 
8485c000-84867000 r-xp 00000000 08:01 1065251    /usr/lib/libnss_nis-2.20.so
84867000-84868000 r--p 0000a000 08:01 1065251    /usr/lib/libnss_nis-2.20.so
84868000-84869000 rw-p 0000b000 08:01 1065251    /usr/lib/libnss_nis-2.20.so
84869000-84875000 r-xp 00000000 08:01 1070850    /usr/lib/libnss_files-2.20.so
84875000-84876000 r--p 0000b000 08:01 1070850    /usr/lib/libnss_files-2.20.so
84876000-84877000 rw-p 0000c000 08:01 1070850    /usr/lib/libnss_files-2.20.so
84879000-8487a000 rw-p 00000000 00:00 0 
8487a000-84889000 r-xp 00000000 08:06 4457478    /home/dzialoszynski/progs/eclipse-oxygen/jre1.8.0_91/lib/i386/libnio.so
84889000-8488a000 rw-p 0000e000 08:06 4457478    /home/dzialoszynski/progs/eclipse-oxygen/jre1.8.0_91/lib/i386/libnio.so
8488a000-84890000 r--s 002f8000 08:06 20842507   /home/dzialoszynski/progs/eclipse-oxygen/jre1.8.0_91/lib/charsets.jar
84890000-84898000 r-xp 00000000 08:06 4457469    /home/dzialoszynski/progs/eclipse-oxygen/jre1.8.0_91/lib/i386/libmanagement.so
84898000-84899000 rw-p 00007000 08:06 4457469    /home/dzialoszynski/progs/eclipse-oxygen/jre1.8.0_91/lib/i386/libmanagement.so
84899000-8489c000 ---p 00000000 00:00 0 
8489c000-848ea000 rw-p 00000000 00:00 0 
848ea000-848ff000 r-xp 00000000 08:06 4457449    /home/dzialoszynski/progs/eclipse-oxygen/jre1.8.0_91/lib/i386/libnet.so
848ff000-84900000 rw-p 00015000 08:06 4457449    /home/dzialoszynski/progs/eclipse-oxygen/jre1.8.0_91/lib/i386/libnet.so
84900000-84a00000 rw-p 00000000 00:00 0 
84a00000-84b00000 rw-p 00000000 00:00 0 
84b00000-84c00000 rw-p 00000000 00:00 0 
84c00000-84d00000 rw-p 00000000 00:00 0 
84d00000-84dfe000 rw-p 00000000 00:00 0 
84dfe000-84e00000 ---p 00000000 00:00 0 
84e00000-84f00000 rw-p 00000000 00:00 0 
84f00000-85000000 rw-p 00000000 00:00 0 
85000000-850ff000 rw-p 00000000 00:00 0 
850ff000-85100000 ---p 00000000 00:00 0 
85100000-85102000 r-xp 00000000 08:01 1065426    /usr/lib/libnss_mdns4.so.2
85102000-85103000 r--p 00001000 08:01 1065426    /usr/lib/libnss_mdns4.so.2
85103000-85104000 rw-p 00002000 08:01 1065426    /usr/lib/libnss_mdns4.so.2
85104000-85109000 r-xp 00000000 08:01 1064331    /usr/lib/libnss_dns-2.20.so
85109000-8510a000 r--p 00004000 08:01 1064331    /usr/lib/libnss_dns-2.20.so
8510a000-8510b000 rw-p 00005000 08:01 1064331    /usr/lib/libnss_dns-2.20.so
8510b000-8510d000 r-xp 00000000 08:01 1065427    /usr/lib/libnss_mdns4_minimal.so.2
8510d000-8510e000 r--p 00001000 08:01 1065427    /usr/lib/libnss_mdns4_minimal.so.2
8510e000-8510f000 rw-p 00002000 08:01 1065427    /usr/lib/libnss_mdns4_minimal.so.2
8510f000-85113000 r--s 00097000 08:06 20842559   /home/dzialoszynski/progs/eclipse-oxygen/jre1.8.0_91/lib/jsse.jar
85113000-85116000 ---p 00000000 00:00 0 
85116000-85164000 rw-p 00000000 00:00 0 
85164000-8516e000 r--s 00116000 08:06 4457347    /home/dzialoszynski/progs/eclipse-oxygen/jre1.8.0_91/lib/ext/localedata.jar
8516e000-8516f000 r-xp 00000000 08:01 1048912    /usr/lib/gconv/ISO8859-1.so
8516f000-85170000 r--p 00001000 08:01 1048912    /usr/lib/gconv/ISO8859-1.so
85170000-85171000 rw-p 00002000 08:01 1048912    /usr/lib/gconv/ISO8859-1.so
85171000-85178000 r--s 00000000 08:01 1070931    /usr/lib/gconv/gconv-modules.cache
85178000-8519e000 r--p 00000000 08:01 1048978    /usr/share/locale/fr/LC_MESSAGES/libc.mo
8519e000-851b7000 r--s 00102000 08:06 21236692   /home/dzialoszynski/.m2/repository/io/reactivex/rxjava/1.3.8/rxjava-1.3.8.jar
851b7000-851b9000 r--s 00002000 08:06 21365789   /home/dzialoszynski/.m2/repository/com/netflix/netflix-commons/netflix-statistics/0.1.1/netflix-statistics-0.1.1.jar
851b9000-851bd000 r--s 00024000 08:06 21365860   /home/dzialoszynski/.m2/repository/com/netflix/ribbon/ribbon-loadbalancer/2.2.5/ribbon-loadbalancer-2.2.5.jar
851bd000-851bf000 r--s 00001000 08:06 21365858   /home/dzialoszynski/.m2/repository/com/netflix/netflix-commons/netflix-commons-util/0.3.0/netflix-commons-util-0.3.0.jar
851bf000-851c4000 r--s 00033000 08:06 21365844   /home/dzialoszynski/.m2/repository/com/netflix/servo/servo-core/0.12.21/servo-core-0.12.21.jar
851c4000-851c6000 r--s 00003000 08:06 21236312   /home/dzialoszynski/.m2/repository/com/sun/jersey/contribs/jersey-apache-client4/1.19.1/jersey-apache-client4-1.19.1.jar
851c6000-851c8000 r--s 0000a000 08:06 7865425    /home/dzialoszynski/.m2/repository/javax/ws/rs/jsr311-api/1.1.1/jsr311-api-1.1.1.jar
851c8000-851d2000 r--s 00061000 08:06 21236308   /home/dzialoszynski/.m2/repository/com/sun/jersey/jersey-core/1.19.1/jersey-core-1.19.1.jar
851d2000-851d5000 r--s 0001e000 08:06 21236310   /home/dzialoszynski/.m2/repository/com/sun/jersey/jersey-client/1.19.1/jersey-client-1.19.1.jar
851d5000-851dc000 r--s 0004b000 08:06 22545067   /home/dzialoszynski/.m2/repository/commons-codec/commons-codec/1.11/commons-codec-1.11.jar
851dc000-851e3000 r--s 00049000 08:06 21238876   /home/dzialoszynski/.m2/repository/org/apache/httpcomponents/httpcore/4.4.9/httpcore-4.4.9.jar
851e3000-851f1000 r--s 000ae000 08:06 21238874   /home/dzialoszynski/.m2/repository/org/apache/httpcomponents/httpclient/4.5.5/httpclient-4.5.5.jar
851f1000-851fe000 r--s 00083000 08:06 20580159   /home/dzialoszynski/.m2/repository/commons-collections/commons-collections/3.2.2/commons-collections-3.2.2.jar
851fe000-85200000 r--s 0000c000 08:06 21365856   /home/dzialoszynski/.m2/repository/com/netflix/ribbon/ribbon-httpclient/2.2.5/ribbon-httpclient-2.2.5.jar
85200000-852ff000 rw-p 00000000 00:00 0 
852ff000-85300000 ---p 00000000 00:00 0 
85300000-85301000 rw-p 00000000 00:00 0 
85301000-85306000 r--s 00041000 08:06 22545060   /home/dzialoszynski/.m2/repository/commons-lang/commons-lang/2.6/commons-lang-2.6.jar
85306000-8530a000 r--s 00011000 08:06 21365854   /home/dzialoszynski/.m2/repository/com/netflix/ribbon/ribbon-core/2.2.5/ribbon-core-2.2.5.jar
8530a000-85335000 r--s 001f5000 08:06 24380029   /home/dzialoszynski/.m2/repository/com/google/guava/guava/16.0.1/guava-16.0.1.jar
85335000-85336000 r--s 00007000 08:06 21238872   /home/dzialoszynski/.m2/repository/io/netty/netty-resolver/4.1.23.Final/netty-resolver-4.1.23.Final.jar
85336000-8533f000 r--s 00067000 08:06 21238870   /home/dzialoszynski/.m2/repository/io/netty/netty-transport/4.1.23.Final/netty-transport-4.1.23.Final.jar
8533f000-85341000 r--s 00006000 08:06 21238868   /home/dzialoszynski/.m2/repository/io/netty/netty-transport-native-unix-common/4.1.23.Final/netty-transport-native-unix-common-4.1.23.Final.jar
85341000-85345000 r--s 0003f000 08:06 21238866   /home/dzialoszynski/.m2/repository/io/netty/netty-buffer/4.1.23.Final/netty-buffer-4.1.23.Final.jar
85345000-85351000 r--s 00081000 08:06 21238864   /home/dzialoszynski/.m2/repository/io/netty/netty-common/4.1.23.Final/netty-common-4.1.23.Final.jar
85351000-85354000 r--s 0001a000 08:06 21238862   /home/dzialoszynski/.m2/repository/io/netty/netty-transport-native-epoll/4.1.23.Final/netty-transport-native-epoll-4.1.23.Final.jar
85354000-8535b000 r--s 00047000 08:06 21238860   /home/dzialoszynski/.m2/repository/io/netty/netty-codec/4.1.23.Final/netty-codec-4.1.23.Final.jar
8535b000-85366000 r--s 0007f000 08:06 21238858   /home/dzialoszynski/.m2/repository/io/netty/netty-codec-http/4.1.23.Final/netty-codec-http-4.1.23.Final.jar
85366000-85370000 r--s 00059000 08:06 21236358   /home/dzialoszynski/.m2/repository/io/reactivex/rxnetty/0.4.9/rxnetty-0.4.9.jar
85370000-85371000 r--s 00000000 08:06 24382143   /home/dzialoszynski/.m2/repository/javax/inject/javax.inject/1/javax.inject-1.jar
85371000-85373000 r--s 00006000 08:06 21236354   /home/dzialoszynski/.m2/repository/io/reactivex/rxnetty-servo/0.4.9/rxnetty-servo-0.4.9.jar
85373000-85376000 r--s 0000b000 08:06 21236352   /home/dzialoszynski/.m2/repository/io/reactivex/rxnetty-contexts/0.4.9/rxnetty-contexts-0.4.9.jar
85376000-85377000 r--s 00009000 08:06 21365850   /home/dzialoszynski/.m2/repository/com/netflix/ribbon/ribbon-transport/2.2.5/ribbon-transport-2.2.5.jar
85377000-8537b000 r--s 00012000 08:06 21365848   /home/dzialoszynski/.m2/repository/com/netflix/ribbon/ribbon/2.2.5/ribbon-2.2.5.jar
8537b000-85382000 r--s 00050000 08:06 20580157   /home/dzialoszynski/.m2/repository/commons-configuration/commons-configuration/1.8/commons-configuration-1.8.jar
85382000-85383000 r--s 00000000 08:06 21236987   /home/dzialoszynski/.m2/repository/org/springframework/cloud/spring-cloud-starter-netflix-archaius/2.0.1.RELEASE/spring-cloud-starter-netflix-archaius-2.0.1.RELEASE.jar
85383000-85385000 r--s 00002000 08:06 21236991   /home/dzialoszynski/.m2/repository/org/springframework/cloud/spring-cloud-netflix-archaius/2.0.1.RELEASE/spring-cloud-netflix-archaius-2.0.1.RELEASE.jar
85385000-85389000 r--s 00016000 08:06 21236989   /home/dzialoszynski/.m2/repository/org/springframework/cloud/spring-cloud-netflix-ribbon/2.0.1.RELEASE/spring-cloud-netflix-ribbon-2.0.1.RELEASE.jar
85389000-8538a000 r--s 00000000 08:06 21236993   /home/dzialoszynski/.m2/repository/org/springframework/cloud/spring-cloud-starter-netflix-ribbon/2.0.1.RELEASE/spring-cloud-starter-netflix-ribbon-2.0.1.RELEASE.jar
8538a000-8538b000 r--s 00000000 08:06 21238301   /home/dzialoszynski/.m2/repository/io/github/openfeign/feign-java8/9.5.1/feign-java8-9.5.1.jar
8538b000-8538d000 r--s 0001a000 08:06 21236995   /home/dzialoszynski/.m2/repository/org/hdrhistogram/HdrHistogram/2.1.9/HdrHistogram-2.1.9.jar
8538d000-85399000 r--s 00068000 08:06 21365852   /home/dzialoszynski/.m2/repository/com/netflix/hystrix/hystrix-core/1.5.12/hystrix-core-1.5.12.jar
85399000-853ac000 r--s 00135000 08:06 21238814   /home/dzialoszynski/.m2/repository/com/fasterxml/jackson/core/jackson-databind/2.9.5/jackson-databind-2.9.5.jar
853ac000-853b0000 r--s 0004b000 08:06 21238812   /home/dzialoszynski/.m2/repository/com/fasterxml/jackson/core/jackson-core/2.9.5/jackson-core-2.9.5.jar
853b0000-853b3000 r--s 0000e000 08:06 21236139   /home/dzialoszynski/.m2/repository/com/fasterxml/jackson/core/jackson-annotations/2.9.0/jackson-annotations-2.9.0.jar
853b3000-853b5000 r--s 00003000 08:06 21236336   /home/dzialoszynski/.m2/repository/com/google/code/findbugs/jsr305/3.0.1/jsr305-3.0.1.jar
853b5000-853b9000 r--s 0001f000 08:06 21365842   /home/dzialoszynski/.m2/repository/com/netflix/archaius/archaius-core/0.7.6/archaius-core-0.7.6.jar
853b9000-853ba000 r--s 00003000 08:06 21238299   /home/dzialoszynski/.m2/repository/io/github/openfeign/feign-hystrix/9.5.1/feign-hystrix-9.5.1.jar
853ba000-853bc000 r--s 00009000 08:06 21236125   /home/dzialoszynski/.m2/repository/org/slf4j/slf4j-api/1.7.25/slf4j-api-1.7.25.jar
853bc000-853bd000 r--s 00000000 08:06 21238297   /home/dzialoszynski/.m2/repository/io/github/openfeign/feign-slf4j/9.5.1/feign-slf4j-9.5.1.jar
853bd000-853bf000 r--s 00016000 08:06 21238295   /home/dzialoszynski/.m2/repository/io/github/openfeign/feign-core/9.5.1/feign-core-9.5.1.jar
853bf000-853c1000 r--s 00010000 08:06 21238810   /home/dzialoszynski/.m2/repository/org/springframework/security/spring-security-crypto/5.0.4.RELEASE/spring-security-crypto-5.0.4.RELEASE.jar
853c1000-853d9000 r--s 00114000 08:06 21238806   /home/dzialoszynski/.m2/repository/org/springframework/spring-core/5.0.5.RELEASE/spring-core-5.0.5.RELEASE.jar
853d9000-853e6000 r--s 00095000 08:06 21238804   /home/dzialoszynski/.m2/repository/org/springframework/spring-beans/5.0.5.RELEASE/spring-beans-5.0.5.RELEASE.jar
853e6000-85400000 r--s 00119000 08:06 21238802   /home/dzialoszynski/.m2/repository/org/springframework/spring-web/5.0.5.RELEASE/spring-web-5.0.5.RELEASE.jar
85400000-854fc000 rw-p 00000000 00:00 0 
854fc000-85500000 ---p 00000000 00:00 0 
85500000-85505000 r--s 0001b000 08:06 21236953   /home/dzialoszynski/.m2/repository/org/springframework/cloud/spring-cloud-commons/2.0.1.RELEASE/spring-cloud-commons-2.0.1.RELEASE.jar
85505000-85507000 r--s 00004000 08:06 21238808   /home/dzialoszynski/.m2/repository/org/springframework/spring-jcl/5.0.5.RELEASE/spring-jcl-5.0.5.RELEASE.jar
85507000-85520000 r--s 001bf000 08:06 22414125   /home/dzialoszynski/.m2/repository/org/aspectj/aspectjweaver/1.8.13/aspectjweaver-1.8.13.jar
85520000-85529000 r--s 00051000 08:06 21238800   /home/dzialoszynski/.m2/repository/org/springframework/spring-aop/5.0.5.RELEASE/spring-aop-5.0.5.RELEASE.jar
85529000-85549000 r--s 000fa000 08:06 21238798   /home/dzialoszynski/.m2/repository/org/springframework/boot/spring-boot-autoconfigure/2.0.1.RELEASE/spring-boot-autoconfigure-2.0.1.RELEASE.jar
85549000-8554d000 r--s 00016000 08:06 21238291   /home/dzialoszynski/.m2/repository/org/springframework/cloud/spring-cloud-openfeign-core/2.0.1.RELEASE/spring-cloud-openfeign-core-2.0.1.RELEASE.jar
8554d000-85598000 r--s 002ff000 08:06 21236959   /home/dzialoszynski/.m2/repository/org/bouncycastle/bcprov-jdk15on/1.56/bcprov-jdk15on-1.56.jar
85598000-855a9000 r--s 00097000 08:06 21236957   /home/dzialoszynski/.m2/repository/org/bouncycastle/bcpkix-jdk15on/1.56/bcpkix-jdk15on-1.56.jar
855a9000-855ad000 r--s 00016000 08:06 21236949   /home/dzialoszynski/.m2/repository/org/springframework/cloud/spring-cloud-context/2.0.1.RELEASE/spring-cloud-context-2.0.1.RELEASE.jar
855ad000-855b4000 r--s 00042000 08:06 21236135   /home/dzialoszynski/.m2/repository/org/yaml/snakeyaml/1.19/snakeyaml-1.19.jar
855b4000-855b6000 r--s 00005000 08:06 21365658   /home/dzialoszynski/.m2/repository/javax/annotation/javax.annotation-api/1.3.2/javax.annotation-api-1.3.2.jar
855b6000-855c1000 r--s 00069000 08:06 21236123   /home/dzialoszynski/.m2/repository/ch/qos/logback/logback-core/1.2.3/logback-core-1.2.3.jar
855c1000-855db000 r--s 000f1000 08:06 21238792   /home/dzialoszynski/.m2/repository/org/springframework/spring-context/5.0.5.RELEASE/spring-context-5.0.5.RELEASE.jar
855db000-855dc000 ---p 00000000 00:00 0 
855dc000-8565c000 rw-p 00000000 00:00 0 
8565c000-8565f000 ---p 00000000 00:00 0 
8565f000-856ad000 rw-p 00000000 00:00 0 
856ad000-856b0000 ---p 00000000 00:00 0 
856b0000-8572e000 rw-p 00000000 00:00 0 
8572e000-85731000 ---p 00000000 00:00 0 
85731000-857af000 rw-p 00000000 00:00 0 
857af000-857b2000 ---p 00000000 00:00 0 
857b2000-85800000 rw-p 00000000 00:00 0 
85800000-85a00000 r--p 00000000 08:01 1059256    /usr/share/locale/locale-archive
85a00000-85a03000 ---p 00000000 00:00 0 
85a03000-85a51000 rw-p 00000000 00:00 0 
85a51000-85a54000 ---p 00000000 00:00 0 
85a54000-85aa2000 rw-p 00000000 00:00 0 
85aa2000-85aa3000 ---p 00000000 00:00 0 
85aa3000-85b23000 rw-p 00000000 00:00 0 
85b23000-85cfc000 r--s 03d1f000 08:06 20842497   /home/dzialoszynski/progs/eclipse-oxygen/jre1.8.0_91/lib/rt.jar
85cfc000-86142000 rw-p 00000000 00:00 0 
86142000-86148000 ---p 00000000 00:00 0 
86148000-87300000 rw-p 00000000 00:00 0 
87300000-87400000 rw-p 00000000 00:00 0 
87400000-874ff000 rw-p 00000000 00:00 0 
874ff000-87500000 ---p 00000000 00:00 0 
87500000-87524000 rw-p 00000000 00:00 0 
87524000-87600000 ---p 00000000 00:00 0 
87600000-87601000 r--s 00000000 08:06 22414315   /home/dzialoszynski/.m2/repository/org/springframework/boot/spring-boot-starter-aop/2.0.1.RELEASE/spring-boot-starter-aop-2.0.1.RELEASE.jar
87601000-87607000 r--s 00039000 08:06 21236129   /home/dzialoszynski/.m2/repository/org/apache/logging/log4j/log4j-api/2.10.0/log4j-api-2.10.0.jar
87607000-87656000 rw-p 00000000 00:00 0 
87656000-87657000 ---p 00000000 00:00 0 
87657000-876d7000 rw-p 00000000 00:00 0 
876d7000-876d8000 ---p 00000000 00:00 0 
876d8000-87763000 rw-p 00000000 00:00 0 
87763000-87800000 ---p 00000000 00:00 0 
87800000-88d80000 rw-p 00000000 00:00 0 
88d80000-9c800000 ---p 00000000 00:00 0 
9c800000-a5880000 rw-p 00000000 00:00 0 
a5880000-a7000000 ---p 00000000 00:00 0 
a7000000-a7001000 r--s 00004000 08:06 21236955   /home/dzialoszynski/.m2/repository/org/springframework/security/spring-security-rsa/1.0.5.RELEASE/spring-security-rsa-1.0.5.RELEASE.jar
a7001000-a7003000 r--s 00000000 08:06 21236131   /home/dzialoszynski/.m2/repository/org/slf4j/jul-to-slf4j/1.7.25/jul-to-slf4j-1.7.25.jar
a7003000-a7005000 r--s 00003000 08:06 21236127   /home/dzialoszynski/.m2/repository/org/apache/logging/log4j/log4j-to-slf4j/2.10.0/log4j-to-slf4j-2.10.0.jar
a7005000-a700b000 r--s 00041000 08:06 21236121   /home/dzialoszynski/.m2/repository/ch/qos/logback/logback-classic/1.2.3/logback-classic-1.2.3.jar
a700b000-a7010000 r--s 0003f000 08:06 21238794   /home/dzialoszynski/.m2/repository/org/springframework/spring-expression/5.0.5.RELEASE/spring-expression-5.0.5.RELEASE.jar
a7010000-a7025000 r--s 000ce000 08:06 21238790   /home/dzialoszynski/.m2/repository/org/springframework/boot/spring-boot/2.0.1.RELEASE/spring-boot-2.0.1.RELEASE.jar
a7025000-a702a000 r--s 00084000 08:06 20842496   /home/dzialoszynski/progs/eclipse-oxygen/jre1.8.0_91/lib/jfr.jar
a702a000-a7030000 r--s 002f8000 08:06 20842507   /home/dzialoszynski/progs/eclipse-oxygen/jre1.8.0_91/lib/charsets.jar
a7030000-a7043000 r--s 00344000 08:06 20842558   /home/dzialoszynski/progs/eclipse-oxygen/jre1.8.0_91/lib/resources.jar
a7043000-a704e000 rw-p 00000000 00:00 0 
a704e000-a70eb000 ---p 00000000 00:00 0 
a70eb000-a7134000 rw-p 00000000 00:00 0 
a7134000-a713f000 ---p 00000000 00:00 0 
a713f000-a715d000 rw-p 00000000 00:00 0 
a715d000-a7500000 ---p 00000000 00:00 0 
a7500000-a7c20000 rwxp 00000000 00:00 0 
a7c20000-b6500000 ---p 00000000 00:00 0 
b6500000-b65fc000 rw-p 00000000 00:00 0 
b65fc000-b6600000 ---p 00000000 00:00 0 
b6600000-b6601000 r--s 00000000 08:06 21238796   /home/dzialoszynski/.m2/repository/org/springframework/boot/spring-boot-starter-logging/2.0.1.RELEASE/spring-boot-starter-logging-2.0.1.RELEASE.jar
b6601000-b6602000 r--s 00000000 08:06 21238788   /home/dzialoszynski/.m2/repository/org/springframework/boot/spring-boot-starter/2.0.1.RELEASE/spring-boot-starter-2.0.1.RELEASE.jar
b6602000-b6603000 r--s 00000000 08:06 21236947   /home/dzialoszynski/.m2/repository/org/springframework/cloud/spring-cloud-starter/2.0.1.RELEASE/spring-cloud-starter-2.0.1.RELEASE.jar
b6603000-b6604000 r--s 00000000 08:06 21238289   /home/dzialoszynski/.m2/repository/org/springframework/cloud/spring-cloud-starter-openfeign/2.0.1.RELEASE/spring-cloud-starter-openfeign-2.0.1.RELEASE.jar
b6604000-b6607000 r--s 0001a000 08:06 20842543   /home/dzialoszynski/progs/eclipse-oxygen/jre1.8.0_91/lib/jce.jar
b6607000-b660b000 r--s 00097000 08:06 20842559   /home/dzialoszynski/progs/eclipse-oxygen/jre1.8.0_91/lib/jsse.jar
b660b000-b660c000 r--p 0031d000 08:01 1059256    /usr/share/locale/locale-archive
b660c000-b6667000 rw-p 00000000 00:00 0 
b6667000-b6680000 r-xp 00000000 08:06 4457450    /home/dzialoszynski/progs/eclipse-oxygen/jre1.8.0_91/lib/i386/libzip.so
b6680000-b6681000 rw-p 00019000 08:06 4457450    /home/dzialoszynski/progs/eclipse-oxygen/jre1.8.0_91/lib/i386/libzip.so
b6681000-b66b6000 r--s 00000000 08:01 2622005    /var/db/nscd/passwd
b66b6000-b66da000 r-xp 00000000 08:06 4457463    /home/dzialoszynski/progs/eclipse-oxygen/jre1.8.0_91/lib/i386/libjava.so
b66da000-b66db000 rw-p 00023000 08:06 4457463    /home/dzialoszynski/progs/eclipse-oxygen/jre1.8.0_91/lib/i386/libjava.so
b66db000-b66e2000 r-xp 00000000 08:01 1070210    /usr/lib/i686/librt-2.20.so
b66e2000-b66e3000 r--p 00006000 08:01 1070210    /usr/lib/i686/librt-2.20.so
b66e3000-b66e4000 rw-p 00007000 08:01 1070210    /usr/lib/i686/librt-2.20.so
b66e4000-b66e7000 ---p 00000000 00:00 0 
b66e7000-b6735000 rw-p 00000000 00:00 0 
b6735000-b6780000 r-xp 00000000 08:01 1070204    /usr/lib/i686/libm-2.20.so
b6780000-b6781000 r--p 0004a000 08:01 1070204    /usr/lib/i686/libm-2.20.so
b6781000-b6782000 rw-p 0004b000 08:01 1070204    /usr/lib/i686/libm-2.20.so
b6782000-b7105000 r-xp 00000000 08:06 4457440    /home/dzialoszynski/progs/eclipse-oxygen/jre1.8.0_91/lib/i386/server/libjvm.so
b7105000-b7172000 rw-p 00983000 08:06 4457440    /home/dzialoszynski/progs/eclipse-oxygen/jre1.8.0_91/lib/i386/server/libjvm.so
b7172000-b759b000 rw-p 00000000 00:00 0 
b759b000-b775e000 r-xp 00000000 08:01 1054650    /usr/lib/i686/libc-2.20.so
b775e000-b7761000 r--p 001c2000 08:01 1054650    /usr/lib/i686/libc-2.20.so
b7761000-b7763000 rw-p 001c5000 08:01 1054650    /usr/lib/i686/libc-2.20.so
b7763000-b7765000 rw-p 00000000 00:00 0 
b7765000-b7768000 r-xp 00000000 08:01 1070821    /usr/lib/libdl-2.20.so
b7768000-b7769000 r--p 00002000 08:01 1070821    /usr/lib/libdl-2.20.so
b7769000-b776a000 rw-p 00003000 08:01 1070821    /usr/lib/libdl-2.20.so
b776a000-b776b000 rw-p 00000000 00:00 0 
b776b000-b777f000 r-xp 00000000 08:06 7340422    /home/dzialoszynski/progs/eclipse-oxygen/jre1.8.0_91/lib/i386/jli/libjli.so
b777f000-b7780000 rw-p 00014000 08:06 7340422    /home/dzialoszynski/progs/eclipse-oxygen/jre1.8.0_91/lib/i386/jli/libjli.so
b7780000-b7797000 r-xp 00000000 08:01 1070208    /usr/lib/i686/libpthread-2.20.so
b7797000-b7798000 r--p 00017000 08:01 1070208    /usr/lib/i686/libpthread-2.20.so
b7798000-b7799000 rw-p 00018000 08:01 1070208    /usr/lib/i686/libpthread-2.20.so
b7799000-b77a7000 rw-p 00000000 00:00 0 
b77a7000-b77af000 rw-s 00000000 00:20 342324     /tmp/hsperfdata_dzialoszynski/8286
b77af000-b77b0000 rw-p 00000000 00:00 0 
b77b0000-b77b1000 ---p 00000000 00:00 0 
b77b1000-b77bc000 r-xp 00000000 08:06 4457482    /home/dzialoszynski/progs/eclipse-oxygen/jre1.8.0_91/lib/i386/libverify.so
b77bc000-b77bd000 rw-p 0000b000 08:06 4457482    /home/dzialoszynski/progs/eclipse-oxygen/jre1.8.0_91/lib/i386/libverify.so
b77bd000-b77c0000 r--p 00000000 00:00 0          [vvar]
b77c0000-b77c1000 r-xp 00000000 00:00 0          [vdso]
b77c1000-b77e1000 r-xp 00000000 08:01 1058285    /usr/lib/ld-2.20.so
b77e1000-b77e2000 rw-p 00000000 00:00 0 
b77e2000-b77e3000 r--p 00020000 08:01 1058285    /usr/lib/ld-2.20.so
b77e3000-b77e4000 rw-p 00021000 08:01 1058285    /usr/lib/ld-2.20.so
bf922000-bf946000 rw-p 00000000 00:00 0          [stack]

VM Arguments:
jvm_args: -Dfile.encoding=UTF-8 
java_command: org.feign.client.App
java_class_path (initial): /home/dzialoszynski/progs/eclipse-oxygen/jre1.8.0_91/lib/resources.jar:/home/dzialoszynski/progs/eclipse-oxygen/jre1.8.0_91/lib/rt.jar:/home/dzialoszynski/progs/eclipse-oxygen/jre1.8.0_91/lib/jsse.jar:/home/dzialoszynski/progs/eclipse-oxygen/jre1.8.0_91/lib/jce.jar:/home/dzialoszynski/progs/eclipse-oxygen/jre1.8.0_91/lib/charsets.jar:/home/dzialoszynski/progs/eclipse-oxygen/jre1.8.0_91/lib/jfr.jar:/home/dzialoszynski/progs/eclipse-oxygen/jre1.8.0_91/lib/ext/sunjce_provider.jar:/home/dzialoszynski/progs/eclipse-oxygen/jre1.8.0_91/lib/ext/nashorn.jar:/home/dzialoszynski/progs/eclipse-oxygen/jre1.8.0_91/lib/ext/sunpkcs11.jar:/home/dzialoszynski/progs/eclipse-oxygen/jre1.8.0_91/lib/ext/dnsns.jar:/home/dzialoszynski/progs/eclipse-oxygen/jre1.8.0_91/lib/ext/localedata.jar:/home/dzialoszynski/progs/eclipse-oxygen/jre1.8.0_91/lib/ext/jaccess.jar:/home/dzialoszynski/progs/eclipse-oxygen/jre1.8.0_91/lib/ext/zipfs.jar:/home/dzialoszynski/progs/eclipse-oxygen/jre1.8.0_91/lib/ext/jfxrt.jar:/home/dzialoszynski/progs/eclipse-oxygen/jre1.8.0_91/lib/ext/sunec.jar:/home/dzialoszynski/progs/eclipse-oxygen/jre1.8.0_91/lib/ext/cldrdata.jar:/home/dzialoszynski/workspace/oxygen/gs-service-registration-and-discovery/complete/feign-client/target/classes:/home/dzialoszynski/.m2/repository/org/springframework/cloud/spring-cloud-starter-openfeign/2.0.1.RELEASE/spring-cloud-starter-openfeign-2.0.1.RELEASE.jar:/home/dzialoszynski/.m2/repository/org/springframework/cloud/spring-cloud-starter/2.0.1.RELEASE/spring-cloud-starter-2.0.1.RELEASE.jar:/home/dzialoszynski/.m2/repository/org/springframework/boot/spring-boot-starter/2.0.1.RELEASE/spring-boot-starter-2.0.1.RELEASE.jar:/home/dzialoszynski/.m2/repository/org/springframework/boot/spring-boot/2.0.1.RELEASE/spring-boot-2.0.1.RELEASE.jar:/home/dzialoszynski/.m2/repository/org/springframework/spring-context/5.0.5.RELEASE/spring-context-5.0.5.RELEASE.jar:/home/dzialoszynski/.m2/repository/org/springframework/spring-expre
Launcher Type: SUN_STANDARD

Environment Variables:
PATH=/usr/local/bin:/usr/bin:/usr/local/games:/usr/games:/home/dzialoszynski/progs/eclipse-oxygen/jdk1.8.0_91/bin:/usr/lib/qt4/bin:/usr/lib/qt5/bin:/home/dzialoszynski/bin
LD_LIBRARY_PATH=/home/dzialoszynski/progs/eclipse-oxygen/jre1.8.0_91/lib/i386/server:/home/dzialoszynski/progs/eclipse-oxygen/jre1.8.0_91/lib/i386:/home/dzialoszynski/progs/eclipse-oxygen/jre1.8.0_91/../lib/i386:/home/dzialoszynski/progs/eclipse-oxygen/jdk1.8.0_91/jre/lib/i386/client:/home/dzialoszynski/progs/eclipse-oxygen/jdk1.8.0_91/jre/lib/i386:
SHELL=/bin/bash
DISPLAY=:0.0

Signal Handlers:
SIGSEGV: [libjvm.so+0x8d0a60], sa_mask[0]=11111111011111111101111111111110, sa_flags=SA_RESTART|SA_SIGINFO
SIGBUS: [libjvm.so+0x8d0a60], sa_mask[0]=11111111011111111101111111111110, sa_flags=SA_RESTART|SA_SIGINFO
SIGFPE: [libjvm.so+0x7503b0], sa_mask[0]=11111111011111111101111111111110, sa_flags=SA_RESTART|SA_SIGINFO
SIGPIPE: [libjvm.so+0x7503b0], sa_mask[0]=11111111011111111101111111111110, sa_flags=SA_RESTART|SA_SIGINFO
SIGXFSZ: [libjvm.so+0x7503b0], sa_mask[0]=11111111011111111101111111111110, sa_flags=SA_RESTART|SA_SIGINFO
SIGILL: [libjvm.so+0x7503b0], sa_mask[0]=11111111011111111101111111111110, sa_flags=SA_RESTART|SA_SIGINFO
SIGUSR1: SIG_DFL, sa_mask[0]=00000000000000000000000000000000, sa_flags=none
SIGUSR2: [libjvm.so+0x751a30], sa_mask[0]=00100000000000000000000000000000, sa_flags=SA_RESTART|SA_SIGINFO
SIGHUP: [libjvm.so+0x752ee0], sa_mask[0]=11111111011111111101111111111110, sa_flags=SA_RESTART|SA_SIGINFO
SIGINT: [libjvm.so+0x752ee0], sa_mask[0]=11111111011111111101111111111110, sa_flags=SA_RESTART|SA_SIGINFO
SIGTERM: [libjvm.so+0x752ee0], sa_mask[0]=11111111011111111101111111111110, sa_flags=SA_RESTART|SA_SIGINFO
SIGQUIT: [libjvm.so+0x752ee0], sa_mask[0]=11111111011111111101111111111110, sa_flags=SA_RESTART|SA_SIGINFO


---------------  S Y S T E M  ---------------

OS:Mageia release 5 (Official) for i586

uname:Linux 4.4.114-desktop-1.mga5 #1 SMP Wed Jan 31 20:41:03 UTC 2018 i686
libc:glibc 2.20 NPTL 2.20 
rlimit: STACK 8192k, CORE 0k, NPROC 4096, NOFILE 4096, AS infinity
load average:1,19 0,56 0,33

/proc/meminfo:
MemTotal:        2058888 kB
MemFree:          134692 kB
MemAvailable:     161160 kB
Buffers:            3452 kB
Cached:           275644 kB
SwapCached:        46904 kB
Active:          1223744 kB
Inactive:         628200 kB
Active(anon):    1149312 kB
Inactive(anon):   554256 kB
Active(file):      74432 kB
Inactive(file):    73944 kB
Unevictable:          48 kB
Mlocked:              48 kB
HighTotal:       1248084 kB
HighFree:          23708 kB
LowTotal:         810804 kB
LowFree:          110984 kB
SwapTotal:       4191344 kB
SwapFree:        3610440 kB
Dirty:               116 kB
Writeback:             0 kB
AnonPages:       1563376 kB
Mapped:           190320 kB
Shmem:            130772 kB
Slab:              36900 kB
SReclaimable:      19316 kB
SUnreclaim:        17584 kB
KernelStack:        5048 kB
PageTables:         7800 kB
NFS_Unstable:          0 kB
Bounce:                0 kB
WritebackTmp:          0 kB
CommitLimit:     5220788 kB
Committed_AS:    4692112 kB
VmallocTotal:     188416 kB
VmallocUsed:           0 kB
VmallocChunk:          0 kB
HardwareCorrupted:     0 kB
AnonHugePages:         0 kB
CmaTotal:              0 kB
CmaFree:               0 kB
HugePages_Total:       0
HugePages_Free:        0
HugePages_Rsvd:        0
HugePages_Surp:        0
Hugepagesize:       4096 kB
DirectMap4k:       57336 kB
DirectMap4M:      782336 kB


CPU:total 2 (2 cores per cpu, 1 threads per core) family 6 model 14 stepping 8, cmov, cx8, fxsr, mmx, sse, sse2, sse3, tsc

/proc/cpuinfo:
processor	: 0
vendor_id	: GenuineIntel
cpu family	: 6
model		: 14
model name	: Genuine Intel(R) CPU           T2300  @ 1.66GHz
stepping	: 8
microcode	: 0x39
cpu MHz		: 1667.000
cache size	: 2048 KB
physical id	: 0
siblings	: 2
core id		: 0
cpu cores	: 2
apicid		: 0
initial apicid	: 0
fdiv_bug	: no
f00f_bug	: no
coma_bug	: no
fpu		: yes
fpu_exception	: yes
cpuid level	: 10
wp		: yes
flags		: fpu vme de pse tsc msr pae mce cx8 apic sep mtrr pge mca cmov clflush dts acpi mmx fxsr sse sse2 ss ht tm pbe nx constant_tsc arch_perfmon bts aperfmperf pni monitor vmx est tm2 xtpr pdcm dtherm rsb_ctxsw retpoline
bugs		: cpu_meltdown spectre_v1 spectre_v2
bogomips	: 3325.15
clflush size	: 64
cache_alignment	: 64
address sizes	: 32 bits physical, 32 bits virtual
power management:

processor	: 1
vendor_id	: GenuineIntel
cpu family	: 6
model		: 14
model name	: Genuine Intel(R) CPU           T2300  @ 1.66GHz
stepping	: 8
microcode	: 0x39
cpu MHz		: 1667.000
cache size	: 2048 KB
physical id	: 0
siblings	: 2
core id		: 1
cpu cores	: 2
apicid		: 1
initial apicid	: 1
fdiv_bug	: no
f00f_bug	: no
coma_bug	: no
fpu		: yes
fpu_exception	: yes
cpuid level	: 10
wp		: yes
flags		: fpu vme de pse tsc msr pae mce cx8 apic sep mtrr pge mca cmov clflush dts acpi mmx fxsr sse sse2 ss ht tm pbe nx constant_tsc arch_perfmon bts aperfmperf pni monitor vmx est tm2 xtpr pdcm dtherm rsb_ctxsw retpoline
bugs		: cpu_meltdown spectre_v1 spectre_v2
bogomips	: 3325.15
clflush size	: 64
cache_alignment	: 64
address sizes	: 32 bits physical, 32 bits virtual
power management:



Memory: 4k page, physical 2058888k(134692k free), swap 4191344k(3610440k free)

vm_info: Java HotSpot(TM) Server VM (25.91-b14) for linux-x86 JRE (1.8.0_91-b14), built on Apr  1 2016 01:01:13 by "java_re" with gcc 4.3.0 20080428 (Red Hat 4.3.0-8)

time: Sun Oct 28 21:35:22 2018
elapsed time: 7 seconds (0d 0h 0m 7s)

